<?xml version="1.0" encoding="utf-8"?>
<CoverageSession xmlns:xsd="http://www.w3.org/2001/XMLSchema" xmlns:xsi="http://www.w3.org/2001/XMLSchema-instance" Version="0.0.0.0">
  <Summary numSequencePoints="1304" visitedSequencePoints="429" numBranchPoints="0" visitedBranchPoints="0" sequenceCoverage="32.90" branchCoverage="0.0" maxCyclomaticComplexity="0" minCyclomaticComplexity="0" maxCrapScore="0" minCrapScore="0" visitedClasses="5" numClasses="22" visitedMethods="22" numMethods="59" />
  <Modules>
    <Module>
      <Summary numSequencePoints="12" visitedSequencePoints="3" numBranchPoints="0" visitedBranchPoints="0" sequenceCoverage="25.00" branchCoverage="0.0" maxCyclomaticComplexity="0" minCyclomaticComplexity="0" maxCrapScore="0" minCrapScore="0" visitedClasses="1" numClasses="1" visitedMethods="1" numMethods="1" />
      <ModuleTime>0001-01-01T00:00:00</ModuleTime>
      <ModuleName>Assembly-CSharp-Editor</ModuleName>
      <Files>
        <File uid="1" fullPath="C:/Workspaces/tool_ui_automation/test/Assets/TutorialInfo/Scripts/Editor/ReadmeEditor.cs" />
      </Files>
      <Classes>
        <Class>
          <Summary numSequencePoints="12" visitedSequencePoints="3" numBranchPoints="0" visitedBranchPoints="0" sequenceCoverage="25.00" branchCoverage="0.0" maxCyclomaticComplexity="0" minCyclomaticComplexity="0" maxCrapScore="0" minCrapScore="0" visitedClasses="1" numClasses="1" visitedMethods="1" numMethods="1" />
          <FullName>ReadmeEditor</FullName>
          <Methods>
            <Method visited="true" cyclomaticComplexity="0" nPathComplexity="0" sequenceCoverage="25.00" branchCoverage="0" crapScore="0" isConstructor="false" isStatic="true" isGetter="false" isSetter="false">
              <Summary numSequencePoints="12" visitedSequencePoints="3" numBranchPoints="0" visitedBranchPoints="0" sequenceCoverage="25.00" branchCoverage="0" maxCyclomaticComplexity="0" minCyclomaticComplexity="0" maxCrapScore="0" minCrapScore="0" visitedClasses="0" numClasses="0" visitedMethods="1" numMethods="1" />
              <MetadataToken>100663299</MetadataToken>
              <Name>static System.Void ReadmeEditor::SelectReadmeAutomatically()</Name>
              <FileRef uid="1" />
              <SequencePoints>
                <SequencePoint vc="1" uspid="22" ordinal="0" offset="0" sl="55" sc="5" el="55" ec="5" bec="0" bev="0" fileid="1" />
                <SequencePoint vc="1" uspid="23" ordinal="0" offset="1" sl="56" sc="9" el="56" ec="9" bec="0" bev="0" fileid="1" />
                <SequencePoint vc="0" uspid="24" ordinal="0" offset="19" sl="57" sc="9" el="57" ec="9" bec="0" bev="0" fileid="1" />
                <SequencePoint vc="0" uspid="25" ordinal="0" offset="20" sl="58" sc="13" el="58" ec="13" bec="0" bev="0" fileid="1" />
                <SequencePoint vc="0" uspid="26" ordinal="0" offset="26" sl="59" sc="13" el="59" ec="13" bec="0" bev="0" fileid="1" />
                <SequencePoint vc="0" uspid="27" ordinal="0" offset="38" sl="61" sc="13" el="61" ec="13" bec="0" bev="0" fileid="1" />
                <SequencePoint vc="0" uspid="28" ordinal="0" offset="62" sl="62" sc="13" el="62" ec="13" bec="0" bev="0" fileid="1" />
                <SequencePoint vc="0" uspid="29" ordinal="0" offset="63" sl="63" sc="17" el="63" ec="17" bec="0" bev="0" fileid="1" />
                <SequencePoint vc="0" uspid="30" ordinal="0" offset="69" sl="64" sc="17" el="64" ec="17" bec="0" bev="0" fileid="1" />
                <SequencePoint vc="0" uspid="31" ordinal="0" offset="76" sl="65" sc="13" el="65" ec="13" bec="0" bev="0" fileid="1" />
                <SequencePoint vc="0" uspid="32" ordinal="0" offset="77" sl="66" sc="9" el="66" ec="9" bec="0" bev="0" fileid="1" />
                <SequencePoint vc="1" uspid="33" ordinal="0" offset="78" sl="67" sc="5" el="67" ec="5" bec="0" bev="0" fileid="1" />
              </SequencePoints>
              <BranchPoints />
            </Method>
          </Methods>
        </Class>
      </Classes>
    </Module>
    <Module>
      <Summary numSequencePoints="7" visitedSequencePoints="3" numBranchPoints="0" visitedBranchPoints="0" sequenceCoverage="42.86" branchCoverage="0.0" maxCyclomaticComplexity="0" minCyclomaticComplexity="0" maxCrapScore="0" minCrapScore="0" visitedClasses="1" numClasses="1" visitedMethods="1" numMethods="1" />
      <ModuleTime>0001-01-01T00:00:00</ModuleTime>
      <ModuleName>ODDGames.UITest.AI</ModuleName>
      <Files>
        <File uid="2" fullPath="C:/Workspaces/tool_ui_automation/package/UITest/AI/Actions/AIAction.cs" />
        <File uid="3" fullPath="C:/Workspaces/tool_ui_automation/package/UITest/AI/Actions/AIActionExecutor.cs" />
        <File uid="4" fullPath="C:/Workspaces/tool_ui_automation/package/UITest/AI/Core/ActionSequence.cs" />
        <File uid="5" fullPath="C:/Workspaces/tool_ui_automation/package/UITest/AI/Core/AITest.cs" />
        <File uid="6" fullPath="C:/Workspaces/tool_ui_automation/package/UITest/AI/Core/AITestGroup.cs" />
        <File uid="7" fullPath="C:/Workspaces/tool_ui_automation/package/UITest/AI/Core/AITestRunner.cs" />
        <File uid="8" fullPath="C:/Workspaces/tool_ui_automation/package/UITest/AI/Debug/AIDebugLogger.cs" />
        <File uid="9" fullPath="C:/Workspaces/tool_ui_automation/package/UITest/AI/Knowledge/GlobalKnowledge.cs" />
        <File uid="10" fullPath="C:/Workspaces/tool_ui_automation/package/UITest/AI/Knowledge/KnowledgeBuilder.cs" />
        <File uid="11" fullPath="C:/Workspaces/tool_ui_automation/package/UITest/AI/Models/ConversationManager.cs" />
        <File uid="12" fullPath="C:/Workspaces/tool_ui_automation/package/UITest/AI/Models/GeminiModels.cs" />
        <File uid="13" fullPath="C:/Workspaces/tool_ui_automation/package/UITest/AI/Models/GeminiProvider.cs" />
        <File uid="14" fullPath="C:/Workspaces/tool_ui_automation/package/UITest/AI/Models/ModelRequest.cs" />
        <File uid="15" fullPath="C:/Workspaces/tool_ui_automation/package/UITest/AI/Models/ToolSchema.cs" />
        <File uid="16" fullPath="C:/Workspaces/tool_ui_automation/package/UITest/AI/Results/AITestResultStore.cs" />
        <File uid="17" fullPath="C:/Workspaces/tool_ui_automation/package/UITest/AI/Results/AITestRun.cs" />
        <File uid="18" fullPath="C:/Workspaces/tool_ui_automation/package/UITest/AI/Results/FailurePatternAnalyzer.cs" />
        <File uid="19" fullPath="C:/Workspaces/tool_ui_automation/package/UITest/AI/Screen/ElementDiscovery.cs" />
        <File uid="20" fullPath="C:/Workspaces/tool_ui_automation/package/UITest/AI/Screen/ElementInfo.cs" />
        <File uid="21" fullPath="C:/Workspaces/tool_ui_automation/package/UITest/AI/Screen/ScreenCapture.cs" />
        <File uid="22" fullPath="C:/Workspaces/tool_ui_automation/package/UITest/AI/Screen/ScreenHash.cs" />
        <File uid="23" fullPath="C:/Workspaces/tool_ui_automation/package/UITest/AI/Search/SearchQuery.cs" />
        <File uid="24" fullPath="C:/Workspaces/tool_ui_automation/package/UITest/AI/Search/SearchQueryParser.cs" />
        <File uid="25" fullPath="C:/Workspaces/tool_ui_automation/package/UITest/AI/Strategy/HistoryReplayer.cs" />
        <File uid="26" fullPath="C:/Workspaces/tool_ui_automation/package/UITest/AI/Strategy/StuckDetector.cs" />
      </Files>
      <Classes>
        <Class>
          <Summary numSequencePoints="7" visitedSequencePoints="3" numBranchPoints="0" visitedBranchPoints="0" sequenceCoverage="42.86" branchCoverage="0.0" maxCyclomaticComplexity="0" minCyclomaticComplexity="0" maxCrapScore="0" minCrapScore="0" visitedClasses="1" numClasses="1" visitedMethods="1" numMethods="1" />
          <FullName>ODDGames.UITest.AI.AITestRunner</FullName>
          <Methods>
            <Method visited="true" cyclomaticComplexity="0" nPathComplexity="0" sequenceCoverage="42.86" branchCoverage="0" crapScore="0" isConstructor="false" isStatic="true" isGetter="false" isSetter="false">
              <Summary numSequencePoints="7" visitedSequencePoints="3" numBranchPoints="0" visitedBranchPoints="0" sequenceCoverage="42.86" branchCoverage="0" maxCyclomaticComplexity="0" minCyclomaticComplexity="0" maxCrapScore="0" minCrapScore="0" visitedClasses="0" numClasses="0" visitedMethods="1" numMethods="1" />
              <MetadataToken>100663660</MetadataToken>
              <Name>static System.Void ODDGames.UITest.AI.AITestRunner::OnPlayModeStateChanged(UnityEditor.PlayModeStateChange)</Name>
              <FileRef uid="7" />
              <SequencePoints>
                <SequencePoint vc="1" uspid="674" ordinal="0" offset="0" sl="35" sc="9" el="35" ec="9" bec="0" bev="0" fileid="7" />
                <SequencePoint vc="1" uspid="675" ordinal="0" offset="1" sl="36" sc="13" el="36" ec="13" bec="0" bev="0" fileid="7" />
                <SequencePoint vc="0" uspid="676" ordinal="0" offset="9" sl="37" sc="13" el="37" ec="13" bec="0" bev="0" fileid="7" />
                <SequencePoint vc="0" uspid="677" ordinal="0" offset="10" sl="38" sc="17" el="38" ec="17" bec="0" bev="0" fileid="7" />
                <SequencePoint vc="0" uspid="678" ordinal="0" offset="21" sl="39" sc="17" el="39" ec="17" bec="0" bev="0" fileid="7" />
                <SequencePoint vc="0" uspid="679" ordinal="0" offset="27" sl="40" sc="13" el="40" ec="13" bec="0" bev="0" fileid="7" />
                <SequencePoint vc="1" uspid="680" ordinal="0" offset="28" sl="41" sc="9" el="41" ec="9" bec="0" bev="0" fileid="7" />
              </SequencePoints>
              <BranchPoints />
            </Method>
          </Methods>
        </Class>
      </Classes>
    </Module>
    <Module>
      <Summary numSequencePoints="341" visitedSequencePoints="0" numBranchPoints="0" visitedBranchPoints="0" sequenceCoverage="0.0" branchCoverage="0.0" maxCyclomaticComplexity="0" minCyclomaticComplexity="0" maxCrapScore="0" minCrapScore="0" visitedClasses="0" numClasses="15" visitedMethods="0" numMethods="35" />
      <ModuleTime>0001-01-01T00:00:00</ModuleTime>
      <ModuleName>ODDGames.UITest</ModuleName>
      <Files>
        <File uid="35" fullPath="C:/Workspaces/tool_ui_automation/package/UITest/AutoExplorer.cs" />
        <File uid="36" fullPath="C:/Workspaces/tool_ui_automation/package/UITest/ElementFinder.cs" />
        <File uid="37" fullPath="C:/Workspaces/tool_ui_automation/package/UITest/InputInjector.cs" />
        <File uid="38" fullPath="C:/Workspaces/tool_ui_automation/package/UITest/Search.cs" />
        <File uid="39" fullPath="C:/Workspaces/tool_ui_automation/package/UITest/UITestAttribute.cs" />
        <File uid="40" fullPath="C:/Workspaces/tool_ui_automation/package/UITest/UITestBehaviour.cs" />
        <File uid="41" fullPath="C:/Workspaces/tool_ui_automation/package/UITest/ActionExecutor.cs" />
      </Files>
      <Classes>
        <Class>
          <Summary numSequencePoints="61" visitedSequencePoints="0" numBranchPoints="0" visitedBranchPoints="0" sequenceCoverage="0.0" branchCoverage="0.0" maxCyclomaticComplexity="0" minCyclomaticComplexity="0" maxCrapScore="0" minCrapScore="0" visitedClasses="0" numClasses="1" visitedMethods="0" numMethods="9" />
          <FullName>ODDGames.UITest.Search</FullName>
          <Methods>
            <Method visited="false" cyclomaticComplexity="0" nPathComplexity="0" sequenceCoverage="0.0" branchCoverage="0" crapScore="0" isConstructor="false" isStatic="false" isGetter="false" isSetter="false">
              <Summary numSequencePoints="6" visitedSequencePoints="0" numBranchPoints="0" visitedBranchPoints="0" sequenceCoverage="0.0" branchCoverage="0" maxCyclomaticComplexity="0" minCyclomaticComplexity="0" maxCrapScore="0" minCrapScore="0" visitedClasses="0" numClasses="0" visitedMethods="0" numMethods="1" />
              <MetadataToken>100663503</MetadataToken>
              <Name>ODDGames.UITest.Search ODDGames.UITest.Search::Type[T]()</Name>
              <FileRef uid="38" />
              <SequencePoints>
                <SequencePoint vc="0" uspid="7321" ordinal="0" offset="6" sl="217" sc="0" el="217" ec="0" bec="0" bev="0" fileid="38" />
                <SequencePoint vc="0" uspid="7322" ordinal="0" offset="7" sl="218" sc="0" el="218" ec="0" bec="0" bev="0" fileid="38" />
                <SequencePoint vc="0" uspid="7323" ordinal="0" offset="19" sl="219" sc="0" el="219" ec="0" bec="0" bev="0" fileid="38" />
                <SequencePoint vc="0" uspid="7324" ordinal="0" offset="26" sl="220" sc="0" el="220" ec="0" bec="0" bev="0" fileid="38" />
                <SequencePoint vc="0" uspid="7325" ordinal="0" offset="50" sl="221" sc="0" el="221" ec="0" bec="0" bev="0" fileid="38" />
                <SequencePoint vc="0" uspid="7326" ordinal="0" offset="54" sl="222" sc="0" el="222" ec="0" bec="0" bev="0" fileid="38" />
              </SequencePoints>
              <BranchPoints />
            </Method>
            <Method visited="false" cyclomaticComplexity="0" nPathComplexity="0" sequenceCoverage="0.0" branchCoverage="0" crapScore="0" isConstructor="false" isStatic="false" isGetter="false" isSetter="false">
              <Summary numSequencePoints="6" visitedSequencePoints="0" numBranchPoints="0" visitedBranchPoints="0" sequenceCoverage="0.0" branchCoverage="0" maxCyclomaticComplexity="0" minCyclomaticComplexity="0" maxCrapScore="0" minCrapScore="0" visitedClasses="0" numClasses="0" visitedMethods="0" numMethods="1" />
              <MetadataToken>100663509</MetadataToken>
              <Name>ODDGames.UITest.Search ODDGames.UITest.Search::With[T](System.Func[T,Boolean])</Name>
              <FileRef uid="38" />
              <SequencePoints>
                <SequencePoint vc="0" uspid="7357" ordinal="0" offset="13" sl="368" sc="0" el="368" ec="0" bec="0" bev="0" fileid="38" />
                <SequencePoint vc="0" uspid="7358" ordinal="0" offset="14" sl="369" sc="0" el="369" ec="0" bec="0" bev="0" fileid="38" />
                <SequencePoint vc="0" uspid="7359" ordinal="0" offset="26" sl="370" sc="0" el="370" ec="0" bec="0" bev="0" fileid="38" />
                <SequencePoint vc="0" uspid="7360" ordinal="0" offset="33" sl="371" sc="0" el="371" ec="0" bec="0" bev="0" fileid="38" />
                <SequencePoint vc="0" uspid="7361" ordinal="0" offset="57" sl="378" sc="0" el="378" ec="0" bec="0" bev="0" fileid="38" />
                <SequencePoint vc="0" uspid="7362" ordinal="0" offset="61" sl="379" sc="0" el="379" ec="0" bec="0" bev="0" fileid="38" />
              </SequencePoints>
              <BranchPoints />
            </Method>
            <Method visited="false" cyclomaticComplexity="0" nPathComplexity="0" sequenceCoverage="0.0" branchCoverage="0" crapScore="0" isConstructor="false" isStatic="false" isGetter="false" isSetter="false">
              <Summary numSequencePoints="6" visitedSequencePoints="0" numBranchPoints="0" visitedBranchPoints="0" sequenceCoverage="0.0" branchCoverage="0" maxCyclomaticComplexity="0" minCyclomaticComplexity="0" maxCrapScore="0" minCrapScore="0" visitedClasses="0" numClasses="0" visitedMethods="0" numMethods="1" />
              <MetadataToken>100663521</MetadataToken>
              <Name>ODDGames.UITest.Search ODDGames.UITest.Search::GetParent[T]()</Name>
              <FileRef uid="38" />
              <SequencePoints>
                <SequencePoint vc="0" uspid="7414" ordinal="0" offset="6" sl="664" sc="0" el="664" ec="0" bec="0" bev="0" fileid="38" />
                <SequencePoint vc="0" uspid="7415" ordinal="0" offset="7" sl="665" sc="0" el="665" ec="0" bec="0" bev="0" fileid="38" />
                <SequencePoint vc="0" uspid="7416" ordinal="0" offset="19" sl="666" sc="0" el="666" ec="0" bec="0" bev="0" fileid="38" />
                <SequencePoint vc="0" uspid="7417" ordinal="0" offset="26" sl="667" sc="0" el="667" ec="0" bec="0" bev="0" fileid="38" />
                <SequencePoint vc="0" uspid="7418" ordinal="0" offset="50" sl="675" sc="0" el="675" ec="0" bec="0" bev="0" fileid="38" />
                <SequencePoint vc="0" uspid="7419" ordinal="0" offset="54" sl="676" sc="0" el="676" ec="0" bec="0" bev="0" fileid="38" />
              </SequencePoints>
              <BranchPoints />
            </Method>
            <Method visited="false" cyclomaticComplexity="0" nPathComplexity="0" sequenceCoverage="0.0" branchCoverage="0" crapScore="0" isConstructor="false" isStatic="false" isGetter="false" isSetter="false">
              <Summary numSequencePoints="6" visitedSequencePoints="0" numBranchPoints="0" visitedBranchPoints="0" sequenceCoverage="0.0" branchCoverage="0" maxCyclomaticComplexity="0" minCyclomaticComplexity="0" maxCrapScore="0" minCrapScore="0" visitedClasses="0" numClasses="0" visitedMethods="0" numMethods="1" />
              <MetadataToken>100663522</MetadataToken>
              <Name>ODDGames.UITest.Search ODDGames.UITest.Search::GetParent[T](System.Func[T,Boolean])</Name>
              <FileRef uid="38" />
              <SequencePoints>
                <SequencePoint vc="0" uspid="7420" ordinal="0" offset="13" sl="695" sc="0" el="695" ec="0" bec="0" bev="0" fileid="38" />
                <SequencePoint vc="0" uspid="7421" ordinal="0" offset="14" sl="696" sc="0" el="696" ec="0" bec="0" bev="0" fileid="38" />
                <SequencePoint vc="0" uspid="7422" ordinal="0" offset="26" sl="697" sc="0" el="697" ec="0" bec="0" bev="0" fileid="38" />
                <SequencePoint vc="0" uspid="7423" ordinal="0" offset="33" sl="698" sc="0" el="698" ec="0" bec="0" bev="0" fileid="38" />
                <SequencePoint vc="0" uspid="7424" ordinal="0" offset="57" sl="710" sc="0" el="710" ec="0" bec="0" bev="0" fileid="38" />
                <SequencePoint vc="0" uspid="7425" ordinal="0" offset="61" sl="711" sc="0" el="711" ec="0" bec="0" bev="0" fileid="38" />
              </SequencePoints>
              <BranchPoints />
            </Method>
            <Method visited="false" cyclomaticComplexity="0" nPathComplexity="0" sequenceCoverage="0.0" branchCoverage="0" crapScore="0" isConstructor="false" isStatic="false" isGetter="false" isSetter="false">
              <Summary numSequencePoints="6" visitedSequencePoints="0" numBranchPoints="0" visitedBranchPoints="0" sequenceCoverage="0.0" branchCoverage="0" maxCyclomaticComplexity="0" minCyclomaticComplexity="0" maxCrapScore="0" minCrapScore="0" visitedClasses="0" numClasses="0" visitedMethods="0" numMethods="1" />
              <MetadataToken>100663523</MetadataToken>
              <Name>ODDGames.UITest.Search ODDGames.UITest.Search::GetChild[T]()</Name>
              <FileRef uid="38" />
              <SequencePoints>
                <SequencePoint vc="0" uspid="7426" ordinal="0" offset="6" sl="729" sc="0" el="729" ec="0" bec="0" bev="0" fileid="38" />
                <SequencePoint vc="0" uspid="7427" ordinal="0" offset="7" sl="730" sc="0" el="730" ec="0" bec="0" bev="0" fileid="38" />
                <SequencePoint vc="0" uspid="7428" ordinal="0" offset="19" sl="731" sc="0" el="731" ec="0" bec="0" bev="0" fileid="38" />
                <SequencePoint vc="0" uspid="7429" ordinal="0" offset="26" sl="732" sc="0" el="732" ec="0" bec="0" bev="0" fileid="38" />
                <SequencePoint vc="0" uspid="7430" ordinal="0" offset="50" sl="747" sc="0" el="747" ec="0" bec="0" bev="0" fileid="38" />
                <SequencePoint vc="0" uspid="7431" ordinal="0" offset="54" sl="748" sc="0" el="748" ec="0" bec="0" bev="0" fileid="38" />
              </SequencePoints>
              <BranchPoints />
            </Method>
            <Method visited="false" cyclomaticComplexity="0" nPathComplexity="0" sequenceCoverage="0.0" branchCoverage="0" crapScore="0" isConstructor="false" isStatic="false" isGetter="false" isSetter="false">
              <Summary numSequencePoints="6" visitedSequencePoints="0" numBranchPoints="0" visitedBranchPoints="0" sequenceCoverage="0.0" branchCoverage="0" maxCyclomaticComplexity="0" minCyclomaticComplexity="0" maxCrapScore="0" minCrapScore="0" visitedClasses="0" numClasses="0" visitedMethods="0" numMethods="1" />
              <MetadataToken>100663524</MetadataToken>
              <Name>ODDGames.UITest.Search ODDGames.UITest.Search::GetChild[T](System.Func[T,Boolean])</Name>
              <FileRef uid="38" />
              <SequencePoints>
                <SequencePoint vc="0" uspid="7432" ordinal="0" offset="13" sl="767" sc="0" el="767" ec="0" bec="0" bev="0" fileid="38" />
                <SequencePoint vc="0" uspid="7433" ordinal="0" offset="14" sl="768" sc="0" el="768" ec="0" bec="0" bev="0" fileid="38" />
                <SequencePoint vc="0" uspid="7434" ordinal="0" offset="26" sl="769" sc="0" el="769" ec="0" bec="0" bev="0" fileid="38" />
                <SequencePoint vc="0" uspid="7435" ordinal="0" offset="33" sl="770" sc="0" el="770" ec="0" bec="0" bev="0" fileid="38" />
                <SequencePoint vc="0" uspid="7436" ordinal="0" offset="57" sl="775" sc="0" el="775" ec="0" bec="0" bev="0" fileid="38" />
                <SequencePoint vc="0" uspid="7437" ordinal="0" offset="61" sl="776" sc="0" el="776" ec="0" bec="0" bev="0" fileid="38" />
              </SequencePoints>
              <BranchPoints />
            </Method>
            <Method visited="false" cyclomaticComplexity="0" nPathComplexity="0" sequenceCoverage="0.0" branchCoverage="0" crapScore="0" isConstructor="false" isStatic="false" isGetter="false" isSetter="false">
              <Summary numSequencePoints="4" visitedSequencePoints="0" numBranchPoints="0" visitedBranchPoints="0" sequenceCoverage="0.0" branchCoverage="0" maxCyclomaticComplexity="0" minCyclomaticComplexity="0" maxCrapScore="0" minCrapScore="0" visitedClasses="0" numClasses="0" visitedMethods="0" numMethods="1" />
              <MetadataToken>100663533</MetadataToken>
              <Name>ODDGames.UITest.Search ODDGames.UITest.Search::OrderBy[T](System.Func[T,Single])</Name>
              <FileRef uid="38" />
              <SequencePoints>
                <SequencePoint vc="0" uspid="7473" ordinal="0" offset="13" sl="975" sc="0" el="975" ec="0" bec="0" bev="0" fileid="38" />
                <SequencePoint vc="0" uspid="7474" ordinal="0" offset="14" sl="976" sc="0" el="976" ec="0" bec="0" bev="0" fileid="38" />
                <SequencePoint vc="0" uspid="7475" ordinal="0" offset="32" sl="981" sc="0" el="981" ec="0" bec="0" bev="0" fileid="38" />
                <SequencePoint vc="0" uspid="7476" ordinal="0" offset="36" sl="982" sc="0" el="982" ec="0" bec="0" bev="0" fileid="38" />
              </SequencePoints>
              <BranchPoints />
            </Method>
            <Method visited="false" cyclomaticComplexity="0" nPathComplexity="0" sequenceCoverage="0.0" branchCoverage="0" crapScore="0" isConstructor="false" isStatic="false" isGetter="false" isSetter="false">
              <Summary numSequencePoints="4" visitedSequencePoints="0" numBranchPoints="0" visitedBranchPoints="0" sequenceCoverage="0.0" branchCoverage="0" maxCyclomaticComplexity="0" minCyclomaticComplexity="0" maxCrapScore="0" minCrapScore="0" visitedClasses="0" numClasses="0" visitedMethods="0" numMethods="1" />
              <MetadataToken>100663534</MetadataToken>
              <Name>ODDGames.UITest.Search ODDGames.UITest.Search::OrderByDescending[T](System.Func[T,Single])</Name>
              <FileRef uid="38" />
              <SequencePoints>
                <SequencePoint vc="0" uspid="7477" ordinal="0" offset="13" sl="1001" sc="0" el="1001" ec="0" bec="0" bev="0" fileid="38" />
                <SequencePoint vc="0" uspid="7478" ordinal="0" offset="14" sl="1002" sc="0" el="1002" ec="0" bec="0" bev="0" fileid="38" />
                <SequencePoint vc="0" uspid="7479" ordinal="0" offset="32" sl="1007" sc="0" el="1007" ec="0" bec="0" bev="0" fileid="38" />
                <SequencePoint vc="0" uspid="7480" ordinal="0" offset="36" sl="1008" sc="0" el="1008" ec="0" bec="0" bev="0" fileid="38" />
              </SequencePoints>
              <BranchPoints />
            </Method>
            <Method visited="false" cyclomaticComplexity="0" nPathComplexity="0" sequenceCoverage="0.0" branchCoverage="0" crapScore="0" isConstructor="false" isStatic="true" isGetter="false" isSetter="false">
              <Summary numSequencePoints="17" visitedSequencePoints="0" numBranchPoints="0" visitedBranchPoints="0" sequenceCoverage="0.0" branchCoverage="0" maxCyclomaticComplexity="0" minCyclomaticComplexity="0" maxCrapScore="0" minCrapScore="0" visitedClasses="0" numClasses="0" visitedMethods="0" numMethods="1" />
              <MetadataToken>100663557</MetadataToken>
              <Name>static System.Boolean ODDGames.UITest.Search::FindMatchingChildComponent[T](UnityEngine.Transform, System.Func[T,Boolean], System.Boolean)</Name>
              <FileRef uid="38" />
              <SequencePoints>
                <SequencePoint vc="0" uspid="7703" ordinal="0" offset="0" sl="1519" sc="0" el="1519" ec="0" bec="0" bev="0" fileid="38" />
                <SequencePoint vc="0" uspid="7704" ordinal="0" offset="1" sl="1520" sc="0" el="1520" ec="0" bec="0" bev="0" fileid="38" />
                <SequencePoint vc="0" uspid="7705" ordinal="0" offset="9" sl="1521" sc="0" el="1521" ec="0" bec="0" bev="0" fileid="38" />
                <SequencePoint vc="0" uspid="7706" ordinal="0" offset="10" sl="1522" sc="0" el="1522" ec="0" bec="0" bev="0" fileid="38" />
                <SequencePoint vc="0" uspid="7707" ordinal="0" offset="17" sl="1523" sc="0" el="1523" ec="0" bec="0" bev="0" fileid="38" />
                <SequencePoint vc="0" uspid="7708" ordinal="0" offset="45" sl="1523" sc="0" el="1523" ec="0" bec="0" bev="0" fileid="38" />
                <SequencePoint vc="0" uspid="7709" ordinal="0" offset="49" sl="1524" sc="0" el="1524" ec="0" bec="0" bev="0" fileid="38" />
                <SequencePoint vc="0" uspid="7710" ordinal="0" offset="50" sl="1525" sc="0" el="1525" ec="0" bec="0" bev="0" fileid="38" />
                <SequencePoint vc="0" uspid="7711" ordinal="0" offset="51" sl="1525" sc="0" el="1525" ec="0" bec="0" bev="0" fileid="38" />
                <SequencePoint vc="0" uspid="7712" ordinal="0" offset="61" sl="1525" sc="0" el="1525" ec="0" bec="0" bev="0" fileid="38" />
                <SequencePoint vc="0" uspid="7713" ordinal="0" offset="75" sl="1526" sc="0" el="1526" ec="0" bec="0" bev="0" fileid="38" />
                <SequencePoint vc="0" uspid="7714" ordinal="0" offset="76" sl="1527" sc="0" el="1527" ec="0" bec="0" bev="0" fileid="38" />
                <SequencePoint vc="0" uspid="7715" ordinal="0" offset="91" sl="1527" sc="0" el="1527" ec="0" bec="0" bev="0" fileid="38" />
                <SequencePoint vc="0" uspid="7716" ordinal="0" offset="95" sl="1528" sc="0" el="1528" ec="0" bec="0" bev="0" fileid="38" />
                <SequencePoint vc="0" uspid="7717" ordinal="0" offset="96" sl="1525" sc="0" el="1525" ec="0" bec="0" bev="0" fileid="38" />
                <SequencePoint vc="0" uspid="7718" ordinal="0" offset="129" sl="1529" sc="0" el="1529" ec="0" bec="0" bev="0" fileid="38" />
                <SequencePoint vc="0" uspid="7719" ordinal="0" offset="133" sl="1530" sc="0" el="1530" ec="0" bec="0" bev="0" fileid="38" />
              </SequencePoints>
              <BranchPoints />
            </Method>
          </Methods>
        </Class>
        <Class>
          <Summary numSequencePoints="11" visitedSequencePoints="0" numBranchPoints="0" visitedBranchPoints="0" sequenceCoverage="0.0" branchCoverage="0.0" maxCyclomaticComplexity="0" minCyclomaticComplexity="0" maxCrapScore="0" minCrapScore="0" visitedClasses="0" numClasses="1" visitedMethods="0" numMethods="4" />
          <FullName>ODDGames.UITest.UITestBehaviour</FullName>
          <Methods>
            <Method visited="false" cyclomaticComplexity="0" nPathComplexity="0" sequenceCoverage="0.0" branchCoverage="0" crapScore="0" isConstructor="false" isStatic="true" isGetter="false" isSetter="false">
              <Summary numSequencePoints="8" visitedSequencePoints="0" numBranchPoints="0" visitedBranchPoints="0" sequenceCoverage="0.0" branchCoverage="0" maxCyclomaticComplexity="0" minCyclomaticComplexity="0" maxCrapScore="0" minCrapScore="0" visitedClasses="0" numClasses="0" visitedMethods="0" numMethods="1" />
              <MetadataToken>100663590</MetadataToken>
              <Name>static System.Boolean ODDGames.UITest.UITestBehaviour::TryGetComponentInChildren[T](UnityEngine.GameObject, )</Name>
              <FileRef uid="40" />
              <SequencePoints>
                <SequencePoint vc="0" uspid="7997" ordinal="0" offset="0" sl="42" sc="0" el="42" ec="0" bec="0" bev="0" fileid="40" />
                <SequencePoint vc="0" uspid="7998" ordinal="0" offset="1" sl="43" sc="0" el="43" ec="0" bec="0" bev="0" fileid="40" />
                <SequencePoint vc="0" uspid="7999" ordinal="0" offset="12" sl="44" sc="0" el="44" ec="0" bec="0" bev="0" fileid="40" />
                <SequencePoint vc="0" uspid="8000" ordinal="0" offset="13" sl="45" sc="0" el="45" ec="0" bec="0" bev="0" fileid="40" />
                <SequencePoint vc="0" uspid="8001" ordinal="0" offset="20" sl="46" sc="0" el="46" ec="0" bec="0" bev="0" fileid="40" />
                <SequencePoint vc="0" uspid="8002" ordinal="0" offset="24" sl="48" sc="0" el="48" ec="0" bec="0" bev="0" fileid="40" />
                <SequencePoint vc="0" uspid="8003" ordinal="0" offset="36" sl="49" sc="0" el="49" ec="0" bec="0" bev="0" fileid="40" />
                <SequencePoint vc="0" uspid="8004" ordinal="0" offset="53" sl="50" sc="0" el="50" ec="0" bec="0" bev="0" fileid="40" />
              </SequencePoints>
              <BranchPoints />
            </Method>
            <Method visited="false" cyclomaticComplexity="0" nPathComplexity="0" sequenceCoverage="0.0" branchCoverage="0" crapScore="0" isConstructor="false" isStatic="true" isGetter="false" isSetter="false">
              <Summary numSequencePoints="1" visitedSequencePoints="0" numBranchPoints="0" visitedBranchPoints="0" sequenceCoverage="0.0" branchCoverage="0" maxCyclomaticComplexity="0" minCyclomaticComplexity="0" maxCrapScore="0" minCrapScore="0" visitedClasses="0" numClasses="0" visitedMethods="0" numMethods="1" />
              <MetadataToken>100663594</MetadataToken>
              <Name>static ODDGames.UITest.Search ODDGames.UITest.UITestBehaviour::Type[T]()</Name>
              <FileRef uid="40" />
              <SequencePoints>
                <SequencePoint vc="0" uspid="8008" ordinal="0" offset="0" sl="109" sc="0" el="109" ec="0" bec="0" bev="0" fileid="40" />
              </SequencePoints>
              <BranchPoints />
            </Method>
            <Method visited="false" cyclomaticComplexity="0" nPathComplexity="0" sequenceCoverage="0.0" branchCoverage="0" crapScore="0" isConstructor="false" isStatic="true" isGetter="false" isSetter="false">
              <Summary numSequencePoints="1" visitedSequencePoints="0" numBranchPoints="0" visitedBranchPoints="0" sequenceCoverage="0.0" branchCoverage="0" maxCyclomaticComplexity="0" minCyclomaticComplexity="0" maxCrapScore="0" minCrapScore="0" visitedClasses="0" numClasses="0" visitedMethods="0" numMethods="1" />
              <MetadataToken>100663613</MetadataToken>
              <Name>static System.Void ODDGames.UITest.UITestBehaviour::RegisterClickable[T]()</Name>
              <FileRef uid="40" />
              <SequencePoints>
                <SequencePoint vc="0" uspid="8036" ordinal="0" offset="0" sl="303" sc="0" el="303" ec="0" bec="0" bev="0" fileid="40" />
              </SequencePoints>
              <BranchPoints />
            </Method>
            <Method visited="false" cyclomaticComplexity="0" nPathComplexity="0" sequenceCoverage="0.0" branchCoverage="0" crapScore="0" isConstructor="false" isStatic="true" isGetter="false" isSetter="false">
              <Summary numSequencePoints="1" visitedSequencePoints="0" numBranchPoints="0" visitedBranchPoints="0" sequenceCoverage="0.0" branchCoverage="0" maxCyclomaticComplexity="0" minCyclomaticComplexity="0" maxCrapScore="0" minCrapScore="0" visitedClasses="0" numClasses="0" visitedMethods="0" numMethods="1" />
              <MetadataToken>100663615</MetadataToken>
              <Name>static System.Void ODDGames.UITest.UITestBehaviour::UnregisterClickable[T]()</Name>
              <FileRef uid="40" />
              <SequencePoints>
                <SequencePoint vc="0" uspid="8041" ordinal="0" offset="0" sl="319" sc="0" el="319" ec="0" bec="0" bev="0" fileid="40" />
              </SequencePoints>
              <BranchPoints />
            </Method>
          </Methods>
        </Class>
        <Class>
          <Summary numSequencePoints="1" visitedSequencePoints="0" numBranchPoints="0" visitedBranchPoints="0" sequenceCoverage="0.0" branchCoverage="0.0" maxCyclomaticComplexity="0" minCyclomaticComplexity="0" maxCrapScore="0" minCrapScore="0" visitedClasses="0" numClasses="1" visitedMethods="0" numMethods="1" />
          <FullName>ODDGames.UITest.Search&lt;&gt;c__DisplayClass15_0[T]</FullName>
          <Methods>
            <Method visited="false" cyclomaticComplexity="0" nPathComplexity="0" sequenceCoverage="0.0" branchCoverage="0" crapScore="0" isConstructor="false" isStatic="false" isGetter="false" isSetter="false">
              <Summary numSequencePoints="1" visitedSequencePoints="0" numBranchPoints="0" visitedBranchPoints="0" sequenceCoverage="0.0" branchCoverage="0" maxCyclomaticComplexity="0" minCyclomaticComplexity="0" maxCrapScore="0" minCrapScore="0" visitedClasses="0" numClasses="0" visitedMethods="0" numMethods="1" />
              <MetadataToken>100664098</MetadataToken>
              <Name>System.Boolean ODDGames.UITest.Search&lt;&gt;c__DisplayClass15_0[T]::&lt;Type&gt;b__0(UnityEngine.GameObject)</Name>
              <FileRef uid="38" />
              <SequencePoints>
                <SequencePoint vc="0" uspid="10244" ordinal="0" offset="0" sl="220" sc="0" el="220" ec="0" bec="0" bev="0" fileid="38" />
              </SequencePoints>
              <BranchPoints />
            </Method>
          </Methods>
        </Class>
        <Class>
          <Summary numSequencePoints="7" visitedSequencePoints="0" numBranchPoints="0" visitedBranchPoints="0" sequenceCoverage="0.0" branchCoverage="0.0" maxCyclomaticComplexity="0" minCyclomaticComplexity="0" maxCrapScore="0" minCrapScore="0" visitedClasses="0" numClasses="1" visitedMethods="0" numMethods="1" />
          <FullName>ODDGames.UITest.Search&lt;&gt;c__DisplayClass21_0[T]</FullName>
          <Methods>
            <Method visited="false" cyclomaticComplexity="0" nPathComplexity="0" sequenceCoverage="0.0" branchCoverage="0" crapScore="0" isConstructor="false" isStatic="false" isGetter="false" isSetter="false">
              <Summary numSequencePoints="7" visitedSequencePoints="0" numBranchPoints="0" visitedBranchPoints="0" sequenceCoverage="0.0" branchCoverage="0" maxCyclomaticComplexity="0" minCyclomaticComplexity="0" maxCrapScore="0" minCrapScore="0" visitedClasses="0" numClasses="0" visitedMethods="0" numMethods="1" />
              <MetadataToken>100664111</MetadataToken>
              <Name>System.Boolean ODDGames.UITest.Search&lt;&gt;c__DisplayClass21_0[T]::&lt;With&gt;b__0(UnityEngine.GameObject)</Name>
              <FileRef uid="38" />
              <SequencePoints>
                <SequencePoint vc="0" uspid="10267" ordinal="0" offset="0" sl="372" sc="0" el="372" ec="0" bec="0" bev="0" fileid="38" />
                <SequencePoint vc="0" uspid="10268" ordinal="0" offset="1" sl="373" sc="0" el="373" ec="0" bec="0" bev="0" fileid="38" />
                <SequencePoint vc="0" uspid="10269" ordinal="0" offset="8" sl="374" sc="0" el="374" ec="0" bec="0" bev="0" fileid="38" />
                <SequencePoint vc="0" uspid="10270" ordinal="0" offset="24" sl="374" sc="0" el="374" ec="0" bec="0" bev="0" fileid="38" />
                <SequencePoint vc="0" uspid="10271" ordinal="0" offset="33" sl="375" sc="0" el="375" ec="0" bec="0" bev="0" fileid="38" />
                <SequencePoint vc="0" uspid="10272" ordinal="0" offset="46" sl="376" sc="0" el="376" ec="0" bec="0" bev="0" fileid="38" />
                <SequencePoint vc="0" uspid="10273" ordinal="0" offset="61" sl="377" sc="0" el="377" ec="0" bec="0" bev="0" fileid="38" />
              </SequencePoints>
              <BranchPoints />
            </Method>
          </Methods>
        </Class>
        <Class>
          <Summary numSequencePoints="7" visitedSequencePoints="0" numBranchPoints="0" visitedBranchPoints="0" sequenceCoverage="0.0" branchCoverage="0.0" maxCyclomaticComplexity="0" minCyclomaticComplexity="0" maxCrapScore="0" minCrapScore="0" visitedClasses="0" numClasses="1" visitedMethods="0" numMethods="1" />
          <FullName>ODDGames.UITest.Search&lt;&gt;c__DisplayClass33_0[T]</FullName>
          <Methods>
            <Method visited="false" cyclomaticComplexity="0" nPathComplexity="0" sequenceCoverage="0.0" branchCoverage="0" crapScore="0" isConstructor="false" isStatic="false" isGetter="false" isSetter="false">
              <Summary numSequencePoints="7" visitedSequencePoints="0" numBranchPoints="0" visitedBranchPoints="0" sequenceCoverage="0.0" branchCoverage="0" maxCyclomaticComplexity="0" minCyclomaticComplexity="0" maxCrapScore="0" minCrapScore="0" visitedClasses="0" numClasses="0" visitedMethods="0" numMethods="1" />
              <MetadataToken>100664125</MetadataToken>
              <Name>System.Boolean ODDGames.UITest.Search&lt;&gt;c__DisplayClass33_0[T]::&lt;GetParent&gt;b__0(UnityEngine.GameObject)</Name>
              <FileRef uid="38" />
              <SequencePoints>
                <SequencePoint vc="0" uspid="10322" ordinal="0" offset="0" sl="668" sc="0" el="668" ec="0" bec="0" bev="0" fileid="38" />
                <SequencePoint vc="0" uspid="10323" ordinal="0" offset="1" sl="669" sc="0" el="669" ec="0" bec="0" bev="0" fileid="38" />
                <SequencePoint vc="0" uspid="10324" ordinal="0" offset="8" sl="670" sc="0" el="670" ec="0" bec="0" bev="0" fileid="38" />
                <SequencePoint vc="0" uspid="10325" ordinal="0" offset="46" sl="671" sc="0" el="671" ec="0" bec="0" bev="0" fileid="38" />
                <SequencePoint vc="0" uspid="10326" ordinal="0" offset="78" sl="672" sc="0" el="672" ec="0" bec="0" bev="0" fileid="38" />
                <SequencePoint vc="0" uspid="10327" ordinal="0" offset="91" sl="673" sc="0" el="673" ec="0" bec="0" bev="0" fileid="38" />
                <SequencePoint vc="0" uspid="10328" ordinal="0" offset="107" sl="674" sc="0" el="674" ec="0" bec="0" bev="0" fileid="38" />
              </SequencePoints>
              <BranchPoints />
            </Method>
          </Methods>
        </Class>
        <Class>
          <Summary numSequencePoints="11" visitedSequencePoints="0" numBranchPoints="0" visitedBranchPoints="0" sequenceCoverage="0.0" branchCoverage="0.0" maxCyclomaticComplexity="0" minCyclomaticComplexity="0" maxCrapScore="0" minCrapScore="0" visitedClasses="0" numClasses="1" visitedMethods="0" numMethods="1" />
          <FullName>ODDGames.UITest.Search&lt;&gt;c__DisplayClass34_0[T]</FullName>
          <Methods>
            <Method visited="false" cyclomaticComplexity="0" nPathComplexity="0" sequenceCoverage="0.0" branchCoverage="0" crapScore="0" isConstructor="false" isStatic="false" isGetter="false" isSetter="false">
              <Summary numSequencePoints="11" visitedSequencePoints="0" numBranchPoints="0" visitedBranchPoints="0" sequenceCoverage="0.0" branchCoverage="0" maxCyclomaticComplexity="0" minCyclomaticComplexity="0" maxCrapScore="0" minCrapScore="0" visitedClasses="0" numClasses="0" visitedMethods="0" numMethods="1" />
              <MetadataToken>100664127</MetadataToken>
              <Name>System.Boolean ODDGames.UITest.Search&lt;&gt;c__DisplayClass34_0[T]::&lt;GetParent&gt;b__0(UnityEngine.GameObject)</Name>
              <FileRef uid="38" />
              <SequencePoints>
                <SequencePoint vc="0" uspid="10329" ordinal="0" offset="0" sl="699" sc="0" el="699" ec="0" bec="0" bev="0" fileid="38" />
                <SequencePoint vc="0" uspid="10330" ordinal="0" offset="1" sl="700" sc="0" el="700" ec="0" bec="0" bev="0" fileid="38" />
                <SequencePoint vc="0" uspid="10331" ordinal="0" offset="15" sl="702" sc="0" el="702" ec="0" bec="0" bev="0" fileid="38" />
                <SequencePoint vc="0" uspid="10332" ordinal="0" offset="16" sl="703" sc="0" el="703" ec="0" bec="0" bev="0" fileid="38" />
                <SequencePoint vc="0" uspid="10333" ordinal="0" offset="23" sl="704" sc="0" el="704" ec="0" bec="0" bev="0" fileid="38" />
                <SequencePoint vc="0" uspid="10334" ordinal="0" offset="56" sl="705" sc="0" el="705" ec="0" bec="0" bev="0" fileid="38" />
                <SequencePoint vc="0" uspid="10335" ordinal="0" offset="68" sl="706" sc="0" el="706" ec="0" bec="0" bev="0" fileid="38" />
                <SequencePoint vc="0" uspid="10336" ordinal="0" offset="75" sl="707" sc="0" el="707" ec="0" bec="0" bev="0" fileid="38" />
                <SequencePoint vc="0" uspid="10337" ordinal="0" offset="76" sl="701" sc="0" el="701" ec="0" bec="0" bev="0" fileid="38" />
                <SequencePoint vc="0" uspid="10338" ordinal="0" offset="89" sl="708" sc="0" el="708" ec="0" bec="0" bev="0" fileid="38" />
                <SequencePoint vc="0" uspid="10339" ordinal="0" offset="98" sl="709" sc="0" el="709" ec="0" bec="0" bev="0" fileid="38" />
              </SequencePoints>
              <BranchPoints />
            </Method>
          </Methods>
        </Class>
        <Class>
          <Summary numSequencePoints="18" visitedSequencePoints="0" numBranchPoints="0" visitedBranchPoints="0" sequenceCoverage="0.0" branchCoverage="0.0" maxCyclomaticComplexity="0" minCyclomaticComplexity="0" maxCrapScore="0" minCrapScore="0" visitedClasses="0" numClasses="1" visitedMethods="0" numMethods="1" />
          <FullName>ODDGames.UITest.Search&lt;&gt;c__DisplayClass35_0[T]</FullName>
          <Methods>
            <Method visited="false" cyclomaticComplexity="0" nPathComplexity="0" sequenceCoverage="0.0" branchCoverage="0" crapScore="0" isConstructor="false" isStatic="false" isGetter="false" isSetter="false">
              <Summary numSequencePoints="18" visitedSequencePoints="0" numBranchPoints="0" visitedBranchPoints="0" sequenceCoverage="0.0" branchCoverage="0" maxCyclomaticComplexity="0" minCyclomaticComplexity="0" maxCrapScore="0" minCrapScore="0" visitedClasses="0" numClasses="0" visitedMethods="0" numMethods="1" />
              <MetadataToken>100664129</MetadataToken>
              <Name>System.Boolean ODDGames.UITest.Search&lt;&gt;c__DisplayClass35_0[T]::&lt;GetChild&gt;b__0(UnityEngine.GameObject)</Name>
              <FileRef uid="38" />
              <SequencePoints>
                <SequencePoint vc="0" uspid="10340" ordinal="0" offset="0" sl="733" sc="0" el="733" ec="0" bec="0" bev="0" fileid="38" />
                <SequencePoint vc="0" uspid="10341" ordinal="0" offset="1" sl="734" sc="0" el="734" ec="0" bec="0" bev="0" fileid="38" />
                <SequencePoint vc="0" uspid="10342" ordinal="0" offset="8" sl="735" sc="0" el="735" ec="0" bec="0" bev="0" fileid="38" />
                <SequencePoint vc="0" uspid="10343" ordinal="0" offset="46" sl="736" sc="0" el="736" ec="0" bec="0" bev="0" fileid="38" />
                <SequencePoint vc="0" uspid="10344" ordinal="0" offset="47" sl="737" sc="0" el="737" ec="0" bec="0" bev="0" fileid="38" />
                <SequencePoint vc="0" uspid="10345" ordinal="0" offset="55" sl="738" sc="0" el="738" ec="0" bec="0" bev="0" fileid="38" />
                <SequencePoint vc="0" uspid="10346" ordinal="0" offset="56" sl="738" sc="0" el="738" ec="0" bec="0" bev="0" fileid="38" />
                <SequencePoint vc="0" uspid="10347" ordinal="0" offset="70" sl="738" sc="0" el="738" ec="0" bec="0" bev="0" fileid="38" />
                <SequencePoint vc="0" uspid="10348" ordinal="0" offset="83" sl="739" sc="0" el="739" ec="0" bec="0" bev="0" fileid="38" />
                <SequencePoint vc="0" uspid="10349" ordinal="0" offset="84" sl="740" sc="0" el="740" ec="0" bec="0" bev="0" fileid="38" />
                <SequencePoint vc="0" uspid="10350" ordinal="0" offset="92" sl="741" sc="0" el="741" ec="0" bec="0" bev="0" fileid="38" />
                <SequencePoint vc="0" uspid="10351" ordinal="0" offset="110" sl="741" sc="0" el="741" ec="0" bec="0" bev="0" fileid="38" />
                <SequencePoint vc="0" uspid="10352" ordinal="0" offset="112" sl="742" sc="0" el="742" ec="0" bec="0" bev="0" fileid="38" />
                <SequencePoint vc="0" uspid="10353" ordinal="0" offset="113" sl="738" sc="0" el="738" ec="0" bec="0" bev="0" fileid="38" />
                <SequencePoint vc="0" uspid="10354" ordinal="0" offset="144" sl="743" sc="0" el="743" ec="0" bec="0" bev="0" fileid="38" />
                <SequencePoint vc="0" uspid="10355" ordinal="0" offset="145" sl="744" sc="0" el="744" ec="0" bec="0" bev="0" fileid="38" />
                <SequencePoint vc="0" uspid="10356" ordinal="0" offset="158" sl="745" sc="0" el="745" ec="0" bec="0" bev="0" fileid="38" />
                <SequencePoint vc="0" uspid="10357" ordinal="0" offset="174" sl="746" sc="0" el="746" ec="0" bec="0" bev="0" fileid="38" />
              </SequencePoints>
              <BranchPoints />
            </Method>
          </Methods>
        </Class>
        <Class>
          <Summary numSequencePoints="4" visitedSequencePoints="0" numBranchPoints="0" visitedBranchPoints="0" sequenceCoverage="0.0" branchCoverage="0.0" maxCyclomaticComplexity="0" minCyclomaticComplexity="0" maxCrapScore="0" minCrapScore="0" visitedClasses="0" numClasses="1" visitedMethods="0" numMethods="1" />
          <FullName>ODDGames.UITest.Search&lt;&gt;c__DisplayClass36_0[T]</FullName>
          <Methods>
            <Method visited="false" cyclomaticComplexity="0" nPathComplexity="0" sequenceCoverage="0.0" branchCoverage="0" crapScore="0" isConstructor="false" isStatic="false" isGetter="false" isSetter="false">
              <Summary numSequencePoints="4" visitedSequencePoints="0" numBranchPoints="0" visitedBranchPoints="0" sequenceCoverage="0.0" branchCoverage="0" maxCyclomaticComplexity="0" minCyclomaticComplexity="0" maxCrapScore="0" minCrapScore="0" visitedClasses="0" numClasses="0" visitedMethods="0" numMethods="1" />
              <MetadataToken>100664131</MetadataToken>
              <Name>System.Boolean ODDGames.UITest.Search&lt;&gt;c__DisplayClass36_0[T]::&lt;GetChild&gt;b__0(UnityEngine.GameObject)</Name>
              <FileRef uid="38" />
              <SequencePoints>
                <SequencePoint vc="0" uspid="10358" ordinal="0" offset="0" sl="771" sc="0" el="771" ec="0" bec="0" bev="0" fileid="38" />
                <SequencePoint vc="0" uspid="10359" ordinal="0" offset="1" sl="772" sc="0" el="772" ec="0" bec="0" bev="0" fileid="38" />
                <SequencePoint vc="0" uspid="10360" ordinal="0" offset="20" sl="773" sc="0" el="773" ec="0" bec="0" bev="0" fileid="38" />
                <SequencePoint vc="0" uspid="10361" ordinal="0" offset="35" sl="774" sc="0" el="774" ec="0" bec="0" bev="0" fileid="38" />
              </SequencePoints>
              <BranchPoints />
            </Method>
          </Methods>
        </Class>
        <Class>
          <Summary numSequencePoints="5" visitedSequencePoints="0" numBranchPoints="0" visitedBranchPoints="0" sequenceCoverage="0.0" branchCoverage="0.0" maxCyclomaticComplexity="0" minCyclomaticComplexity="0" maxCrapScore="0" minCrapScore="0" visitedClasses="0" numClasses="1" visitedMethods="0" numMethods="2" />
          <FullName>ODDGames.UITest.Search&lt;&gt;c__DisplayClass52_0[T]</FullName>
          <Methods>
            <Method visited="false" cyclomaticComplexity="0" nPathComplexity="0" sequenceCoverage="0.0" branchCoverage="0" crapScore="0" isConstructor="false" isStatic="false" isGetter="false" isSetter="false">
              <Summary numSequencePoints="1" visitedSequencePoints="0" numBranchPoints="0" visitedBranchPoints="0" sequenceCoverage="0.0" branchCoverage="0" maxCyclomaticComplexity="0" minCyclomaticComplexity="0" maxCrapScore="0" minCrapScore="0" visitedClasses="0" numClasses="0" visitedMethods="0" numMethods="1" />
              <MetadataToken>100664137</MetadataToken>
              <Name>System.Collections.Generic.IEnumerable[GameObject] ODDGames.UITest.Search&lt;&gt;c__DisplayClass52_0[T]::&lt;OrderBy&gt;b__0(System.Collections.Generic.IEnumerable[GameObject])</Name>
              <FileRef uid="38" />
              <SequencePoints>
                <SequencePoint vc="0" uspid="10370" ordinal="0" offset="0" sl="976" sc="0" el="976" ec="0" bec="0" bev="0" fileid="38" />
              </SequencePoints>
              <BranchPoints />
            </Method>
            <Method visited="false" cyclomaticComplexity="0" nPathComplexity="0" sequenceCoverage="0.0" branchCoverage="0" crapScore="0" isConstructor="false" isStatic="false" isGetter="false" isSetter="false">
              <Summary numSequencePoints="4" visitedSequencePoints="0" numBranchPoints="0" visitedBranchPoints="0" sequenceCoverage="0.0" branchCoverage="0" maxCyclomaticComplexity="0" minCyclomaticComplexity="0" maxCrapScore="0" minCrapScore="0" visitedClasses="0" numClasses="0" visitedMethods="0" numMethods="1" />
              <MetadataToken>100664138</MetadataToken>
              <Name>System.Single ODDGames.UITest.Search&lt;&gt;c__DisplayClass52_0[T]::&lt;OrderBy&gt;b__1(UnityEngine.GameObject)</Name>
              <FileRef uid="38" />
              <SequencePoints>
                <SequencePoint vc="0" uspid="10371" ordinal="0" offset="0" sl="977" sc="0" el="977" ec="0" bec="0" bev="0" fileid="38" />
                <SequencePoint vc="0" uspid="10372" ordinal="0" offset="1" sl="978" sc="0" el="978" ec="0" bec="0" bev="0" fileid="38" />
                <SequencePoint vc="0" uspid="10373" ordinal="0" offset="8" sl="979" sc="0" el="979" ec="0" bec="0" bev="0" fileid="38" />
                <SequencePoint vc="0" uspid="10374" ordinal="0" offset="44" sl="980" sc="0" el="980" ec="0" bec="0" bev="0" fileid="38" />
              </SequencePoints>
              <BranchPoints />
            </Method>
          </Methods>
        </Class>
        <Class>
          <Summary numSequencePoints="5" visitedSequencePoints="0" numBranchPoints="0" visitedBranchPoints="0" sequenceCoverage="0.0" branchCoverage="0.0" maxCyclomaticComplexity="0" minCyclomaticComplexity="0" maxCrapScore="0" minCrapScore="0" visitedClasses="0" numClasses="1" visitedMethods="0" numMethods="2" />
          <FullName>ODDGames.UITest.Search&lt;&gt;c__DisplayClass53_0[T]</FullName>
          <Methods>
            <Method visited="false" cyclomaticComplexity="0" nPathComplexity="0" sequenceCoverage="0.0" branchCoverage="0" crapScore="0" isConstructor="false" isStatic="false" isGetter="false" isSetter="false">
              <Summary numSequencePoints="1" visitedSequencePoints="0" numBranchPoints="0" visitedBranchPoints="0" sequenceCoverage="0.0" branchCoverage="0" maxCyclomaticComplexity="0" minCyclomaticComplexity="0" maxCrapScore="0" minCrapScore="0" visitedClasses="0" numClasses="0" visitedMethods="0" numMethods="1" />
              <MetadataToken>100664140</MetadataToken>
              <Name>System.Collections.Generic.IEnumerable[GameObject] ODDGames.UITest.Search&lt;&gt;c__DisplayClass53_0[T]::&lt;OrderByDescending&gt;b__0(System.Collections.Generic.IEnumerable[GameObject])</Name>
              <FileRef uid="38" />
              <SequencePoints>
                <SequencePoint vc="0" uspid="10375" ordinal="0" offset="0" sl="1002" sc="0" el="1002" ec="0" bec="0" bev="0" fileid="38" />
              </SequencePoints>
              <BranchPoints />
            </Method>
            <Method visited="false" cyclomaticComplexity="0" nPathComplexity="0" sequenceCoverage="0.0" branchCoverage="0" crapScore="0" isConstructor="false" isStatic="false" isGetter="false" isSetter="false">
              <Summary numSequencePoints="4" visitedSequencePoints="0" numBranchPoints="0" visitedBranchPoints="0" sequenceCoverage="0.0" branchCoverage="0" maxCyclomaticComplexity="0" minCyclomaticComplexity="0" maxCrapScore="0" minCrapScore="0" visitedClasses="0" numClasses="0" visitedMethods="0" numMethods="1" />
              <MetadataToken>100664141</MetadataToken>
              <Name>System.Single ODDGames.UITest.Search&lt;&gt;c__DisplayClass53_0[T]::&lt;OrderByDescending&gt;b__1(UnityEngine.GameObject)</Name>
              <FileRef uid="38" />
              <SequencePoints>
                <SequencePoint vc="0" uspid="10376" ordinal="0" offset="0" sl="1003" sc="0" el="1003" ec="0" bec="0" bev="0" fileid="38" />
                <SequencePoint vc="0" uspid="10377" ordinal="0" offset="1" sl="1004" sc="0" el="1004" ec="0" bec="0" bev="0" fileid="38" />
                <SequencePoint vc="0" uspid="10378" ordinal="0" offset="8" sl="1005" sc="0" el="1005" ec="0" bec="0" bev="0" fileid="38" />
                <SequencePoint vc="0" uspid="10379" ordinal="0" offset="44" sl="1006" sc="0" el="1006" ec="0" bec="0" bev="0" fileid="38" />
              </SequencePoints>
              <BranchPoints />
            </Method>
          </Methods>
        </Class>
        <Class>
          <Summary numSequencePoints="1" visitedSequencePoints="0" numBranchPoints="0" visitedBranchPoints="0" sequenceCoverage="0.0" branchCoverage="0.0" maxCyclomaticComplexity="0" minCyclomaticComplexity="0" maxCrapScore="0" minCrapScore="0" visitedClasses="0" numClasses="1" visitedMethods="0" numMethods="1" />
          <FullName>ODDGames.UITest.UITestBehaviour&lt;&gt;c__148[T]</FullName>
          <Methods>
            <Method visited="false" cyclomaticComplexity="0" nPathComplexity="0" sequenceCoverage="0.0" branchCoverage="0" crapScore="0" isConstructor="false" isStatic="false" isGetter="false" isSetter="false">
              <Summary numSequencePoints="1" visitedSequencePoints="0" numBranchPoints="0" visitedBranchPoints="0" sequenceCoverage="0.0" branchCoverage="0" maxCyclomaticComplexity="0" minCyclomaticComplexity="0" maxCrapScore="0" minCrapScore="0" visitedClasses="0" numClasses="0" visitedMethods="0" numMethods="1" />
              <MetadataToken>100664192</MetadataToken>
              <Name>UnityEngine.GameObject ODDGames.UITest.UITestBehaviour&lt;&gt;c__148[T]::&lt;Find&gt;b__148_0(System.ValueTuple[MonoBehaviour,T])</Name>
              <FileRef uid="40" />
              <SequencePoints>
                <SequencePoint vc="0" uspid="10446" ordinal="0" offset="0" sl="3021" sc="0" el="3021" ec="0" bec="0" bev="0" fileid="40" />
              </SequencePoints>
              <BranchPoints />
            </Method>
          </Methods>
        </Class>
        <Class>
          <Summary numSequencePoints="8" visitedSequencePoints="0" numBranchPoints="0" visitedBranchPoints="0" sequenceCoverage="0.0" branchCoverage="0.0" maxCyclomaticComplexity="0" minCyclomaticComplexity="0" maxCrapScore="0" minCrapScore="0" visitedClasses="0" numClasses="1" visitedMethods="0" numMethods="8" />
          <FullName>ODDGames.UITest.UITestBehaviour&lt;&gt;c__149[T]</FullName>
          <Methods>
            <Method visited="false" cyclomaticComplexity="0" nPathComplexity="0" sequenceCoverage="0.0" branchCoverage="0" crapScore="0" isConstructor="false" isStatic="false" isGetter="false" isSetter="false">
              <Summary numSequencePoints="1" visitedSequencePoints="0" numBranchPoints="0" visitedBranchPoints="0" sequenceCoverage="0.0" branchCoverage="0" maxCyclomaticComplexity="0" minCyclomaticComplexity="0" maxCrapScore="0" minCrapScore="0" visitedClasses="0" numClasses="0" visitedMethods="0" numMethods="1" />
              <MetadataToken>100664195</MetadataToken>
              <Name>System.Boolean ODDGames.UITest.UITestBehaviour&lt;&gt;c__149[T]::&lt;FindAll&gt;b__149_0(UnityEngine.GameObject)</Name>
              <FileRef uid="40" />
              <SequencePoints>
                <SequencePoint vc="0" uspid="10447" ordinal="0" offset="0" sl="3111" sc="0" el="3111" ec="0" bec="0" bev="0" fileid="40" />
              </SequencePoints>
              <BranchPoints />
            </Method>
            <Method visited="false" cyclomaticComplexity="0" nPathComplexity="0" sequenceCoverage="0.0" branchCoverage="0" crapScore="0" isConstructor="false" isStatic="false" isGetter="false" isSetter="false">
              <Summary numSequencePoints="1" visitedSequencePoints="0" numBranchPoints="0" visitedBranchPoints="0" sequenceCoverage="0.0" branchCoverage="0" maxCyclomaticComplexity="0" minCyclomaticComplexity="0" maxCrapScore="0" minCrapScore="0" visitedClasses="0" numClasses="0" visitedMethods="0" numMethods="1" />
              <MetadataToken>100664196</MetadataToken>
              <Name>T ODDGames.UITest.UITestBehaviour&lt;&gt;c__149[T]::&lt;FindAll&gt;b__149_1(UnityEngine.GameObject)</Name>
              <FileRef uid="40" />
              <SequencePoints>
                <SequencePoint vc="0" uspid="10448" ordinal="0" offset="0" sl="3112" sc="0" el="3112" ec="0" bec="0" bev="0" fileid="40" />
              </SequencePoints>
              <BranchPoints />
            </Method>
            <Method visited="false" cyclomaticComplexity="0" nPathComplexity="0" sequenceCoverage="0.0" branchCoverage="0" crapScore="0" isConstructor="false" isStatic="false" isGetter="false" isSetter="false">
              <Summary numSequencePoints="1" visitedSequencePoints="0" numBranchPoints="0" visitedBranchPoints="0" sequenceCoverage="0.0" branchCoverage="0" maxCyclomaticComplexity="0" minCyclomaticComplexity="0" maxCrapScore="0" minCrapScore="0" visitedClasses="0" numClasses="0" visitedMethods="0" numMethods="1" />
              <MetadataToken>100664197</MetadataToken>
              <Name>System.Boolean ODDGames.UITest.UITestBehaviour&lt;&gt;c__149[T]::&lt;FindAll&gt;b__149_2(T)</Name>
              <FileRef uid="40" />
              <SequencePoints>
                <SequencePoint vc="0" uspid="10449" ordinal="0" offset="0" sl="3113" sc="0" el="3113" ec="0" bec="0" bev="0" fileid="40" />
              </SequencePoints>
              <BranchPoints />
            </Method>
            <Method visited="false" cyclomaticComplexity="0" nPathComplexity="0" sequenceCoverage="0.0" branchCoverage="0" crapScore="0" isConstructor="false" isStatic="false" isGetter="false" isSetter="false">
              <Summary numSequencePoints="1" visitedSequencePoints="0" numBranchPoints="0" visitedBranchPoints="0" sequenceCoverage="0.0" branchCoverage="0" maxCyclomaticComplexity="0" minCyclomaticComplexity="0" maxCrapScore="0" minCrapScore="0" visitedClasses="0" numClasses="0" visitedMethods="0" numMethods="1" />
              <MetadataToken>100664198</MetadataToken>
              <Name>UnityEngine.GameObject ODDGames.UITest.UITestBehaviour&lt;&gt;c__149[T]::&lt;FindAll&gt;b__149_4(System.ValueTuple[MonoBehaviour,T])</Name>
              <FileRef uid="40" />
              <SequencePoints>
                <SequencePoint vc="0" uspid="10450" ordinal="0" offset="0" sl="3152" sc="0" el="3152" ec="0" bec="0" bev="0" fileid="40" />
              </SequencePoints>
              <BranchPoints />
            </Method>
            <Method visited="false" cyclomaticComplexity="0" nPathComplexity="0" sequenceCoverage="0.0" branchCoverage="0" crapScore="0" isConstructor="false" isStatic="false" isGetter="false" isSetter="false">
              <Summary numSequencePoints="1" visitedSequencePoints="0" numBranchPoints="0" visitedBranchPoints="0" sequenceCoverage="0.0" branchCoverage="0" maxCyclomaticComplexity="0" minCyclomaticComplexity="0" maxCrapScore="0" minCrapScore="0" visitedClasses="0" numClasses="0" visitedMethods="0" numMethods="1" />
              <MetadataToken>100664199</MetadataToken>
              <Name>System.Boolean ODDGames.UITest.UITestBehaviour&lt;&gt;c__149[T]::&lt;FindAll&gt;b__149_5(UnityEngine.GameObject)</Name>
              <FileRef uid="40" />
              <SequencePoints>
                <SequencePoint vc="0" uspid="10451" ordinal="0" offset="0" sl="3154" sc="0" el="3154" ec="0" bec="0" bev="0" fileid="40" />
              </SequencePoints>
              <BranchPoints />
            </Method>
            <Method visited="false" cyclomaticComplexity="0" nPathComplexity="0" sequenceCoverage="0.0" branchCoverage="0" crapScore="0" isConstructor="false" isStatic="false" isGetter="false" isSetter="false">
              <Summary numSequencePoints="1" visitedSequencePoints="0" numBranchPoints="0" visitedBranchPoints="0" sequenceCoverage="0.0" branchCoverage="0" maxCyclomaticComplexity="0" minCyclomaticComplexity="0" maxCrapScore="0" minCrapScore="0" visitedClasses="0" numClasses="0" visitedMethods="0" numMethods="1" />
              <MetadataToken>100664200</MetadataToken>
              <Name>T ODDGames.UITest.UITestBehaviour&lt;&gt;c__149[T]::&lt;FindAll&gt;b__149_6(UnityEngine.GameObject)</Name>
              <FileRef uid="40" />
              <SequencePoints>
                <SequencePoint vc="0" uspid="10452" ordinal="0" offset="0" sl="3155" sc="0" el="3155" ec="0" bec="0" bev="0" fileid="40" />
              </SequencePoints>
              <BranchPoints />
            </Method>
            <Method visited="false" cyclomaticComplexity="0" nPathComplexity="0" sequenceCoverage="0.0" branchCoverage="0" crapScore="0" isConstructor="false" isStatic="false" isGetter="false" isSetter="false">
              <Summary numSequencePoints="1" visitedSequencePoints="0" numBranchPoints="0" visitedBranchPoints="0" sequenceCoverage="0.0" branchCoverage="0" maxCyclomaticComplexity="0" minCyclomaticComplexity="0" maxCrapScore="0" minCrapScore="0" visitedClasses="0" numClasses="0" visitedMethods="0" numMethods="1" />
              <MetadataToken>100664201</MetadataToken>
              <Name>System.Boolean ODDGames.UITest.UITestBehaviour&lt;&gt;c__149[T]::&lt;FindAll&gt;b__149_7(T)</Name>
              <FileRef uid="40" />
              <SequencePoints>
                <SequencePoint vc="0" uspid="10453" ordinal="0" offset="0" sl="3156" sc="0" el="3156" ec="0" bec="0" bev="0" fileid="40" />
              </SequencePoints>
              <BranchPoints />
            </Method>
            <Method visited="false" cyclomaticComplexity="0" nPathComplexity="0" sequenceCoverage="0.0" branchCoverage="0" crapScore="0" isConstructor="false" isStatic="false" isGetter="false" isSetter="false">
              <Summary numSequencePoints="1" visitedSequencePoints="0" numBranchPoints="0" visitedBranchPoints="0" sequenceCoverage="0.0" branchCoverage="0" maxCyclomaticComplexity="0" minCyclomaticComplexity="0" maxCrapScore="0" minCrapScore="0" visitedClasses="0" numClasses="0" visitedMethods="0" numMethods="1" />
              <MetadataToken>100664202</MetadataToken>
              <Name>T ODDGames.UITest.UITestBehaviour&lt;&gt;c__149[T]::&lt;FindAll&gt;b__149_3(System.ValueTuple[MonoBehaviour,T])</Name>
              <FileRef uid="40" />
              <SequencePoints>
                <SequencePoint vc="0" uspid="10454" ordinal="0" offset="0" sl="3158" sc="0" el="3158" ec="0" bec="0" bev="0" fileid="40" />
              </SequencePoints>
              <BranchPoints />
            </Method>
          </Methods>
        </Class>
        <Class>
          <Summary numSequencePoints="24" visitedSequencePoints="0" numBranchPoints="0" visitedBranchPoints="0" sequenceCoverage="0.0" branchCoverage="0.0" maxCyclomaticComplexity="0" minCyclomaticComplexity="0" maxCrapScore="0" minCrapScore="0" visitedClasses="0" numClasses="1" visitedMethods="0" numMethods="1" />
          <FullName>ODDGames.UITest.UITestBehaviour&lt;Find&gt;d__147[T]</FullName>
          <Methods>
            <Method visited="false" cyclomaticComplexity="0" nPathComplexity="0" sequenceCoverage="0.0" branchCoverage="0" crapScore="0" isConstructor="false" isStatic="false" isGetter="false" isSetter="false">
              <Summary numSequencePoints="24" visitedSequencePoints="0" numBranchPoints="0" visitedBranchPoints="0" sequenceCoverage="0.0" branchCoverage="0" maxCyclomaticComplexity="0" minCyclomaticComplexity="0" maxCrapScore="0" minCrapScore="0" visitedClasses="0" numClasses="0" visitedMethods="0" numMethods="1" />
              <MetadataToken>100664289</MetadataToken>
              <Name>System.Void ODDGames.UITest.UITestBehaviour&lt;Find&gt;d__147[T]::MoveNext()</Name>
              <FileRef uid="40" />
              <SequencePoints>
                <SequencePoint vc="0" uspid="10748" ordinal="0" offset="14" sl="2878" sc="0" el="2878" ec="0" bec="0" bev="0" fileid="40" />
                <SequencePoint vc="0" uspid="10749" ordinal="0" offset="15" sl="2879" sc="0" el="2879" ec="0" bec="0" bev="0" fileid="40" />
                <SequencePoint vc="0" uspid="10750" ordinal="0" offset="26" sl="2880" sc="0" el="2880" ec="0" bec="0" bev="0" fileid="40" />
                <SequencePoint vc="0" uspid="10751" ordinal="0" offset="49" sl="2883" sc="0" el="2883" ec="0" bec="0" bev="0" fileid="40" />
                <SequencePoint vc="0" uspid="10752" ordinal="0" offset="50" sl="2884" sc="0" el="2884" ec="0" bec="0" bev="0" fileid="40" />
                <SequencePoint vc="0" uspid="10753" ordinal="0" offset="167" sl="2886" sc="0" el="2886" ec="0" bec="0" bev="0" fileid="40" />
                <SequencePoint vc="0" uspid="10754" ordinal="0" offset="184" sl="2888" sc="0" el="2888" ec="0" bec="0" bev="0" fileid="40" />
                <SequencePoint vc="0" uspid="10755" ordinal="0" offset="207" sl="2889" sc="0" el="2889" ec="0" bec="0" bev="0" fileid="40" />
                <SequencePoint vc="0" uspid="10756" ordinal="0" offset="212" sl="2892" sc="0" el="2892" ec="0" bec="0" bev="0" fileid="40" />
                <SequencePoint vc="0" uspid="10757" ordinal="0" offset="253" sl="2893" sc="0" el="2893" ec="0" bec="0" bev="0" fileid="40" />
                <SequencePoint vc="0" uspid="10758" ordinal="0" offset="258" sl="2895" sc="0" el="2895" ec="0" bec="0" bev="0" fileid="40" />
                <SequencePoint vc="0" uspid="10759" ordinal="0" offset="273" sl="2896" sc="0" el="2896" ec="0" bec="0" bev="0" fileid="40" />
                <SequencePoint vc="0" uspid="10760" ordinal="0" offset="274" sl="2897" sc="0" el="2897" ec="0" bec="0" bev="0" fileid="40" />
                <SequencePoint vc="0" uspid="10761" ordinal="0" offset="299" sl="2898" sc="0" el="2898" ec="0" bec="0" bev="0" fileid="40" />
                <SequencePoint vc="0" uspid="10762" ordinal="0" offset="301" sl="2900" sc="0" el="2900" ec="0" bec="0" bev="0" fileid="40" />
                <SequencePoint vc="0" uspid="10763" ordinal="0" offset="323" sl="2901" sc="0" el="2901" ec="0" bec="0" bev="0" fileid="40" />
                <SequencePoint vc="0" uspid="10764" ordinal="0" offset="381" sl="2902" sc="0" el="2902" ec="0" bec="0" bev="0" fileid="40" />
                <SequencePoint vc="0" uspid="10765" ordinal="0" offset="383" sl="2903" sc="0" el="2903" ec="0" bec="0" bev="0" fileid="40" />
                <SequencePoint vc="0" uspid="10766" ordinal="0" offset="391" sl="2905" sc="0" el="2905" ec="0" bec="0" bev="0" fileid="40" />
                <SequencePoint vc="0" uspid="10767" ordinal="0" offset="400" sl="2882" sc="0" el="2882" ec="0" bec="0" bev="0" fileid="40" />
                <SequencePoint vc="0" uspid="10768" ordinal="0" offset="429" sl="2908" sc="0" el="2908" ec="0" bec="0" bev="0" fileid="40" />
                <SequencePoint vc="0" uspid="10769" ordinal="0" offset="441" sl="2909" sc="0" el="2909" ec="0" bec="0" bev="0" fileid="40" />
                <SequencePoint vc="0" uspid="10770" ordinal="0" offset="483" sl="2911" sc="0" el="2911" ec="0" bec="0" bev="0" fileid="40" />
                <SequencePoint vc="0" uspid="10771" ordinal="0" offset="519" sl="2912" sc="0" el="2912" ec="0" bec="0" bev="0" fileid="40" />
              </SequencePoints>
              <BranchPoints />
            </Method>
          </Methods>
        </Class>
        <Class>
          <Summary numSequencePoints="110" visitedSequencePoints="0" numBranchPoints="0" visitedBranchPoints="0" sequenceCoverage="0.0" branchCoverage="0.0" maxCyclomaticComplexity="0" minCyclomaticComplexity="0" maxCrapScore="0" minCrapScore="0" visitedClasses="0" numClasses="1" visitedMethods="0" numMethods="1" />
          <FullName>ODDGames.UITest.UITestBehaviour&lt;Find&gt;d__148[T]</FullName>
          <Methods>
            <Method visited="false" cyclomaticComplexity="0" nPathComplexity="0" sequenceCoverage="0.0" branchCoverage="0" crapScore="0" isConstructor="false" isStatic="false" isGetter="false" isSetter="false">
              <Summary numSequencePoints="110" visitedSequencePoints="0" numBranchPoints="0" visitedBranchPoints="0" sequenceCoverage="0.0" branchCoverage="0" maxCyclomaticComplexity="0" minCyclomaticComplexity="0" maxCrapScore="0" minCrapScore="0" visitedClasses="0" numClasses="0" visitedMethods="0" numMethods="1" />
              <MetadataToken>100664292</MetadataToken>
              <Name>System.Void ODDGames.UITest.UITestBehaviour&lt;Find&gt;d__148[T]::MoveNext()</Name>
              <FileRef uid="40" />
              <SequencePoints>
                <SequencePoint vc="0" uspid="10772" ordinal="0" offset="51" sl="2937" sc="0" el="2937" ec="0" bec="0" bev="0" fileid="40" />
                <SequencePoint vc="0" uspid="10773" ordinal="0" offset="52" sl="2938" sc="0" el="2938" ec="0" bec="0" bev="0" fileid="40" />
                <SequencePoint vc="0" uspid="10774" ordinal="0" offset="63" sl="2939" sc="0" el="2939" ec="0" bec="0" bev="0" fileid="40" />
                <SequencePoint vc="0" uspid="10775" ordinal="0" offset="155" sl="2941" sc="0" el="2941" ec="0" bec="0" bev="0" fileid="40" />
                <SequencePoint vc="0" uspid="10776" ordinal="0" offset="162" sl="2942" sc="0" el="2942" ec="0" bec="0" bev="0" fileid="40" />
                <SequencePoint vc="0" uspid="10777" ordinal="0" offset="190" sl="2945" sc="0" el="2945" ec="0" bec="0" bev="0" fileid="40" />
                <SequencePoint vc="0" uspid="10778" ordinal="0" offset="191" sl="2946" sc="0" el="2946" ec="0" bec="0" bev="0" fileid="40" />
                <SequencePoint vc="0" uspid="10779" ordinal="0" offset="207" sl="2950" sc="0" el="2950" ec="0" bec="0" bev="0" fileid="40" />
                <SequencePoint vc="0" uspid="10780" ordinal="0" offset="225" sl="2951" sc="0" el="2951" ec="0" bec="0" bev="0" fileid="40" />
                <SequencePoint vc="0" uspid="10781" ordinal="0" offset="226" sl="2952" sc="0" el="2952" ec="0" bec="0" bev="0" fileid="40" />
                <SequencePoint vc="0" uspid="10782" ordinal="0" offset="244" sl="2953" sc="0" el="2953" ec="0" bec="0" bev="0" fileid="40" />
                <SequencePoint vc="0" uspid="10783" ordinal="0" offset="255" sl="2955" sc="0" el="2955" ec="0" bec="0" bev="0" fileid="40" />
                <SequencePoint vc="0" uspid="10784" ordinal="0" offset="256" sl="2955" sc="0" el="2955" ec="0" bec="0" bev="0" fileid="40" />
                <SequencePoint vc="0" uspid="10785" ordinal="0" offset="280" sl="2955" sc="0" el="2955" ec="0" bec="0" bev="0" fileid="40" />
                <SequencePoint vc="0" uspid="10786" ordinal="0" offset="299" sl="2956" sc="0" el="2956" ec="0" bec="0" bev="0" fileid="40" />
                <SequencePoint vc="0" uspid="10787" ordinal="0" offset="300" sl="2957" sc="0" el="2957" ec="0" bec="0" bev="0" fileid="40" />
                <SequencePoint vc="0" uspid="10788" ordinal="0" offset="318" sl="2957" sc="0" el="2957" ec="0" bec="0" bev="0" fileid="40" />
                <SequencePoint vc="0" uspid="10789" ordinal="0" offset="320" sl="2958" sc="0" el="2958" ec="0" bec="0" bev="0" fileid="40" />
                <SequencePoint vc="0" uspid="10790" ordinal="0" offset="337" sl="2959" sc="0" el="2959" ec="0" bec="0" bev="0" fileid="40" />
                <SequencePoint vc="0" uspid="10791" ordinal="0" offset="363" sl="2959" sc="0" el="2959" ec="0" bec="0" bev="0" fileid="40" />
                <SequencePoint vc="0" uspid="10792" ordinal="0" offset="365" sl="2960" sc="0" el="2960" ec="0" bec="0" bev="0" fileid="40" />
                <SequencePoint vc="0" uspid="10793" ordinal="0" offset="383" sl="2961" sc="0" el="2961" ec="0" bec="0" bev="0" fileid="40" />
                <SequencePoint vc="0" uspid="10794" ordinal="0" offset="412" sl="2955" sc="0" el="2955" ec="0" bec="0" bev="0" fileid="40" />
                <SequencePoint vc="0" uspid="10795" ordinal="0" offset="438" sl="2963" sc="0" el="2963" ec="0" bec="0" bev="0" fileid="40" />
                <SequencePoint vc="0" uspid="10796" ordinal="0" offset="461" sl="2964" sc="0" el="2964" ec="0" bec="0" bev="0" fileid="40" />
                <SequencePoint vc="0" uspid="10797" ordinal="0" offset="462" sl="2965" sc="0" el="2965" ec="0" bec="0" bev="0" fileid="40" />
                <SequencePoint vc="0" uspid="10798" ordinal="0" offset="490" sl="2966" sc="0" el="2966" ec="0" bec="0" bev="0" fileid="40" />
                <SequencePoint vc="0" uspid="10799" ordinal="0" offset="491" sl="2966" sc="0" el="2966" ec="0" bec="0" bev="0" fileid="40" />
                <SequencePoint vc="0" uspid="10800" ordinal="0" offset="524" sl="2966" sc="0" el="2966" ec="0" bec="0" bev="0" fileid="40" />
                <SequencePoint vc="0" uspid="10801" ordinal="0" offset="541" sl="2967" sc="0" el="2967" ec="0" bec="0" bev="0" fileid="40" />
                <SequencePoint vc="0" uspid="10802" ordinal="0" offset="542" sl="2968" sc="0" el="2968" ec="0" bec="0" bev="0" fileid="40" />
                <SequencePoint vc="0" uspid="10803" ordinal="0" offset="560" sl="2968" sc="0" el="2968" ec="0" bec="0" bev="0" fileid="40" />
                <SequencePoint vc="0" uspid="10804" ordinal="0" offset="565" sl="2971" sc="0" el="2971" ec="0" bec="0" bev="0" fileid="40" />
                <SequencePoint vc="0" uspid="10805" ordinal="0" offset="582" sl="2972" sc="0" el="2972" ec="0" bec="0" bev="0" fileid="40" />
                <SequencePoint vc="0" uspid="10806" ordinal="0" offset="625" sl="2972" sc="0" el="2972" ec="0" bec="0" bev="0" fileid="40" />
                <SequencePoint vc="0" uspid="10807" ordinal="0" offset="630" sl="2974" sc="0" el="2974" ec="0" bec="0" bev="0" fileid="40" />
                <SequencePoint vc="0" uspid="10808" ordinal="0" offset="647" sl="2975" sc="0" el="2975" ec="0" bec="0" bev="0" fileid="40" />
                <SequencePoint vc="0" uspid="10809" ordinal="0" offset="670" sl="2976" sc="0" el="2976" ec="0" bec="0" bev="0" fileid="40" />
                <SequencePoint vc="0" uspid="10810" ordinal="0" offset="671" sl="2977" sc="0" el="2977" ec="0" bec="0" bev="0" fileid="40" />
                <SequencePoint vc="0" uspid="10811" ordinal="0" offset="736" sl="2978" sc="0" el="2978" ec="0" bec="0" bev="0" fileid="40" />
                <SequencePoint vc="0" uspid="10812" ordinal="0" offset="839" sl="2979" sc="0" el="2979" ec="0" bec="0" bev="0" fileid="40" />
                <SequencePoint vc="0" uspid="10813" ordinal="0" offset="851" sl="2981" sc="0" el="2981" ec="0" bec="0" bev="0" fileid="40" />
                <SequencePoint vc="0" uspid="10814" ordinal="0" offset="878" sl="2966" sc="0" el="2966" ec="0" bec="0" bev="0" fileid="40" />
                <SequencePoint vc="0" uspid="10815" ordinal="0" offset="931" sl="2982" sc="0" el="2982" ec="0" bec="0" bev="0" fileid="40" />
                <SequencePoint vc="0" uspid="10816" ordinal="0" offset="939" sl="2983" sc="0" el="2983" ec="0" bec="0" bev="0" fileid="40" />
                <SequencePoint vc="0" uspid="10817" ordinal="0" offset="959" sl="2985" sc="0" el="2985" ec="0" bec="0" bev="0" fileid="40" />
                <SequencePoint vc="0" uspid="10818" ordinal="0" offset="960" sl="2987" sc="0" el="2987" ec="0" bec="0" bev="0" fileid="40" />
                <SequencePoint vc="0" uspid="10819" ordinal="0" offset="978" sl="2988" sc="0" el="2988" ec="0" bec="0" bev="0" fileid="40" />
                <SequencePoint vc="0" uspid="10820" ordinal="0" offset="989" sl="2991" sc="0" el="2991" ec="0" bec="0" bev="0" fileid="40" />
                <SequencePoint vc="0" uspid="10821" ordinal="0" offset="1000" sl="2993" sc="0" el="2993" ec="0" bec="0" bev="0" fileid="40" />
                <SequencePoint vc="0" uspid="10822" ordinal="0" offset="1001" sl="2993" sc="0" el="2993" ec="0" bec="0" bev="0" fileid="40" />
                <SequencePoint vc="0" uspid="10823" ordinal="0" offset="1025" sl="2993" sc="0" el="2993" ec="0" bec="0" bev="0" fileid="40" />
                <SequencePoint vc="0" uspid="10824" ordinal="0" offset="1044" sl="2994" sc="0" el="2994" ec="0" bec="0" bev="0" fileid="40" />
                <SequencePoint vc="0" uspid="10825" ordinal="0" offset="1045" sl="2995" sc="0" el="2995" ec="0" bec="0" bev="0" fileid="40" />
                <SequencePoint vc="0" uspid="10826" ordinal="0" offset="1063" sl="2995" sc="0" el="2995" ec="0" bec="0" bev="0" fileid="40" />
                <SequencePoint vc="0" uspid="10827" ordinal="0" offset="1068" sl="2998" sc="0" el="2998" ec="0" bec="0" bev="0" fileid="40" />
                <SequencePoint vc="0" uspid="10828" ordinal="0" offset="1099" sl="2998" sc="0" el="2998" ec="0" bec="0" bev="0" fileid="40" />
                <SequencePoint vc="0" uspid="10829" ordinal="0" offset="1104" sl="3000" sc="0" el="3000" ec="0" bec="0" bev="0" fileid="40" />
                <SequencePoint vc="0" uspid="10830" ordinal="0" offset="1130" sl="3000" sc="0" el="3000" ec="0" bec="0" bev="0" fileid="40" />
                <SequencePoint vc="0" uspid="10831" ordinal="0" offset="1135" sl="3001" sc="0" el="3001" ec="0" bec="0" bev="0" fileid="40" />
                <SequencePoint vc="0" uspid="10832" ordinal="0" offset="1166" sl="3001" sc="0" el="3001" ec="0" bec="0" bev="0" fileid="40" />
                <SequencePoint vc="0" uspid="10833" ordinal="0" offset="1171" sl="3004" sc="0" el="3004" ec="0" bec="0" bev="0" fileid="40" />
                <SequencePoint vc="0" uspid="10834" ordinal="0" offset="1216" sl="3005" sc="0" el="3005" ec="0" bec="0" bev="0" fileid="40" />
                <SequencePoint vc="0" uspid="10835" ordinal="0" offset="1217" sl="3006" sc="0" el="3006" ec="0" bec="0" bev="0" fileid="40" />
                <SequencePoint vc="0" uspid="10836" ordinal="0" offset="1246" sl="3007" sc="0" el="3007" ec="0" bec="0" bev="0" fileid="40" />
                <SequencePoint vc="0" uspid="10837" ordinal="0" offset="1249" sl="3009" sc="0" el="3009" ec="0" bec="0" bev="0" fileid="40" />
                <SequencePoint vc="0" uspid="10838" ordinal="0" offset="1250" sl="3010" sc="0" el="3010" ec="0" bec="0" bev="0" fileid="40" />
                <SequencePoint vc="0" uspid="10839" ordinal="0" offset="1267" sl="3011" sc="0" el="3011" ec="0" bec="0" bev="0" fileid="40" />
                <SequencePoint vc="0" uspid="10840" ordinal="0" offset="1287" sl="3012" sc="0" el="3012" ec="0" bec="0" bev="0" fileid="40" />
                <SequencePoint vc="0" uspid="10841" ordinal="0" offset="1316" sl="3013" sc="0" el="3013" ec="0" bec="0" bev="0" fileid="40" />
                <SequencePoint vc="0" uspid="10842" ordinal="0" offset="1329" sl="3014" sc="0" el="3014" ec="0" bec="0" bev="0" fileid="40" />
                <SequencePoint vc="0" uspid="10843" ordinal="0" offset="1363" sl="2993" sc="0" el="2993" ec="0" bec="0" bev="0" fileid="40" />
                <SequencePoint vc="0" uspid="10844" ordinal="0" offset="1389" sl="3017" sc="0" el="3017" ec="0" bec="0" bev="0" fileid="40" />
                <SequencePoint vc="0" uspid="10845" ordinal="0" offset="1412" sl="3018" sc="0" el="3018" ec="0" bec="0" bev="0" fileid="40" />
                <SequencePoint vc="0" uspid="10846" ordinal="0" offset="1413" sl="3019" sc="0" el="3019" ec="0" bec="0" bev="0" fileid="40" />
[...]
              <SequencePoints>
                <SequencePoint vc="1" uspid="19377" ordinal="0" offset="0" sl="1275" sc="9" el="1275" ec="9" bec="0" bev="0" fileid="55" />
                <SequencePoint vc="1" uspid="19378" ordinal="0" offset="1" sl="1276" sc="13" el="1276" ec="13" bec="0" bev="0" fileid="55" />
                <SequencePoint vc="0" uspid="19379" ordinal="0" offset="20" sl="1276" sc="42" el="1276" ec="42" bec="0" bev="0" fileid="55" />
                <SequencePoint vc="1" uspid="19380" ordinal="0" offset="29" sl="1278" sc="13" el="1278" ec="13" bec="0" bev="0" fileid="55" />
                <SequencePoint vc="1" uspid="19381" ordinal="0" offset="37" sl="1279" sc="13" el="1279" ec="13" bec="0" bev="0" fileid="55" />
                <SequencePoint vc="1" uspid="19382" ordinal="0" offset="49" sl="1281" sc="13" el="1281" ec="13" bec="0" bev="0" fileid="55" />
                <SequencePoint vc="0" uspid="19383" ordinal="0" offset="70" sl="1282" sc="17" el="1282" ec="17" bec="0" bev="0" fileid="55" />
                <SequencePoint vc="1" uspid="19384" ordinal="0" offset="75" sl="1285" sc="13" el="1285" ec="13" bec="0" bev="0" fileid="55" />
                <SequencePoint vc="1" uspid="19385" ordinal="0" offset="83" sl="1286" sc="13" el="1286" ec="13" bec="0" bev="0" fileid="55" />
                <SequencePoint vc="1" uspid="19386" ordinal="0" offset="94" sl="1287" sc="9" el="1287" ec="9" bec="0" bev="0" fileid="55" />
              </SequencePoints>
              <BranchPoints />
            </Method>
            <Method visited="true" cyclomaticComplexity="0" nPathComplexity="0" sequenceCoverage="36.84" branchCoverage="0" crapScore="0" isConstructor="false" isStatic="false" isGetter="false" isSetter="false">
              <Summary numSequencePoints="38" visitedSequencePoints="14" numBranchPoints="0" visitedBranchPoints="0" sequenceCoverage="36.84" branchCoverage="0" maxCyclomaticComplexity="0" minCyclomaticComplexity="0" maxCrapScore="0" minCrapScore="0" visitedClasses="0" numClasses="0" visitedMethods="1" numMethods="1" />
              <MetadataToken>100663357</MetadataToken>
              <Name>System.String ODDGames.UITest.VisualBuilder.Editor.TestBuilder::GetChainInlineDisplay(System.Collections.Generic.List[SearchChainItem])</Name>
              <FileRef uid="55" />
              <SequencePoints>
                <SequencePoint vc="1" uspid="19387" ordinal="0" offset="0" sl="1290" sc="9" el="1290" ec="9" bec="0" bev="0" fileid="55" />
                <SequencePoint vc="1" uspid="19388" ordinal="0" offset="1" sl="1291" sc="13" el="1291" ec="13" bec="0" bev="0" fileid="55" />
                <SequencePoint vc="0" uspid="19389" ordinal="0" offset="20" sl="1291" sc="52" el="1291" ec="52" bec="0" bev="0" fileid="55" />
                <SequencePoint vc="1" uspid="19390" ordinal="0" offset="31" sl="1293" sc="13" el="1293" ec="13" bec="0" bev="0" fileid="55" />
                <SequencePoint vc="1" uspid="19391" ordinal="0" offset="37" sl="1294" sc="13" el="1294" ec="13" bec="0" bev="0" fileid="55" />
                <SequencePoint vc="1" uspid="19392" ordinal="0" offset="38" sl="1294" sc="34" el="1294" ec="34" bec="0" bev="0" fileid="55" />
                <SequencePoint vc="1" uspid="19393" ordinal="0" offset="50" sl="1294" sc="22" el="1294" ec="22" bec="0" bev="0" fileid="55" />
                <SequencePoint vc="1" uspid="19394" ordinal="0" offset="59" sl="1295" sc="13" el="1295" ec="13" bec="0" bev="0" fileid="55" />
                <SequencePoint vc="1" uspid="19395" ordinal="0" offset="60" sl="1296" sc="17" el="1296" ec="17" bec="0" bev="0" fileid="55" />
                <SequencePoint vc="0" uspid="19396" ordinal="0" offset="72" sl="1296" sc="43" el="1296" ec="43" bec="0" bev="0" fileid="55" />
                <SequencePoint vc="0" uspid="19397" ordinal="0" offset="925" sl="1298" sc="31" el="1298" ec="31" bec="0" bev="0" fileid="55" />
                <SequencePoint vc="0" uspid="19398" ordinal="0" offset="962" sl="1299" sc="36" el="1299" ec="36" bec="0" bev="0" fileid="55" />
                <SequencePoint vc="0" uspid="19399" ordinal="0" offset="999" sl="1300" sc="38" el="1300" ec="38" bec="0" bev="0" fileid="55" />
                <SequencePoint vc="0" uspid="19400" ordinal="0" offset="1035" sl="1301" sc="35" el="1301" ec="35" bec="0" bev="0" fileid="55" />
                <SequencePoint vc="0" uspid="19401" ordinal="0" offset="1072" sl="1302" sc="40" el="1302" ec="40" bec="0" bev="0" fileid="55" />
                <SequencePoint vc="0" uspid="19402" ordinal="0" offset="1108" sl="1303" sc="37" el="1303" ec="37" bec="0" bev="0" fileid="55" />
                <SequencePoint vc="0" uspid="19403" ordinal="0" offset="1145" sl="1304" sc="32" el="1304" ec="32" bec="0" bev="0" fileid="55" />
                <SequencePoint vc="0" uspid="19404" ordinal="0" offset="1157" sl="1305" sc="31" el="1305" ec="31" bec="0" bev="0" fileid="55" />
                <SequencePoint vc="0" uspid="19405" ordinal="0" offset="1169" sl="1306" sc="31" el="1306" ec="31" bec="0" bev="0" fileid="55" />
                <SequencePoint vc="0" uspid="19406" ordinal="0" offset="1198" sl="1307" sc="31" el="1307" ec="31" bec="0" bev="0" fileid="55" />
                <SequencePoint vc="0" uspid="19407" ordinal="0" offset="1227" sl="1308" sc="34" el="1308" ec="34" bec="0" bev="0" fileid="55" />
                <SequencePoint vc="0" uspid="19408" ordinal="0" offset="1239" sl="1309" sc="39" el="1309" ec="39" bec="0" bev="0" fileid="55" />
                <SequencePoint vc="0" uspid="19409" ordinal="0" offset="1251" sl="1310" sc="42" el="1310" ec="42" bec="0" bev="0" fileid="55" />
                <SequencePoint vc="0" uspid="19410" ordinal="0" offset="1263" sl="1311" sc="42" el="1311" ec="42" bec="0" bev="0" fileid="55" />
                <SequencePoint vc="0" uspid="19411" ordinal="0" offset="1275" sl="1312" sc="35" el="1312" ec="35" bec="0" bev="0" fileid="55" />
                <SequencePoint vc="1" uspid="19412" ordinal="0" offset="1312" sl="1313" sc="31" el="1313" ec="31" bec="0" bev="0" fileid="55" />
                <SequencePoint vc="0" uspid="19413" ordinal="0" offset="1341" sl="1314" sc="31" el="1314" ec="31" bec="0" bev="0" fileid="55" />
                <SequencePoint vc="0" uspid="19414" ordinal="0" offset="1375" sl="1315" sc="31" el="1315" ec="31" bec="0" bev="0" fileid="55" />
                <SequencePoint vc="0" uspid="19415" ordinal="0" offset="1409" sl="1316" sc="36" el="1316" ec="36" bec="0" bev="0" fileid="55" />
                <SequencePoint vc="0" uspid="19416" ordinal="0" offset="1418" sl="1317" sc="35" el="1317" ec="35" bec="0" bev="0" fileid="55" />
                <SequencePoint vc="0" uspid="19417" ordinal="0" offset="1444" sl="1318" sc="37" el="1318" ec="37" bec="0" bev="0" fileid="55" />
                <SequencePoint vc="0" uspid="19418" ordinal="0" offset="1470" sl="1319" sc="26" el="1319" ec="26" bec="0" bev="0" fileid="55" />
                <SequencePoint vc="0" uspid="19419" ordinal="0" offset="1499" sl="1296" sc="17" el="1296" ec="17" bec="0" bev="0" fileid="55" />
                <SequencePoint vc="1" uspid="19420" ordinal="0" offset="1504" sl="1321" sc="17" el="1321" ec="17" bec="0" bev="0" fileid="55" />
                <SequencePoint vc="1" uspid="19421" ordinal="0" offset="1513" sl="1322" sc="13" el="1322" ec="13" bec="0" bev="0" fileid="55" />
                <SequencePoint vc="2" uspid="19422" ordinal="0" offset="1514" sl="1294" sc="31" el="1294" ec="31" bec="0" bev="0" fileid="55" />
                <SequencePoint vc="1" uspid="19423" ordinal="0" offset="1543" sl="1323" sc="13" el="1323" ec="13" bec="0" bev="0" fileid="55" />
                <SequencePoint vc="1" uspid="19424" ordinal="0" offset="1557" sl="1324" sc="9" el="1324" ec="9" bec="0" bev="0" fileid="55" />
              </SequencePoints>
              <BranchPoints />
            </Method>
            <Method visited="true" cyclomaticComplexity="0" nPathComplexity="0" sequenceCoverage="29.41" branchCoverage="0" crapScore="0" isConstructor="false" isStatic="false" isGetter="false" isSetter="false">
              <Summary numSequencePoints="17" visitedSequencePoints="5" numBranchPoints="0" visitedBranchPoints="0" sequenceCoverage="29.41" branchCoverage="0" maxCyclomaticComplexity="0" minCyclomaticComplexity="0" maxCrapScore="0" minCrapScore="0" visitedClasses="0" numClasses="0" visitedMethods="1" numMethods="1" />
              <MetadataToken>100663358</MetadataToken>
              <Name>System.String ODDGames.UITest.VisualBuilder.Editor.TestBuilder::GetTargetBaseDisplay(ODDGames.UITest.VisualBuilder.ElementSelector)</Name>
              <FileRef uid="55" />
              <SequencePoints>
                <SequencePoint vc="1" uspid="19425" ordinal="0" offset="0" sl="1327" sc="9" el="1327" ec="9" bec="0" bev="0" fileid="55" />
                <SequencePoint vc="1" uspid="19426" ordinal="0" offset="1" sl="1328" sc="13" el="1328" ec="13" bec="0" bev="0" fileid="55" />
                <SequencePoint vc="0" uspid="19427" ordinal="0" offset="20" sl="1328" sc="42" el="1328" ec="42" bec="0" bev="0" fileid="55" />
                <SequencePoint vc="1" uspid="19428" ordinal="0" offset="31" sl="1330" sc="13" el="1330" ec="13" bec="0" bev="0" fileid="55" />
                <SequencePoint vc="0" uspid="19429" ordinal="0" offset="46" sl="1330" sc="46" el="1330" ec="46" bec="0" bev="0" fileid="55" />
                <SequencePoint vc="1" uspid="19430" ordinal="0" offset="403" sl="1332" sc="27" el="1332" ec="27" bec="0" bev="0" fileid="55" />
                <SequencePoint vc="0" uspid="19431" ordinal="0" offset="443" sl="1333" sc="27" el="1333" ec="27" bec="0" bev="0" fileid="55" />
                <SequencePoint vc="0" uspid="19432" ordinal="0" offset="483" sl="1334" sc="27" el="1334" ec="27" bec="0" bev="0" fileid="55" />
                <SequencePoint vc="0" uspid="19433" ordinal="0" offset="515" sl="1335" sc="31" el="1335" ec="31" bec="0" bev="0" fileid="55" />
                <SequencePoint vc="0" uspid="19434" ordinal="0" offset="601" sl="1336" sc="27" el="1336" ec="27" bec="0" bev="0" fileid="55" />
                <SequencePoint vc="0" uspid="19435" ordinal="0" offset="641" sl="1337" sc="27" el="1337" ec="27" bec="0" bev="0" fileid="55" />
                <SequencePoint vc="0" uspid="19436" ordinal="0" offset="678" sl="1338" sc="29" el="1338" ec="29" bec="0" bev="0" fileid="55" />
                <SequencePoint vc="0" uspid="19437" ordinal="0" offset="715" sl="1339" sc="26" el="1339" ec="26" bec="0" bev="0" fileid="55" />
                <SequencePoint vc="0" uspid="19438" ordinal="0" offset="744" sl="1340" sc="26" el="1340" ec="26" bec="0" bev="0" fileid="55" />
                <SequencePoint vc="0" uspid="19439" ordinal="0" offset="781" sl="1341" sc="22" el="1341" ec="22" bec="0" bev="0" fileid="55" />
                <SequencePoint vc="0" uspid="19440" ordinal="0" offset="807" sl="1330" sc="13" el="1330" ec="13" bec="0" bev="0" fileid="55" />
                <SequencePoint vc="1" uspid="19441" ordinal="0" offset="812" sl="1343" sc="9" el="1343" ec="9" bec="0" bev="0" fileid="55" />
              </SequencePoints>
              <BranchPoints />
            </Method>
            <Method visited="true" cyclomaticComplexity="0" nPathComplexity="0" sequenceCoverage="80.00" branchCoverage="0" crapScore="0" isConstructor="false" isStatic="false" isGetter="false" isSetter="false">
              <Summary numSequencePoints="5" visitedSequencePoints="4" numBranchPoints="0" visitedBranchPoints="0" sequenceCoverage="80.00" branchCoverage="0" maxCyclomaticComplexity="0" minCyclomaticComplexity="0" maxCrapScore="0" minCrapScore="0" visitedClasses="0" numClasses="0" visitedMethods="1" numMethods="1" />
              <MetadataToken>100663361</MetadataToken>
              <Name>System.String ODDGames.UITest.VisualBuilder.Editor.TestBuilder::TruncateText(System.String, System.Int32)</Name>
              <FileRef uid="55" />
              <SequencePoints>
                <SequencePoint vc="1" uspid="19501" ordinal="0" offset="0" sl="1405" sc="9" el="1405" ec="9" bec="0" bev="0" fileid="55" />
                <SequencePoint vc="1" uspid="19502" ordinal="0" offset="1" sl="1406" sc="13" el="1406" ec="13" bec="0" bev="0" fileid="55" />
                <SequencePoint vc="0" uspid="19503" ordinal="0" offset="11" sl="1406" sc="45" el="1406" ec="45" bec="0" bev="0" fileid="55" />
                <SequencePoint vc="1" uspid="19504" ordinal="0" offset="19" sl="1407" sc="13" el="1407" ec="13" bec="0" bev="0" fileid="55" />
                <SequencePoint vc="1" uspid="19505" ordinal="0" offset="52" sl="1408" sc="9" el="1408" ec="9" bec="0" bev="0" fileid="55" />
              </SequencePoints>
              <BranchPoints />
            </Method>
            <Method visited="true" cyclomaticComplexity="0" nPathComplexity="0" sequenceCoverage="18.18" branchCoverage="0" crapScore="0" isConstructor="false" isStatic="false" isGetter="false" isSetter="false">
              <Summary numSequencePoints="22" visitedSequencePoints="4" numBranchPoints="0" visitedBranchPoints="0" sequenceCoverage="18.18" branchCoverage="0" maxCyclomaticComplexity="0" minCyclomaticComplexity="0" maxCrapScore="0" minCrapScore="0" visitedClasses="0" numClasses="0" visitedMethods="1" numMethods="1" />
              <MetadataToken>100663371</MetadataToken>
              <Name>System.Void ODDGames.UITest.VisualBuilder.Editor.TestBuilder::OnSceneGUI(UnityEditor.SceneView)</Name>
              <FileRef uid="55" />
              <SequencePoints>
                <SequencePoint vc="24" uspid="19658" ordinal="0" offset="0" sl="1660" sc="9" el="1660" ec="9" bec="0" bev="0" fileid="55" />
                <SequencePoint vc="24" uspid="19659" ordinal="0" offset="1" sl="1662" sc="13" el="1662" ec="13" bec="0" bev="0" fileid="55" />
                <SequencePoint vc="24" uspid="19660" ordinal="0" offset="25" sl="1662" sc="59" el="1662" ec="59" bec="0" bev="0" fileid="55" />
                <SequencePoint vc="0" uspid="19661" ordinal="0" offset="30" sl="1663" sc="13" el="1663" ec="13" bec="0" bev="0" fileid="55" />
                <SequencePoint vc="0" uspid="19662" ordinal="0" offset="42" sl="1663" sc="47" el="1663" ec="47" bec="0" bev="0" fileid="55" />
                <SequencePoint vc="0" uspid="19663" ordinal="0" offset="43" sl="1663" sc="49" el="1663" ec="49" bec="0" bev="0" fileid="55" />
                <SequencePoint vc="0" uspid="19664" ordinal="0" offset="50" sl="1663" sc="66" el="1663" ec="66" bec="0" bev="0" fileid="55" />
                <SequencePoint vc="0" uspid="19665" ordinal="0" offset="55" sl="1666" sc="13" el="1666" ec="13" bec="0" bev="0" fileid="55" />
                <SequencePoint vc="0" uspid="19666" ordinal="0" offset="107" sl="1669" sc="13" el="1669" ec="13" bec="0" bev="0" fileid="55" />
                <SequencePoint vc="0" uspid="19667" ordinal="0" offset="143" sl="1670" sc="13" el="1670" ec="13" bec="0" bev="0" fileid="55" />
                <SequencePoint vc="0" uspid="19668" ordinal="0" offset="144" sl="1671" sc="17" el="1671" ec="17" bec="0" bev="0" fileid="55" />
                <SequencePoint vc="0" uspid="19669" ordinal="0" offset="151" sl="1672" sc="17" el="1672" ec="17" bec="0" bev="0" fileid="55" />
                <SequencePoint vc="0" uspid="19670" ordinal="0" offset="162" sl="1673" sc="17" el="1673" ec="17" bec="0" bev="0" fileid="55" />
                <SequencePoint vc="0" uspid="19671" ordinal="0" offset="169" sl="1674" sc="17" el="1674" ec="17" bec="0" bev="0" fileid="55" />
                <SequencePoint vc="0" uspid="19672" ordinal="0" offset="174" sl="1678" sc="13" el="1678" ec="13" bec="0" bev="0" fileid="55" />
                <SequencePoint vc="0" uspid="19673" ordinal="0" offset="180" sl="1679" sc="13" el="1679" ec="13" bec="0" bev="0" fileid="55" />
                <SequencePoint vc="0" uspid="19674" ordinal="0" offset="221" sl="1685" sc="13" el="1685" ec="13" bec="0" bev="0" fileid="55" />
                <SequencePoint vc="0" uspid="19675" ordinal="0" offset="238" sl="1686" sc="13" el="1686" ec="13" bec="0" bev="0" fileid="55" />
                <SequencePoint vc="0" uspid="19676" ordinal="0" offset="259" sl="1687" sc="13" el="1687" ec="13" bec="0" bev="0" fileid="55" />
                <SequencePoint vc="0" uspid="19677" ordinal="0" offset="292" sl="1688" sc="13" el="1688" ec="13" bec="0" bev="0" fileid="55" />
                <SequencePoint vc="0" uspid="19678" ordinal="0" offset="298" sl="1690" sc="13" el="1690" ec="13" bec="0" bev="0" fileid="55" />
                <SequencePoint vc="24" uspid="19679" ordinal="0" offset="305" sl="1691" sc="9" el="1691" ec="9" bec="0" bev="0" fileid="55" />
              </SequencePoints>
              <BranchPoints />
            </Method>
            <Method visited="true" cyclomaticComplexity="0" nPathComplexity="0" sequenceCoverage="100.0" branchCoverage="0" crapScore="0" isConstructor="false" isStatic="false" isGetter="false" isSetter="false">
              <Summary numSequencePoints="15" visitedSequencePoints="15" numBranchPoints="0" visitedBranchPoints="0" sequenceCoverage="100.0" branchCoverage="0" maxCyclomaticComplexity="0" minCyclomaticComplexity="0" maxCrapScore="0" minCrapScore="0" visitedClasses="0" numClasses="0" visitedMethods="1" numMethods="1" />
              <MetadataToken>100663387</MetadataToken>
              <Name>System.Collections.Generic.List[String] ODDGames.UITest.VisualBuilder.Editor.TestBuilder::GetAllSceneNames()</Name>
              <FileRef uid="55" />
              <SequencePoints>
                <SequencePoint vc="1" uspid="19843" ordinal="0" offset="0" sl="2100" sc="9" el="2100" ec="9" bec="0" bev="0" fileid="55" />
                <SequencePoint vc="1" uspid="19844" ordinal="0" offset="1" sl="2101" sc="13" el="2101" ec="13" bec="0" bev="0" fileid="55" />
                <SequencePoint vc="1" uspid="19845" ordinal="0" offset="19" sl="2104" sc="13" el="2104" ec="13" bec="0" bev="0" fileid="55" />
                <SequencePoint vc="1" uspid="19846" ordinal="0" offset="30" sl="2105" sc="13" el="2105" ec="13" bec="0" bev="0" fileid="55" />
                <SequencePoint vc="1" uspid="19847" ordinal="0" offset="31" sl="2105" sc="34" el="2105" ec="34" bec="0" bev="0" fileid="55" />
                <SequencePoint vc="5" uspid="19848" ordinal="0" offset="37" sl="2105" sc="22" el="2105" ec="22" bec="0" bev="0" fileid="55" />
                <SequencePoint vc="5" uspid="19849" ordinal="0" offset="42" sl="2106" sc="13" el="2106" ec="13" bec="0" bev="0" fileid="55" />
                <SequencePoint vc="5" uspid="19850" ordinal="0" offset="43" sl="2107" sc="17" el="2107" ec="17" bec="0" bev="0" fileid="55" />
                <SequencePoint vc="5" uspid="19851" ordinal="0" offset="52" sl="2108" sc="17" el="2108" ec="17" bec="0" bev="0" fileid="55" />
                <SequencePoint vc="5" uspid="19852" ordinal="0" offset="61" sl="2109" sc="17" el="2109" ec="17" bec="0" bev="0" fileid="55" />
                <SequencePoint vc="5" uspid="19853" ordinal="0" offset="78" sl="2110" sc="21" el="2110" ec="21" bec="0" bev="0" fileid="55" />
                <SequencePoint vc="5" uspid="19854" ordinal="0" offset="87" sl="2111" sc="13" el="2111" ec="13" bec="0" bev="0" fileid="55" />
                <SequencePoint vc="6" uspid="19855" ordinal="0" offset="92" sl="2105" sc="31" el="2105" ec="31" bec="0" bev="0" fileid="55" />
                <SequencePoint vc="1" uspid="19856" ordinal="0" offset="98" sl="2113" sc="13" el="2113" ec="13" bec="0" bev="0" fileid="55" />
                <SequencePoint vc="1" uspid="19857" ordinal="0" offset="103" sl="2114" sc="9" el="2114" ec="9" bec="0" bev="0" fileid="55" />
              </SequencePoints>
              <BranchPoints />
            </Method>
          </Methods>
        </Class>
      </Classes>
    </Module>
  </Modules>
</CoverageSession>