<?xml version="1.0" encoding="utf-8"?>
<CoverageSession xmlns:xsd="http://www.w3.org/2001/XMLSchema" xmlns:xsi="http://www.w3.org/2001/XMLSchema-instance" Version="0.0.0.0">
  <Summary numSequencePoints="636" visitedSequencePoints="215" numBranchPoints="0" visitedBranchPoints="0" sequenceCoverage="33.81" branchCoverage="0.0" maxCyclomaticComplexity="0" minCyclomaticComplexity="0" maxCrapScore="0" minCrapScore="0" visitedClasses="11" numClasses="28" visitedMethods="15" numMethods="52" />
  <Modules>
    <Module>
      <Summary numSequencePoints="537" visitedSequencePoints="142" numBranchPoints="0" visitedBranchPoints="0" sequenceCoverage="26.44" branchCoverage="0.0" maxCyclomaticComplexity="0" minCyclomaticComplexity="0" maxCrapScore="0" minCrapScore="0" visitedClasses="8" numClasses="23" visitedMethods="9" numMethods="44" />
      <ModuleTime>0001-01-01T00:00:00</ModuleTime>
      <ModuleName>ODDGames.UITest</ModuleName>
      <Files>
        <File uid="35" fullPath="C:/Workspaces/tool_ui_automation/package/UITest/AutoExplorer.cs" />
        <File uid="36" fullPath="C:/Workspaces/tool_ui_automation/package/UITest/ElementFinder.cs" />
        <File uid="37" fullPath="C:/Workspaces/tool_ui_automation/package/UITest/InputInjector.cs" />
        <File uid="38" fullPath="C:/Workspaces/tool_ui_automation/package/UITest/Search.cs" />
        <File uid="39" fullPath="C:/Workspaces/tool_ui_automation/package/UITest/UITestAttribute.cs" />
        <File uid="40" fullPath="C:/Workspaces/tool_ui_automation/package/UITest/UITestBehaviour.cs" />
        <File uid="41" fullPath="C:/Workspaces/tool_ui_automation/package/UITest/ActionExecutor.cs" />
      </Files>
      <Classes>
        <Class>
          <Summary numSequencePoints="29" visitedSequencePoints="15" numBranchPoints="0" visitedBranchPoints="0" sequenceCoverage="51.72" branchCoverage="0.0" maxCyclomaticComplexity="0" minCyclomaticComplexity="0" maxCrapScore="0" minCrapScore="0" visitedClasses="1" numClasses="1" visitedMethods="2" numMethods="2" />
          <FullName>ODDGames.UITest.InputInjector</FullName>
          <Methods>
            <Method visited="true" cyclomaticComplexity="0" nPathComplexity="0" sequenceCoverage="46.15" branchCoverage="0" crapScore="0" isConstructor="false" isStatic="true" isGetter="false" isSetter="false">
              <Summary numSequencePoints="26" visitedSequencePoints="12" numBranchPoints="0" visitedBranchPoints="0" sequenceCoverage="46.15" branchCoverage="0" maxCyclomaticComplexity="0" minCyclomaticComplexity="0" maxCrapScore="0" minCrapScore="0" visitedClasses="0" numClasses="0" visitedMethods="1" numMethods="1" />
              <MetadataToken>100663461</MetadataToken>
              <Name>static UnityEngine.Vector2 ODDGames.UITest.InputInjector::GetScreenPosition(UnityEngine.GameObject)</Name>
              <FileRef uid="37" />
              <SequencePoints>
                <SequencePoint vc="1" uspid="30673" ordinal="0" offset="0" sl="130" sc="9" el="130" ec="9" bec="0" bev="0" fileid="37" />
                <SequencePoint vc="1" uspid="30674" ordinal="0" offset="1" sl="131" sc="13" el="131" ec="13" bec="0" bev="0" fileid="37" />
                <SequencePoint vc="0" uspid="30675" ordinal="0" offset="12" sl="131" sc="29" el="131" ec="29" bec="0" bev="0" fileid="37" />
                <SequencePoint vc="1" uspid="30676" ordinal="0" offset="23" sl="133" sc="13" el="133" ec="13" bec="0" bev="0" fileid="37" />
                <SequencePoint vc="1" uspid="30677" ordinal="0" offset="40" sl="134" sc="13" el="134" ec="13" bec="0" bev="0" fileid="37" />
                <SequencePoint vc="1" uspid="30678" ordinal="0" offset="41" sl="136" sc="17" el="136" ec="17" bec="0" bev="0" fileid="37" />
                <SequencePoint vc="1" uspid="30679" ordinal="0" offset="49" sl="137" sc="17" el="137" ec="17" bec="0" bev="0" fileid="37" />
                <SequencePoint vc="1" uspid="30680" ordinal="0" offset="58" sl="138" sc="17" el="138" ec="17" bec="0" bev="0" fileid="37" />
                <SequencePoint vc="1" uspid="30681" ordinal="0" offset="91" sl="141" sc="17" el="141" ec="17" bec="0" bev="0" fileid="37" />
                <SequencePoint vc="1" uspid="30682" ordinal="0" offset="99" sl="142" sc="17" el="142" ec="17" bec="0" bev="0" fileid="37" />
                <SequencePoint vc="1" uspid="30683" ordinal="0" offset="128" sl="143" sc="17" el="143" ec="17" bec="0" bev="0" fileid="37" />
                <SequencePoint vc="1" uspid="30684" ordinal="0" offset="129" sl="144" sc="21" el="144" ec="21" bec="0" bev="0" fileid="37" />
                <SequencePoint vc="0" uspid="30685" ordinal="0" offset="142" sl="147" sc="17" el="147" ec="17" bec="0" bev="0" fileid="37" />
                <SequencePoint vc="0" uspid="30686" ordinal="0" offset="143" sl="149" sc="21" el="149" ec="21" bec="0" bev="0" fileid="37" />
                <SequencePoint vc="0" uspid="30687" ordinal="0" offset="168" sl="150" sc="21" el="150" ec="21" bec="0" bev="0" fileid="37" />
                <SequencePoint vc="0" uspid="30688" ordinal="0" offset="199" sl="155" sc="13" el="155" ec="13" bec="0" bev="0" fileid="37" />
                <SequencePoint vc="0" uspid="30689" ordinal="0" offset="213" sl="156" sc="13" el="156" ec="13" bec="0" bev="0" fileid="37" />
                <SequencePoint vc="0" uspid="30690" ordinal="0" offset="214" sl="157" sc="17" el="157" ec="17" bec="0" bev="0" fileid="37" />
                <SequencePoint vc="0" uspid="30691" ordinal="0" offset="221" sl="158" sc="17" el="158" ec="17" bec="0" bev="0" fileid="37" />
                <SequencePoint vc="0" uspid="30692" ordinal="0" offset="235" sl="159" sc="17" el="159" ec="17" bec="0" bev="0" fileid="37" />
                <SequencePoint vc="0" uspid="30693" ordinal="0" offset="236" sl="160" sc="21" el="160" ec="21" bec="0" bev="0" fileid="37" />
                <SequencePoint vc="0" uspid="30694" ordinal="0" offset="266" sl="162" sc="13" el="162" ec="13" bec="0" bev="0" fileid="37" />
                <SequencePoint vc="0" uspid="30695" ordinal="0" offset="267" sl="165" sc="13" el="165" ec="13" bec="0" bev="0" fileid="37" />
                <SequencePoint vc="0" uspid="30696" ordinal="0" offset="268" sl="166" sc="17" el="166" ec="17" bec="0" bev="0" fileid="37" />
                <SequencePoint vc="0" uspid="30697" ordinal="0" offset="275" sl="167" sc="17" el="167" ec="17" bec="0" bev="0" fileid="37" />
                <SequencePoint vc="1" uspid="30698" ordinal="0" offset="318" sl="169" sc="9" el="169" ec="9" bec="0" bev="0" fileid="37" />
              </SequencePoints>
              <BranchPoints />
            </Method>
            <Method visited="true" cyclomaticComplexity="0" nPathComplexity="0" sequenceCoverage="100.0" branchCoverage="0" crapScore="0" isConstructor="false" isStatic="true" isGetter="false" isSetter="false">
              <Summary numSequencePoints="3" visitedSequencePoints="3" numBranchPoints="0" visitedBranchPoints="0" sequenceCoverage="100.0" branchCoverage="0" maxCyclomaticComplexity="0" minCyclomaticComplexity="0" maxCrapScore="0" minCrapScore="0" visitedClasses="0" numClasses="0" visitedMethods="1" numMethods="1" />
              <MetadataToken>100663478</MetadataToken>
              <Name>static System.Boolean ODDGames.UITest.InputInjector::ShouldUseTouchInput()</Name>
              <FileRef uid="37" />
              <SequencePoints>
                <SequencePoint vc="1" uspid="30774" ordinal="0" offset="0" sl="572" sc="9" el="572" ec="9" bec="0" bev="0" fileid="37" />
                <SequencePoint vc="1" uspid="30775" ordinal="0" offset="1" sl="577" sc="13" el="577" ec="13" bec="0" bev="0" fileid="37" />
                <SequencePoint vc="1" uspid="30776" ordinal="0" offset="22" sl="579" sc="9" el="579" ec="9" bec="0" bev="0" fileid="37" />
              </SequencePoints>
              <BranchPoints />
            </Method>
          </Methods>
        </Class>
        <Class>
          <Summary numSequencePoints="61" visitedSequencePoints="0" numBranchPoints="0" visitedBranchPoints="0" sequenceCoverage="0.0" branchCoverage="0.0" maxCyclomaticComplexity="0" minCyclomaticComplexity="0" maxCrapScore="0" minCrapScore="0" visitedClasses="0" numClasses="1" visitedMethods="0" numMethods="9" />
          <FullName>ODDGames.UITest.Search</FullName>
          <Methods>
            <Method visited="false" cyclomaticComplexity="0" nPathComplexity="0" sequenceCoverage="0.0" branchCoverage="0" crapScore="0" isConstructor="false" isStatic="false" isGetter="false" isSetter="false">
              <Summary numSequencePoints="6" visitedSequencePoints="0" numBranchPoints="0" visitedBranchPoints="0" sequenceCoverage="0.0" branchCoverage="0" maxCyclomaticComplexity="0" minCyclomaticComplexity="0" maxCrapScore="0" minCrapScore="0" visitedClasses="0" numClasses="0" visitedMethods="0" numMethods="1" />
              <MetadataToken>100663509</MetadataToken>
              <Name>ODDGames.UITest.Search ODDGames.UITest.Search::Type[T]()</Name>
              <FileRef uid="38" />
              <SequencePoints>
                <SequencePoint vc="0" uspid="30803" ordinal="0" offset="6" sl="217" sc="0" el="217" ec="0" bec="0" bev="0" fileid="38" />
                <SequencePoint vc="0" uspid="30804" ordinal="0" offset="7" sl="218" sc="0" el="218" ec="0" bec="0" bev="0" fileid="38" />
                <SequencePoint vc="0" uspid="30805" ordinal="0" offset="19" sl="219" sc="0" el="219" ec="0" bec="0" bev="0" fileid="38" />
                <SequencePoint vc="0" uspid="30806" ordinal="0" offset="26" sl="220" sc="0" el="220" ec="0" bec="0" bev="0" fileid="38" />
                <SequencePoint vc="0" uspid="30807" ordinal="0" offset="50" sl="221" sc="0" el="221" ec="0" bec="0" bev="0" fileid="38" />
                <SequencePoint vc="0" uspid="30808" ordinal="0" offset="54" sl="222" sc="0" el="222" ec="0" bec="0" bev="0" fileid="38" />
              </SequencePoints>
              <BranchPoints />
            </Method>
            <Method visited="false" cyclomaticComplexity="0" nPathComplexity="0" sequenceCoverage="0.0" branchCoverage="0" crapScore="0" isConstructor="false" isStatic="false" isGetter="false" isSetter="false">
              <Summary numSequencePoints="6" visitedSequencePoints="0" numBranchPoints="0" visitedBranchPoints="0" sequenceCoverage="0.0" branchCoverage="0" maxCyclomaticComplexity="0" minCyclomaticComplexity="0" maxCrapScore="0" minCrapScore="0" visitedClasses="0" numClasses="0" visitedMethods="0" numMethods="1" />
              <MetadataToken>100663515</MetadataToken>
              <Name>ODDGames.UITest.Search ODDGames.UITest.Search::With[T](System.Func[T,Boolean])</Name>
              <FileRef uid="38" />
              <SequencePoints>
                <SequencePoint vc="0" uspid="30839" ordinal="0" offset="13" sl="368" sc="0" el="368" ec="0" bec="0" bev="0" fileid="38" />
                <SequencePoint vc="0" uspid="30840" ordinal="0" offset="14" sl="369" sc="0" el="369" ec="0" bec="0" bev="0" fileid="38" />
                <SequencePoint vc="0" uspid="30841" ordinal="0" offset="26" sl="370" sc="0" el="370" ec="0" bec="0" bev="0" fileid="38" />
                <SequencePoint vc="0" uspid="30842" ordinal="0" offset="33" sl="371" sc="0" el="371" ec="0" bec="0" bev="0" fileid="38" />
                <SequencePoint vc="0" uspid="30843" ordinal="0" offset="57" sl="378" sc="0" el="378" ec="0" bec="0" bev="0" fileid="38" />
                <SequencePoint vc="0" uspid="30844" ordinal="0" offset="61" sl="379" sc="0" el="379" ec="0" bec="0" bev="0" fileid="38" />
              </SequencePoints>
              <BranchPoints />
            </Method>
            <Method visited="false" cyclomaticComplexity="0" nPathComplexity="0" sequenceCoverage="0.0" branchCoverage="0" crapScore="0" isConstructor="false" isStatic="false" isGetter="false" isSetter="false">
              <Summary numSequencePoints="6" visitedSequencePoints="0" numBranchPoints="0" visitedBranchPoints="0" sequenceCoverage="0.0" branchCoverage="0" maxCyclomaticComplexity="0" minCyclomaticComplexity="0" maxCrapScore="0" minCrapScore="0" visitedClasses="0" numClasses="0" visitedMethods="0" numMethods="1" />
              <MetadataToken>100663527</MetadataToken>
              <Name>ODDGames.UITest.Search ODDGames.UITest.Search::GetParent[T]()</Name>
              <FileRef uid="38" />
              <SequencePoints>
                <SequencePoint vc="0" uspid="30896" ordinal="0" offset="6" sl="664" sc="0" el="664" ec="0" bec="0" bev="0" fileid="38" />
                <SequencePoint vc="0" uspid="30897" ordinal="0" offset="7" sl="665" sc="0" el="665" ec="0" bec="0" bev="0" fileid="38" />
                <SequencePoint vc="0" uspid="30898" ordinal="0" offset="19" sl="666" sc="0" el="666" ec="0" bec="0" bev="0" fileid="38" />
                <SequencePoint vc="0" uspid="30899" ordinal="0" offset="26" sl="667" sc="0" el="667" ec="0" bec="0" bev="0" fileid="38" />
                <SequencePoint vc="0" uspid="30900" ordinal="0" offset="50" sl="675" sc="0" el="675" ec="0" bec="0" bev="0" fileid="38" />
                <SequencePoint vc="0" uspid="30901" ordinal="0" offset="54" sl="676" sc="0" el="676" ec="0" bec="0" bev="0" fileid="38" />
              </SequencePoints>
              <BranchPoints />
            </Method>
            <Method visited="false" cyclomaticComplexity="0" nPathComplexity="0" sequenceCoverage="0.0" branchCoverage="0" crapScore="0" isConstructor="false" isStatic="false" isGetter="false" isSetter="false">
              <Summary numSequencePoints="6" visitedSequencePoints="0" numBranchPoints="0" visitedBranchPoints="0" sequenceCoverage="0.0" branchCoverage="0" maxCyclomaticComplexity="0" minCyclomaticComplexity="0" maxCrapScore="0" minCrapScore="0" visitedClasses="0" numClasses="0" visitedMethods="0" numMethods="1" />
              <MetadataToken>100663528</MetadataToken>
              <Name>ODDGames.UITest.Search ODDGames.UITest.Search::GetParent[T](System.Func[T,Boolean])</Name>
              <FileRef uid="38" />
              <SequencePoints>
                <SequencePoint vc="0" uspid="30902" ordinal="0" offset="13" sl="695" sc="0" el="695" ec="0" bec="0" bev="0" fileid="38" />
                <SequencePoint vc="0" uspid="30903" ordinal="0" offset="14" sl="696" sc="0" el="696" ec="0" bec="0" bev="0" fileid="38" />
                <SequencePoint vc="0" uspid="30904" ordinal="0" offset="26" sl="697" sc="0" el="697" ec="0" bec="0" bev="0" fileid="38" />
                <SequencePoint vc="0" uspid="30905" ordinal="0" offset="33" sl="698" sc="0" el="698" ec="0" bec="0" bev="0" fileid="38" />
                <SequencePoint vc="0" uspid="30906" ordinal="0" offset="57" sl="710" sc="0" el="710" ec="0" bec="0" bev="0" fileid="38" />
                <SequencePoint vc="0" uspid="30907" ordinal="0" offset="61" sl="711" sc="0" el="711" ec="0" bec="0" bev="0" fileid="38" />
              </SequencePoints>
              <BranchPoints />
            </Method>
            <Method visited="false" cyclomaticComplexity="0" nPathComplexity="0" sequenceCoverage="0.0" branchCoverage="0" crapScore="0" isConstructor="false" isStatic="false" isGetter="false" isSetter="false">
              <Summary numSequencePoints="6" visitedSequencePoints="0" numBranchPoints="0" visitedBranchPoints="0" sequenceCoverage="0.0" branchCoverage="0" maxCyclomaticComplexity="0" minCyclomaticComplexity="0" maxCrapScore="0" minCrapScore="0" visitedClasses="0" numClasses="0" visitedMethods="0" numMethods="1" />
              <MetadataToken>100663529</MetadataToken>
              <Name>ODDGames.UITest.Search ODDGames.UITest.Search::GetChild[T]()</Name>
              <FileRef uid="38" />
              <SequencePoints>
                <SequencePoint vc="0" uspid="30908" ordinal="0" offset="6" sl="729" sc="0" el="729" ec="0" bec="0" bev="0" fileid="38" />
                <SequencePoint vc="0" uspid="30909" ordinal="0" offset="7" sl="730" sc="0" el="730" ec="0" bec="0" bev="0" fileid="38" />
                <SequencePoint vc="0" uspid="30910" ordinal="0" offset="19" sl="731" sc="0" el="731" ec="0" bec="0" bev="0" fileid="38" />
                <SequencePoint vc="0" uspid="30911" ordinal="0" offset="26" sl="732" sc="0" el="732" ec="0" bec="0" bev="0" fileid="38" />
                <SequencePoint vc="0" uspid="30912" ordinal="0" offset="50" sl="747" sc="0" el="747" ec="0" bec="0" bev="0" fileid="38" />
                <SequencePoint vc="0" uspid="30913" ordinal="0" offset="54" sl="748" sc="0" el="748" ec="0" bec="0" bev="0" fileid="38" />
              </SequencePoints>
              <BranchPoints />
            </Method>
            <Method visited="false" cyclomaticComplexity="0" nPathComplexity="0" sequenceCoverage="0.0" branchCoverage="0" crapScore="0" isConstructor="false" isStatic="false" isGetter="false" isSetter="false">
              <Summary numSequencePoints="6" visitedSequencePoints="0" numBranchPoints="0" visitedBranchPoints="0" sequenceCoverage="0.0" branchCoverage="0" maxCyclomaticComplexity="0" minCyclomaticComplexity="0" maxCrapScore="0" minCrapScore="0" visitedClasses="0" numClasses="0" visitedMethods="0" numMethods="1" />
              <MetadataToken>100663530</MetadataToken>
              <Name>ODDGames.UITest.Search ODDGames.UITest.Search::GetChild[T](System.Func[T,Boolean])</Name>
              <FileRef uid="38" />
              <SequencePoints>
                <SequencePoint vc="0" uspid="30914" ordinal="0" offset="13" sl="767" sc="0" el="767" ec="0" bec="0" bev="0" fileid="38" />
                <SequencePoint vc="0" uspid="30915" ordinal="0" offset="14" sl="768" sc="0" el="768" ec="0" bec="0" bev="0" fileid="38" />
                <SequencePoint vc="0" uspid="30916" ordinal="0" offset="26" sl="769" sc="0" el="769" ec="0" bec="0" bev="0" fileid="38" />
                <SequencePoint vc="0" uspid="30917" ordinal="0" offset="33" sl="770" sc="0" el="770" ec="0" bec="0" bev="0" fileid="38" />
                <SequencePoint vc="0" uspid="30918" ordinal="0" offset="57" sl="775" sc="0" el="775" ec="0" bec="0" bev="0" fileid="38" />
                <SequencePoint vc="0" uspid="30919" ordinal="0" offset="61" sl="776" sc="0" el="776" ec="0" bec="0" bev="0" fileid="38" />
              </SequencePoints>
              <BranchPoints />
            </Method>
            <Method visited="false" cyclomaticComplexity="0" nPathComplexity="0" sequenceCoverage="0.0" branchCoverage="0" crapScore="0" isConstructor="false" isStatic="false" isGetter="false" isSetter="false">
              <Summary numSequencePoints="4" visitedSequencePoints="0" numBranchPoints="0" visitedBranchPoints="0" sequenceCoverage="0.0" branchCoverage="0" maxCyclomaticComplexity="0" minCyclomaticComplexity="0" maxCrapScore="0" minCrapScore="0" visitedClasses="0" numClasses="0" visitedMethods="0" numMethods="1" />
              <MetadataToken>100663539</MetadataToken>
              <Name>ODDGames.UITest.Search ODDGames.UITest.Search::OrderBy[T](System.Func[T,Single])</Name>
              <FileRef uid="38" />
              <SequencePoints>
                <SequencePoint vc="0" uspid="30955" ordinal="0" offset="13" sl="975" sc="0" el="975" ec="0" bec="0" bev="0" fileid="38" />
                <SequencePoint vc="0" uspid="30956" ordinal="0" offset="14" sl="976" sc="0" el="976" ec="0" bec="0" bev="0" fileid="38" />
                <SequencePoint vc="0" uspid="30957" ordinal="0" offset="32" sl="981" sc="0" el="981" ec="0" bec="0" bev="0" fileid="38" />
                <SequencePoint vc="0" uspid="30958" ordinal="0" offset="36" sl="982" sc="0" el="982" ec="0" bec="0" bev="0" fileid="38" />
              </SequencePoints>
              <BranchPoints />
            </Method>
            <Method visited="false" cyclomaticComplexity="0" nPathComplexity="0" sequenceCoverage="0.0" branchCoverage="0" crapScore="0" isConstructor="false" isStatic="false" isGetter="false" isSetter="false">
              <Summary numSequencePoints="4" visitedSequencePoints="0" numBranchPoints="0" visitedBranchPoints="0" sequenceCoverage="0.0" branchCoverage="0" maxCyclomaticComplexity="0" minCyclomaticComplexity="0" maxCrapScore="0" minCrapScore="0" visitedClasses="0" numClasses="0" visitedMethods="0" numMethods="1" />
              <MetadataToken>100663540</MetadataToken>
              <Name>ODDGames.UITest.Search ODDGames.UITest.Search::OrderByDescending[T](System.Func[T,Single])</Name>
              <FileRef uid="38" />
              <SequencePoints>
                <SequencePoint vc="0" uspid="30959" ordinal="0" offset="13" sl="1001" sc="0" el="1001" ec="0" bec="0" bev="0" fileid="38" />
                <SequencePoint vc="0" uspid="30960" ordinal="0" offset="14" sl="1002" sc="0" el="1002" ec="0" bec="0" bev="0" fileid="38" />
                <SequencePoint vc="0" uspid="30961" ordinal="0" offset="32" sl="1007" sc="0" el="1007" ec="0" bec="0" bev="0" fileid="38" />
                <SequencePoint vc="0" uspid="30962" ordinal="0" offset="36" sl="1008" sc="0" el="1008" ec="0" bec="0" bev="0" fileid="38" />
              </SequencePoints>
              <BranchPoints />
            </Method>
            <Method visited="false" cyclomaticComplexity="0" nPathComplexity="0" sequenceCoverage="0.0" branchCoverage="0" crapScore="0" isConstructor="false" isStatic="true" isGetter="false" isSetter="false">
              <Summary numSequencePoints="17" visitedSequencePoints="0" numBranchPoints="0" visitedBranchPoints="0" sequenceCoverage="0.0" branchCoverage="0" maxCyclomaticComplexity="0" minCyclomaticComplexity="0" maxCrapScore="0" minCrapScore="0" visitedClasses="0" numClasses="0" visitedMethods="0" numMethods="1" />
              <MetadataToken>100663563</MetadataToken>
              <Name>static System.Boolean ODDGames.UITest.Search::FindMatchingChildComponent[T](UnityEngine.Transform, System.Func[T,Boolean], System.Boolean)</Name>
              <FileRef uid="38" />
              <SequencePoints>
                <SequencePoint vc="0" uspid="31180" ordinal="0" offset="0" sl="1514" sc="0" el="1514" ec="0" bec="0" bev="0" fileid="38" />
                <SequencePoint vc="0" uspid="31181" ordinal="0" offset="1" sl="1515" sc="0" el="1515" ec="0" bec="0" bev="0" fileid="38" />
                <SequencePoint vc="0" uspid="31182" ordinal="0" offset="9" sl="1516" sc="0" el="1516" ec="0" bec="0" bev="0" fileid="38" />
                <SequencePoint vc="0" uspid="31183" ordinal="0" offset="10" sl="1517" sc="0" el="1517" ec="0" bec="0" bev="0" fileid="38" />
                <SequencePoint vc="0" uspid="31184" ordinal="0" offset="17" sl="1518" sc="0" el="1518" ec="0" bec="0" bev="0" fileid="38" />
                <SequencePoint vc="0" uspid="31185" ordinal="0" offset="45" sl="1518" sc="0" el="1518" ec="0" bec="0" bev="0" fileid="38" />
                <SequencePoint vc="0" uspid="31186" ordinal="0" offset="49" sl="1519" sc="0" el="1519" ec="0" bec="0" bev="0" fileid="38" />
                <SequencePoint vc="0" uspid="31187" ordinal="0" offset="50" sl="1520" sc="0" el="1520" ec="0" bec="0" bev="0" fileid="38" />
                <SequencePoint vc="0" uspid="31188" ordinal="0" offset="51" sl="1520" sc="0" el="1520" ec="0" bec="0" bev="0" fileid="38" />
                <SequencePoint vc="0" uspid="31189" ordinal="0" offset="61" sl="1520" sc="0" el="1520" ec="0" bec="0" bev="0" fileid="38" />
                <SequencePoint vc="0" uspid="31190" ordinal="0" offset="75" sl="1521" sc="0" el="1521" ec="0" bec="0" bev="0" fileid="38" />
                <SequencePoint vc="0" uspid="31191" ordinal="0" offset="76" sl="1522" sc="0" el="1522" ec="0" bec="0" bev="0" fileid="38" />
                <SequencePoint vc="0" uspid="31192" ordinal="0" offset="91" sl="1522" sc="0" el="1522" ec="0" bec="0" bev="0" fileid="38" />
                <SequencePoint vc="0" uspid="31193" ordinal="0" offset="95" sl="1523" sc="0" el="1523" ec="0" bec="0" bev="0" fileid="38" />
                <SequencePoint vc="0" uspid="31194" ordinal="0" offset="96" sl="1520" sc="0" el="1520" ec="0" bec="0" bev="0" fileid="38" />
                <SequencePoint vc="0" uspid="31195" ordinal="0" offset="129" sl="1524" sc="0" el="1524" ec="0" bec="0" bev="0" fileid="38" />
                <SequencePoint vc="0" uspid="31196" ordinal="0" offset="133" sl="1525" sc="0" el="1525" ec="0" bec="0" bev="0" fileid="38" />
              </SequencePoints>
              <BranchPoints />
            </Method>
          </Methods>
        </Class>
        <Class>
          <Summary numSequencePoints="11" visitedSequencePoints="0" numBranchPoints="0" visitedBranchPoints="0" sequenceCoverage="0.0" branchCoverage="0.0" maxCyclomaticComplexity="0" minCyclomaticComplexity="0" maxCrapScore="0" minCrapScore="0" visitedClasses="0" numClasses="1" visitedMethods="0" numMethods="4" />
          <FullName>ODDGames.UITest.UITestBehaviour</FullName>
          <Methods>
            <Method visited="false" cyclomaticComplexity="0" nPathComplexity="0" sequenceCoverage="0.0" branchCoverage="0" crapScore="0" isConstructor="false" isStatic="true" isGetter="false" isSetter="false">
              <Summary numSequencePoints="8" visitedSequencePoints="0" numBranchPoints="0" visitedBranchPoints="0" sequenceCoverage="0.0" branchCoverage="0" maxCyclomaticComplexity="0" minCyclomaticComplexity="0" maxCrapScore="0" minCrapScore="0" visitedClasses="0" numClasses="0" visitedMethods="0" numMethods="1" />
              <MetadataToken>100663596</MetadataToken>
              <Name>static System.Boolean ODDGames.UITest.UITestBehaviour::TryGetComponentInChildren[T](UnityEngine.GameObject, )</Name>
              <FileRef uid="40" />
              <SequencePoints>
                <SequencePoint vc="0" uspid="31474" ordinal="0" offset="0" sl="42" sc="0" el="42" ec="0" bec="0" bev="0" fileid="40" />
                <SequencePoint vc="0" uspid="31475" ordinal="0" offset="1" sl="43" sc="0" el="43" ec="0" bec="0" bev="0" fileid="40" />
                <SequencePoint vc="0" uspid="31476" ordinal="0" offset="12" sl="44" sc="0" el="44" ec="0" bec="0" bev="0" fileid="40" />
                <SequencePoint vc="0" uspid="31477" ordinal="0" offset="13" sl="45" sc="0" el="45" ec="0" bec="0" bev="0" fileid="40" />
                <SequencePoint vc="0" uspid="31478" ordinal="0" offset="20" sl="46" sc="0" el="46" ec="0" bec="0" bev="0" fileid="40" />
                <SequencePoint vc="0" uspid="31479" ordinal="0" offset="24" sl="48" sc="0" el="48" ec="0" bec="0" bev="0" fileid="40" />
                <SequencePoint vc="0" uspid="31480" ordinal="0" offset="36" sl="49" sc="0" el="49" ec="0" bec="0" bev="0" fileid="40" />
                <SequencePoint vc="0" uspid="31481" ordinal="0" offset="53" sl="50" sc="0" el="50" ec="0" bec="0" bev="0" fileid="40" />
              </SequencePoints>
              <BranchPoints />
            </Method>
            <Method visited="false" cyclomaticComplexity="0" nPathComplexity="0" sequenceCoverage="0.0" branchCoverage="0" crapScore="0" isConstructor="false" isStatic="true" isGetter="false" isSetter="false">
              <Summary numSequencePoints="1" visitedSequencePoints="0" numBranchPoints="0" visitedBranchPoints="0" sequenceCoverage="0.0" branchCoverage="0" maxCyclomaticComplexity="0" minCyclomaticComplexity="0" maxCrapScore="0" minCrapScore="0" visitedClasses="0" numClasses="0" visitedMethods="0" numMethods="1" />
              <MetadataToken>100663600</MetadataToken>
              <Name>static ODDGames.UITest.Search ODDGames.UITest.UITestBehaviour::Type[T]()</Name>
              <FileRef uid="40" />
              <SequencePoints>
                <SequencePoint vc="0" uspid="31485" ordinal="0" offset="0" sl="109" sc="0" el="109" ec="0" bec="0" bev="0" fileid="40" />
              </SequencePoints>
              <BranchPoints />
            </Method>
            <Method visited="false" cyclomaticComplexity="0" nPathComplexity="0" sequenceCoverage="0.0" branchCoverage="0" crapScore="0" isConstructor="false" isStatic="true" isGetter="false" isSetter="false">
              <Summary numSequencePoints="1" visitedSequencePoints="0" numBranchPoints="0" visitedBranchPoints="0" sequenceCoverage="0.0" branchCoverage="0" maxCyclomaticComplexity="0" minCyclomaticComplexity="0" maxCrapScore="0" minCrapScore="0" visitedClasses="0" numClasses="0" visitedMethods="0" numMethods="1" />
              <MetadataToken>100663619</MetadataToken>
              <Name>static System.Void ODDGames.UITest.UITestBehaviour::RegisterClickable[T]()</Name>
              <FileRef uid="40" />
              <SequencePoints>
                <SequencePoint vc="0" uspid="31513" ordinal="0" offset="0" sl="303" sc="0" el="303" ec="0" bec="0" bev="0" fileid="40" />
              </SequencePoints>
              <BranchPoints />
            </Method>
            <Method visited="false" cyclomaticComplexity="0" nPathComplexity="0" sequenceCoverage="0.0" branchCoverage="0" crapScore="0" isConstructor="false" isStatic="true" isGetter="false" isSetter="false">
              <Summary numSequencePoints="1" visitedSequencePoints="0" numBranchPoints="0" visitedBranchPoints="0" sequenceCoverage="0.0" branchCoverage="0" maxCyclomaticComplexity="0" minCyclomaticComplexity="0" maxCrapScore="0" minCrapScore="0" visitedClasses="0" numClasses="0" visitedMethods="0" numMethods="1" />
              <MetadataToken>100663621</MetadataToken>
              <Name>static System.Void ODDGames.UITest.UITestBehaviour::UnregisterClickable[T]()</Name>
              <FileRef uid="40" />
              <SequencePoints>
                <SequencePoint vc="0" uspid="31518" ordinal="0" offset="0" sl="319" sc="0" el="319" ec="0" bec="0" bev="0" fileid="40" />
              </SequencePoints>
              <BranchPoints />
            </Method>
          </Methods>
        </Class>
        <Class>
          <Summary numSequencePoints="8" visitedSequencePoints="7" numBranchPoints="0" visitedBranchPoints="0" sequenceCoverage="87.50" branchCoverage="0.0" maxCyclomaticComplexity="0" minCyclomaticComplexity="0" maxCrapScore="0" minCrapScore="0" visitedClasses="1" numClasses="1" visitedMethods="1" numMethods="1" />
          <FullName>ODDGames.UITest.ActionExecutor/&lt;TypeAsync&gt;d__13</FullName>
          <Methods>
            <Method visited="true" cyclomaticComplexity="0" nPathComplexity="0" sequenceCoverage="87.50" branchCoverage="0" crapScore="0" isConstructor="false" isStatic="false" isGetter="false" isSetter="false">
              <Summary numSequencePoints="8" visitedSequencePoints="7" numBranchPoints="0" visitedBranchPoints="0" sequenceCoverage="87.50" branchCoverage="0" maxCyclomaticComplexity="0" minCyclomaticComplexity="0" maxCrapScore="0" minCrapScore="0" visitedClasses="0" numClasses="0" visitedMethods="1" numMethods="1" />
              <MetadataToken>100663911</MetadataToken>
              <Name>System.Void ODDGames.UITest.ActionExecutor/&lt;TypeAsync&gt;d__13::MoveNext()</Name>
              <FileRef uid="41" />
              <SequencePoints>
                <SequencePoint vc="1" uspid="32577" ordinal="0" offset="17" sl="267" sc="9" el="267" ec="9" bec="0" bev="0" fileid="41" />
                <SequencePoint vc="1" uspid="32578" ordinal="0" offset="18" sl="268" sc="13" el="268" ec="13" bec="0" bev="0" fileid="41" />
                <SequencePoint vc="0" uspid="32579" ordinal="0" offset="34" sl="269" sc="17" el="269" ec="17" bec="0" bev="0" fileid="41" />
                <SequencePoint vc="1" uspid="32580" ordinal="0" offset="50" sl="271" sc="13" el="271" ec="13" bec="0" bev="0" fileid="41" />
                <SequencePoint vc="1" uspid="32581" ordinal="0" offset="123" sl="272" sc="13" el="272" ec="13" bec="0" bev="0" fileid="41" />
                <SequencePoint vc="1" uspid="32582" ordinal="0" offset="179" sl="272" sc="13" el="272" ec="13" bec="0" bev="0" fileid="41" />
                <SequencePoint vc="1" uspid="32583" ordinal="0" offset="207" sl="272" sc="13" el="272" ec="13" bec="0" bev="0" fileid="41" />
                <SequencePoint vc="1" uspid="32584" ordinal="0" offset="271" sl="273" sc="9" el="273" ec="9" bec="0" bev="0" fileid="41" />
              </SequencePoints>
              <BranchPoints />
            </Method>
          </Methods>
        </Class>
        <Class>
          <Summary numSequencePoints="32" visitedSequencePoints="16" numBranchPoints="0" visitedBranchPoints="0" sequenceCoverage="50.00" branchCoverage="0.0" maxCyclomaticComplexity="0" minCyclomaticComplexity="0" maxCrapScore="0" minCrapScore="0" visitedClasses="1" numClasses="1" visitedMethods="1" numMethods="1" />
          <FullName>ODDGames.UITest.InputInjector/&lt;ClearInputField&gt;d__7</FullName>
          <Methods>
            <Method visited="true" cyclomaticComplexity="0" nPathComplexity="0" sequenceCoverage="50.00" branchCoverage="0" crapScore="0" isConstructor="false" isStatic="false" isGetter="false" isSetter="false">
              <Summary numSequencePoints="32" visitedSequencePoints="16" numBranchPoints="0" visitedBranchPoints="0" sequenceCoverage="50.00" branchCoverage="0" maxCyclomaticComplexity="0" minCyclomaticComplexity="0" maxCrapScore="0" minCrapScore="0" visitedClasses="0" numClasses="0" visitedMethods="1" numMethods="1" />
              <MetadataToken>100664003</MetadataToken>
              <Name>System.Void ODDGames.UITest.InputInjector/&lt;ClearInputField&gt;d__7::MoveNext()</Name>
              <FileRef uid="37" />
              <SequencePoints>
                <SequencePoint vc="1" uspid="32933" ordinal="0" offset="69" sl="337" sc="9" el="337" ec="9" bec="0" bev="0" fileid="37" />
                <SequencePoint vc="1" uspid="32934" ordinal="0" offset="70" sl="339" sc="13" el="339" ec="13" bec="0" bev="0" fileid="37" />
                <SequencePoint vc="1" uspid="32935" ordinal="0" offset="94" sl="340" sc="13" el="340" ec="13" bec="0" bev="0" fileid="37" />
                <SequencePoint vc="1" uspid="32936" ordinal="0" offset="95" sl="341" sc="17" el="341" ec="17" bec="0" bev="0" fileid="37" />
                <SequencePoint vc="0" uspid="32937" ordinal="0" offset="115" sl="342" sc="21" el="342" ec="21" bec="0" bev="0" fileid="37" />
                <SequencePoint vc="1" uspid="32938" ordinal="0" offset="120" sl="346" sc="17" el="346" ec="17" bec="0" bev="0" fileid="37" />
                <SequencePoint vc="1" uspid="32939" ordinal="0" offset="142" sl="347" sc="17" el="347" ec="17" bec="0" bev="0" fileid="37" />
                <SequencePoint vc="1" uspid="32940" ordinal="0" offset="175" sl="347" sc="17" el="347" ec="17" bec="0" bev="0" fileid="37" />
                <SequencePoint vc="1" uspid="32941" ordinal="0" offset="206" sl="347" sc="17" el="347" ec="17" bec="0" bev="0" fileid="37" />
                <SequencePoint vc="1" uspid="32942" ordinal="0" offset="242" sl="350" sc="17" el="350" ec="17" bec="0" bev="0" fileid="37" />
                <SequencePoint vc="1" uspid="32943" ordinal="0" offset="278" sl="350" sc="17" el="350" ec="17" bec="0" bev="0" fileid="37" />
                <SequencePoint vc="1" uspid="32944" ordinal="0" offset="310" sl="350" sc="17" el="350" ec="17" bec="0" bev="0" fileid="37" />
                <SequencePoint vc="1" uspid="32945" ordinal="0" offset="347" sl="351" sc="17" el="351" ec="17" bec="0" bev="0" fileid="37" />
                <SequencePoint vc="1" uspid="32946" ordinal="0" offset="396" sl="351" sc="17" el="351" ec="17" bec="0" bev="0" fileid="37" />
                <SequencePoint vc="1" uspid="32947" ordinal="0" offset="428" sl="351" sc="17" el="351" ec="17" bec="0" bev="0" fileid="37" />
                <SequencePoint vc="1" uspid="32948" ordinal="0" offset="465" sl="352" sc="13" el="352" ec="13" bec="0" bev="0" fileid="37" />
                <SequencePoint vc="0" uspid="32949" ordinal="0" offset="471" sl="353" sc="18" el="353" ec="18" bec="0" bev="0" fileid="37" />
                <SequencePoint vc="0" uspid="32950" ordinal="0" offset="497" sl="354" sc="13" el="354" ec="13" bec="0" bev="0" fileid="37" />
                <SequencePoint vc="0" uspid="32951" ordinal="0" offset="498" sl="355" sc="17" el="355" ec="17" bec="0" bev="0" fileid="37" />
                <SequencePoint vc="0" uspid="32952" ordinal="0" offset="520" sl="356" sc="21" el="356" ec="21" bec="0" bev="0" fileid="37" />
                <SequencePoint vc="0" uspid="32953" ordinal="0" offset="525" sl="359" sc="17" el="359" ec="17" bec="0" bev="0" fileid="37" />
                <SequencePoint vc="0" uspid="32954" ordinal="0" offset="547" sl="360" sc="17" el="360" ec="17" bec="0" bev="0" fileid="37" />
                <SequencePoint vc="0" uspid="32955" ordinal="0" offset="581" sl="360" sc="17" el="360" ec="17" bec="0" bev="0" fileid="37" />
                <SequencePoint vc="0" uspid="32956" ordinal="0" offset="613" sl="360" sc="17" el="360" ec="17" bec="0" bev="0" fileid="37" />
                <SequencePoint vc="0" uspid="32957" ordinal="0" offset="650" sl="362" sc="17" el="362" ec="17" bec="0" bev="0" fileid="37" />
                <SequencePoint vc="0" uspid="32958" ordinal="0" offset="686" sl="362" sc="17" el="362" ec="17" bec="0" bev="0" fileid="37" />
                <SequencePoint vc="0" uspid="32959" ordinal="0" offset="718" sl="362" sc="17" el="362" ec="17" bec="0" bev="0" fileid="37" />
                <SequencePoint vc="0" uspid="32960" ordinal="0" offset="755" sl="363" sc="17" el="363" ec="17" bec="0" bev="0" fileid="37" />
                <SequencePoint vc="0" uspid="32961" ordinal="0" offset="804" sl="363" sc="17" el="363" ec="17" bec="0" bev="0" fileid="37" />
                <SequencePoint vc="0" uspid="32962" ordinal="0" offset="833" sl="363" sc="17" el="363" ec="17" bec="0" bev="0" fileid="37" />
                <SequencePoint vc="0" uspid="32963" ordinal="0" offset="870" sl="364" sc="13" el="364" ec="13" bec="0" bev="0" fileid="37" />
                <SequencePoint vc="1" uspid="32964" ordinal="0" offset="913" sl="365" sc="9" el="365" ec="9" bec="0" bev="0" fileid="37" />
              </SequencePoints>
              <BranchPoints />
            </Method>
          </Methods>
        </Class>
        <Class>
          <Summary numSequencePoints="17" visitedSequencePoints="17" numBranchPoints="0" visitedBranchPoints="0" sequenceCoverage="100.0" branchCoverage="0.0" maxCyclomaticComplexity="0" minCyclomaticComplexity="0" maxCrapScore="0" minCrapScore="0" visitedClasses="1" numClasses="1" visitedMethods="1" numMethods="1" />
          <FullName>ODDGames.UITest.InputInjector/&lt;EnsureGameViewFocusAsync&gt;d__16</FullName>
          <Methods>
            <Method visited="true" cyclomaticComplexity="0" nPathComplexity="0" sequenceCoverage="100.0" branchCoverage="0" crapScore="0" isConstructor="false" isStatic="false" isGetter="false" isSetter="false">
              <Summary numSequencePoints="17" visitedSequencePoints="17" numBranchPoints="0" visitedBranchPoints="0" sequenceCoverage="100.0" branchCoverage="0" maxCyclomaticComplexity="0" minCyclomaticComplexity="0" maxCrapScore="0" minCrapScore="0" visitedClasses="0" numClasses="0" visitedMethods="1" numMethods="1" />
              <MetadataToken>100664006</MetadataToken>
              <Name>System.Void ODDGames.UITest.InputInjector/&lt;EnsureGameViewFocusAsync&gt;d__16::MoveNext()</Name>
              <FileRef uid="37" />
              <SequencePoints>
                <SequencePoint vc="3" uspid="32965" ordinal="0" offset="28" sl="548" sc="9" el="548" ec="9" bec="0" bev="0" fileid="37" />
                <SequencePoint vc="3" uspid="32966" ordinal="0" offset="29" sl="550" sc="13" el="550" ec="13" bec="0" bev="0" fileid="37" />
                <SequencePoint vc="3" uspid="32967" ordinal="0" offset="45" sl="551" sc="13" el="551" ec="13" bec="0" bev="0" fileid="37" />
                <SequencePoint vc="3" uspid="32968" ordinal="0" offset="64" sl="552" sc="13" el="552" ec="13" bec="0" bev="0" fileid="37" />
                <SequencePoint vc="3" uspid="32969" ordinal="0" offset="65" sl="553" sc="17" el="553" ec="17" bec="0" bev="0" fileid="37" />
                <SequencePoint vc="3" uspid="32970" ordinal="0" offset="85" sl="554" sc="17" el="554" ec="17" bec="0" bev="0" fileid="37" />
                <SequencePoint vc="3" uspid="32971" ordinal="0" offset="104" sl="555" sc="17" el="555" ec="17" bec="0" bev="0" fileid="37" />
                <SequencePoint vc="3" uspid="32972" ordinal="0" offset="105" sl="556" sc="21" el="556" ec="21" bec="0" bev="0" fileid="37" />
                <SequencePoint vc="3" uspid="32973" ordinal="0" offset="117" sl="558" sc="21" el="558" ec="21" bec="0" bev="0" fileid="37" />
                <SequencePoint vc="3" uspid="32974" ordinal="0" offset="150" sl="558" sc="21" el="558" ec="21" bec="0" bev="0" fileid="37" />
                <SequencePoint vc="3" uspid="32975" ordinal="0" offset="181" sl="558" sc="21" el="558" ec="21" bec="0" bev="0" fileid="37" />
                <SequencePoint vc="3" uspid="32976" ordinal="0" offset="217" sl="559" sc="21" el="559" ec="21" bec="0" bev="0" fileid="37" />
                <SequencePoint vc="3" uspid="32977" ordinal="0" offset="251" sl="559" sc="21" el="559" ec="21" bec="0" bev="0" fileid="37" />
                <SequencePoint vc="3" uspid="32978" ordinal="0" offset="280" sl="559" sc="21" el="559" ec="21" bec="0" bev="0" fileid="37" />
                <SequencePoint vc="3" uspid="32979" ordinal="0" offset="317" sl="560" sc="17" el="560" ec="17" bec="0" bev="0" fileid="37" />
                <SequencePoint vc="3" uspid="32980" ordinal="0" offset="318" sl="561" sc="13" el="561" ec="13" bec="0" bev="0" fileid="37" />
                <SequencePoint vc="3" uspid="32981" ordinal="0" offset="361" sl="565" sc="9" el="565" ec="9" bec="0" bev="0" fileid="37" />
              </SequencePoints>
              <BranchPoints />
            </Method>
          </Methods>
        </Class>
        <Class>
          <Summary numSequencePoints="34" visitedSequencePoints="26" numBranchPoints="0" visitedBranchPoints="0" sequenceCoverage="76.47" branchCoverage="0.0" maxCyclomaticComplexity="0" minCyclomaticComplexity="0" maxCrapScore="0" minCrapScore="0" visitedClasses="1" numClasses="1" visitedMethods="1" numMethods="1" />
          <FullName>ODDGames.UITest.InputInjector/&lt;InjectPointerTap&gt;d__18</FullName>
          <Methods>
            <Method visited="true" cyclomaticComplexity="0" nPathComplexity="0" sequenceCoverage="76.47" branchCoverage="0" crapScore="0" isConstructor="false" isStatic="false" isGetter="false" isSetter="false">
              <Summary numSequencePoints="34" visitedSequencePoints="26" numBranchPoints="0" visitedBranchPoints="0" sequenceCoverage="76.47" branchCoverage="0" maxCyclomaticComplexity="0" minCyclomaticComplexity="0" maxCrapScore="0" minCrapScore="0" visitedClasses="0" numClasses="0" visitedMethods="1" numMethods="1" />
              <MetadataToken>100664033</MetadataToken>
              <Name>System.Void ODDGames.UITest.InputInjector/&lt;InjectPointerTap&gt;d__18::MoveNext()</Name>
              <FileRef uid="37" />
              <SequencePoints>
                <SequencePoint vc="1" uspid="33299" ordinal="0" offset="57" sl="586" sc="9" el="586" ec="9" bec="0" bev="0" fileid="37" />
                <SequencePoint vc="1" uspid="33300" ordinal="0" offset="58" sl="587" sc="13" el="587" ec="13" bec="0" bev="0" fileid="37" />
                <SequencePoint vc="1" uspid="33301" ordinal="0" offset="90" sl="587" sc="13" el="587" ec="13" bec="0" bev="0" fileid="37" />
                <SequencePoint vc="1" uspid="33302" ordinal="0" offset="120" sl="587" sc="13" el="587" ec="13" bec="0" bev="0" fileid="37" />
                <SequencePoint vc="1" uspid="33303" ordinal="0" offset="156" sl="589" sc="13" el="589" ec="13" bec="0" bev="0" fileid="37" />
                <SequencePoint vc="0" uspid="33304" ordinal="0" offset="167" sl="590" sc="13" el="590" ec="13" bec="0" bev="0" fileid="37" />
                <SequencePoint vc="0" uspid="33305" ordinal="0" offset="168" sl="591" sc="17" el="591" ec="17" bec="0" bev="0" fileid="37" />
                <SequencePoint vc="0" uspid="33306" ordinal="0" offset="207" sl="591" sc="17" el="591" ec="17" bec="0" bev="0" fileid="37" />
                <SequencePoint vc="0" uspid="33307" ordinal="0" offset="238" sl="591" sc="17" el="591" ec="17" bec="0" bev="0" fileid="37" />
                <SequencePoint vc="0" uspid="33308" ordinal="0" offset="275" sl="592" sc="17" el="592" ec="17" bec="0" bev="0" fileid="37" />
                <SequencePoint vc="1" uspid="33309" ordinal="0" offset="280" sl="595" sc="13" el="595" ec="13" bec="0" bev="0" fileid="37" />
                <SequencePoint vc="1" uspid="33310" ordinal="0" offset="291" sl="596" sc="13" el="596" ec="13" bec="0" bev="0" fileid="37" />
                <SequencePoint vc="0" uspid="33311" ordinal="0" offset="306" sl="597" sc="13" el="597" ec="13" bec="0" bev="0" fileid="37" />
                <SequencePoint vc="0" uspid="33312" ordinal="0" offset="307" sl="598" sc="17" el="598" ec="17" bec="0" bev="0" fileid="37" />
                <SequencePoint vc="0" uspid="33313" ordinal="0" offset="318" sl="599" sc="17" el="599" ec="17" bec="0" bev="0" fileid="37" />
                <SequencePoint vc="1" uspid="33314" ordinal="0" offset="323" sl="603" sc="13" el="603" ec="13" bec="0" bev="0" fileid="37" />
                <SequencePoint vc="1" uspid="33315" ordinal="0" offset="364" sl="606" sc="13" el="606" ec="13" bec="0" bev="0" fileid="37" />
                <SequencePoint vc="1" uspid="33316" ordinal="0" offset="391" sl="607" sc="13" el="607" ec="13" bec="0" bev="0" fileid="37" />
                <SequencePoint vc="1" uspid="33317" ordinal="0" offset="397" sl="608" sc="13" el="608" ec="13" bec="0" bev="0" fileid="37" />
                <SequencePoint vc="1" uspid="33318" ordinal="0" offset="431" sl="608" sc="13" el="608" ec="13" bec="0" bev="0" fileid="37" />
                <SequencePoint vc="1" uspid="33319" ordinal="0" offset="462" sl="608" sc="13" el="608" ec="13" bec="0" bev="0" fileid="37" />
                <SequencePoint vc="1" uspid="33320" ordinal="0" offset="499" sl="611" sc="13" el="611" ec="13" bec="0" bev="0" fileid="37" />
                <SequencePoint vc="1" uspid="33321" ordinal="0" offset="518" sl="612" sc="13" el="612" ec="13" bec="0" bev="0" fileid="37" />
                <SequencePoint vc="1" uspid="33322" ordinal="0" offset="545" sl="613" sc="13" el="613" ec="13" bec="0" bev="0" fileid="37" />
                <SequencePoint vc="1" uspid="33323" ordinal="0" offset="551" sl="614" sc="13" el="614" ec="13" bec="0" bev="0" fileid="37" />
                <SequencePoint vc="1" uspid="33324" ordinal="0" offset="585" sl="614" sc="13" el="614" ec="13" bec="0" bev="0" fileid="37" />
                <SequencePoint vc="1" uspid="33325" ordinal="0" offset="616" sl="614" sc="13" el="614" ec="13" bec="0" bev="0" fileid="37" />
                <SequencePoint vc="1" uspid="33326" ordinal="0" offset="653" sl="617" sc="13" el="617" ec="13" bec="0" bev="0" fileid="37" />
                <SequencePoint vc="1" uspid="33327" ordinal="0" offset="672" sl="618" sc="13" el="618" ec="13" bec="0" bev="0" fileid="37" />
                <SequencePoint vc="1" uspid="33328" ordinal="0" offset="699" sl="619" sc="13" el="619" ec="13" bec="0" bev="0" fileid="37" />
                <SequencePoint vc="1" uspid="33329" ordinal="0" offset="705" sl="620" sc="13" el="620" ec="13" bec="0" bev="0" fileid="37" />
                <SequencePoint vc="1" uspid="33330" ordinal="0" offset="739" sl="620" sc="13" el="620" ec="13" bec="0" bev="0" fileid="37" />
                <SequencePoint vc="1" uspid="33331" ordinal="0" offset="767" sl="620" sc="13" el="620" ec="13" bec="0" bev="0" fileid="37" />
                <SequencePoint vc="1" uspid="33332" ordinal="0" offset="839" sl="621" sc="9" el="621" ec="9" bec="0" bev="0" fileid="37" />
              </SequencePoints>
              <BranchPoints />
            </Method>
          </Methods>
        </Class>
        <Class>
          <Summary numSequencePoints="20" visitedSequencePoints="17" numBranchPoints="0" visitedBranchPoints="0" sequenceCoverage="85.00" branchCoverage="0.0" maxCyclomaticComplexity="0" minCyclomaticComplexity="0" maxCrapScore="0" minCrapScore="0" visitedClasses="1" numClasses="1" visitedMethods="1" numMethods="1" />
          <FullName>ODDGames.UITest.InputInjector/&lt;PressKey&gt;d__30</FullName>
          <Methods>
            <Method visited="true" cyclomaticComplexity="0" nPathComplexity="0" sequenceCoverage="85.00" branchCoverage="0" crapScore="0" isConstructor="false" isStatic="false" isGetter="false" isSetter="false">
              <Summary numSequencePoints="20" visitedSequencePoints="17" numBranchPoints="0" visitedBranchPoints="0" sequenceCoverage="85.00" branchCoverage="0" maxCyclomaticComplexity="0" minCyclomaticComplexity="0" maxCrapScore="0" minCrapScore="0" visitedClasses="0" numClasses="0" visitedMethods="1" numMethods="1" />
              <MetadataToken>100664075</MetadataToken>
              <Name>System.Void ODDGames.UITest.InputInjector/&lt;PressKey&gt;d__30::MoveNext()</Name>
              <FileRef uid="37" />
              <SequencePoints>
                <SequencePoint vc="1" uspid="33714" ordinal="0" offset="39" sl="1071" sc="9" el="1071" ec="9" bec="0" bev="0" fileid="37" />
                <SequencePoint vc="1" uspid="33715" ordinal="0" offset="40" sl="1072" sc="13" el="1072" ec="13" bec="0" bev="0" fileid="37" />
                <SequencePoint vc="1" uspid="33716" ordinal="0" offset="72" sl="1072" sc="13" el="1072" ec="13" bec="0" bev="0" fileid="37" />
                <SequencePoint vc="1" uspid="33717" ordinal="0" offset="102" sl="1072" sc="13" el="1072" ec="13" bec="0" bev="0" fileid="37" />
                <SequencePoint vc="1" uspid="33718" ordinal="0" offset="138" sl="1074" sc="13" el="1074" ec="13" bec="0" bev="0" fileid="37" />
                <SequencePoint vc="1" uspid="33719" ordinal="0" offset="149" sl="1075" sc="13" el="1075" ec="13" bec="0" bev="0" fileid="37" />
                <SequencePoint vc="0" uspid="33720" ordinal="0" offset="164" sl="1076" sc="13" el="1076" ec="13" bec="0" bev="0" fileid="37" />
                <SequencePoint vc="0" uspid="33721" ordinal="0" offset="165" sl="1077" sc="17" el="1077" ec="17" bec="0" bev="0" fileid="37" />
                <SequencePoint vc="0" uspid="33722" ordinal="0" offset="176" sl="1078" sc="17" el="1078" ec="17" bec="0" bev="0" fileid="37" />
                <SequencePoint vc="1" uspid="33723" ordinal="0" offset="181" sl="1081" sc="13" el="1081" ec="13" bec="0" bev="0" fileid="37" />
                <SequencePoint vc="1" uspid="33724" ordinal="0" offset="222" sl="1082" sc="13" el="1082" ec="13" bec="0" bev="0" fileid="37" />
                <SequencePoint vc="1" uspid="33725" ordinal="0" offset="228" sl="1083" sc="13" el="1083" ec="13" bec="0" bev="0" fileid="37" />
                <SequencePoint vc="1" uspid="33726" ordinal="0" offset="262" sl="1083" sc="13" el="1083" ec="13" bec="0" bev="0" fileid="37" />
                <SequencePoint vc="1" uspid="33727" ordinal="0" offset="293" sl="1083" sc="13" el="1083" ec="13" bec="0" bev="0" fileid="37" />
                <SequencePoint vc="1" uspid="33728" ordinal="0" offset="330" sl="1085" sc="13" el="1085" ec="13" bec="0" bev="0" fileid="37" />
                <SequencePoint vc="1" uspid="33729" ordinal="0" offset="361" sl="1086" sc="13" el="1086" ec="13" bec="0" bev="0" fileid="37" />
                <SequencePoint vc="1" uspid="33730" ordinal="0" offset="367" sl="1087" sc="13" el="1087" ec="13" bec="0" bev="0" fileid="37" />
                <SequencePoint vc="1" uspid="33731" ordinal="0" offset="401" sl="1087" sc="13" el="1087" ec="13" bec="0" bev="0" fileid="37" />
                <SequencePoint vc="1" uspid="33732" ordinal="0" offset="429" sl="1087" sc="13" el="1087" ec="13" bec="0" bev="0" fileid="37" />
                <SequencePoint vc="1" uspid="33733" ordinal="0" offset="501" sl="1088" sc="9" el="1088" ec="9" bec="0" bev="0" fileid="37" />
              </SequencePoints>
              <BranchPoints />
            </Method>
          </Methods>
        </Class>
        <Class>
          <Summary numSequencePoints="33" visitedSequencePoints="25" numBranchPoints="0" visitedBranchPoints="0" sequenceCoverage="75.76" branchCoverage="0.0" maxCyclomaticComplexity="0" minCyclomaticComplexity="0" maxCrapScore="0" minCrapScore="0" visitedClasses="1" numClasses="1" visitedMethods="1" numMethods="1" />
          <FullName>ODDGames.UITest.InputInjector/&lt;TypeIntoField&gt;d__9</FullName>
          <Methods>
            <Method visited="true" cyclomaticComplexity="0" nPathComplexity="0" sequenceCoverage="75.76" branchCoverage="0" crapScore="0" isConstructor="false" isStatic="false" isGetter="false" isSetter="false">
              <Summary numSequencePoints="33" visitedSequencePoints="25" numBranchPoints="0" visitedBranchPoints="0" sequenceCoverage="75.76" branchCoverage="0" maxCyclomaticComplexity="0" minCyclomaticComplexity="0" maxCrapScore="0" minCrapScore="0" visitedClasses="0" numClasses="0" visitedMethods="1" numMethods="1" />
              <MetadataToken>100664099</MetadataToken>
              <Name>System.Void ODDGames.UITest.InputInjector/&lt;TypeIntoField&gt;d__9::MoveNext()</Name>
              <FileRef uid="37" />
              <SequencePoints>
                <SequencePoint vc="1" uspid="33797" ordinal="0" offset="75" sl="409" sc="9" el="409" ec="9" bec="0" bev="0" fileid="37" />
                <SequencePoint vc="1" uspid="33798" ordinal="0" offset="76" sl="411" sc="13" el="411" ec="13" bec="0" bev="0" fileid="37" />
                <SequencePoint vc="1" uspid="33799" ordinal="0" offset="93" sl="412" sc="13" el="412" ec="13" bec="0" bev="0" fileid="37" />
                <SequencePoint vc="1" uspid="33800" ordinal="0" offset="131" sl="412" sc="13" el="412" ec="13" bec="0" bev="0" fileid="37" />
                <SequencePoint vc="1" uspid="33801" ordinal="0" offset="161" sl="412" sc="13" el="412" ec="13" bec="0" bev="0" fileid="37" />
                <SequencePoint vc="1" uspid="33802" ordinal="0" offset="197" sl="415" sc="13" el="415" ec="13" bec="0" bev="0" fileid="37" />
                <SequencePoint vc="1" uspid="33803" ordinal="0" offset="248" sl="415" sc="13" el="415" ec="13" bec="0" bev="0" fileid="37" />
                <SequencePoint vc="1" uspid="33804" ordinal="0" offset="279" sl="415" sc="13" el="415" ec="13" bec="0" bev="0" fileid="37" />
                <SequencePoint vc="1" uspid="33805" ordinal="0" offset="316" sl="416" sc="13" el="416" ec="13" bec="0" bev="0" fileid="37" />
                <SequencePoint vc="1" uspid="33806" ordinal="0" offset="350" sl="416" sc="13" el="416" ec="13" bec="0" bev="0" fileid="37" />
                <SequencePoint vc="1" uspid="33807" ordinal="0" offset="381" sl="416" sc="13" el="416" ec="13" bec="0" bev="0" fileid="37" />
                <SequencePoint vc="1" uspid="33808" ordinal="0" offset="418" sl="419" sc="13" el="419" ec="13" bec="0" bev="0" fileid="37" />
                <SequencePoint vc="1" uspid="33809" ordinal="0" offset="430" sl="420" sc="13" el="420" ec="13" bec="0" bev="0" fileid="37" />
                <SequencePoint vc="1" uspid="33810" ordinal="0" offset="431" sl="421" sc="17" el="421" ec="17" bec="0" bev="0" fileid="37" />
                <SequencePoint vc="1" uspid="33811" ordinal="0" offset="470" sl="421" sc="17" el="421" ec="17" bec="0" bev="0" fileid="37" />
                <SequencePoint vc="1" uspid="33812" ordinal="0" offset="501" sl="421" sc="17" el="421" ec="17" bec="0" bev="0" fileid="37" />
                <SequencePoint vc="1" uspid="33813" ordinal="0" offset="538" sl="422" sc="13" el="422" ec="13" bec="0" bev="0" fileid="37" />
                <SequencePoint vc="1" uspid="33814" ordinal="0" offset="539" sl="425" sc="13" el="425" ec="13" bec="0" bev="0" fileid="37" />
                <SequencePoint vc="1" uspid="33815" ordinal="0" offset="559" sl="426" sc="13" el="426" ec="13" bec="0" bev="0" fileid="37" />
                <SequencePoint vc="1" uspid="33816" ordinal="0" offset="560" sl="427" sc="17" el="427" ec="17" bec="0" bev="0" fileid="37" />
                <SequencePoint vc="1" uspid="33817" ordinal="0" offset="599" sl="427" sc="17" el="427" ec="17" bec="0" bev="0" fileid="37" />
                <SequencePoint vc="1" uspid="33818" ordinal="0" offset="630" sl="427" sc="17" el="427" ec="17" bec="0" bev="0" fileid="37" />
                <SequencePoint vc="1" uspid="33819" ordinal="0" offset="667" sl="428" sc="13" el="428" ec="13" bec="0" bev="0" fileid="37" />
                <SequencePoint vc="1" uspid="33820" ordinal="0" offset="668" sl="431" sc="13" el="431" ec="13" bec="0" bev="0" fileid="37" />
                <SequencePoint vc="0" uspid="33821" ordinal="0" offset="683" sl="432" sc="13" el="432" ec="13" bec="0" bev="0" fileid="37" />
                <SequencePoint vc="0" uspid="33822" ordinal="0" offset="684" sl="433" sc="17" el="433" ec="17" bec="0" bev="0" fileid="37" />
                <SequencePoint vc="0" uspid="33823" ordinal="0" offset="732" sl="433" sc="17" el="433" ec="17" bec="0" bev="0" fileid="37" />
                <SequencePoint vc="0" uspid="33824" ordinal="0" offset="763" sl="433" sc="17" el="433" ec="17" bec="0" bev="0" fileid="37" />
                <SequencePoint vc="0" uspid="33825" ordinal="0" offset="800" sl="434" sc="17" el="434" ec="17" bec="0" bev="0" fileid="37" />
                <SequencePoint vc="0" uspid="33826" ordinal="0" offset="834" sl="434" sc="17" el="434" ec="17" bec="0" bev="0" fileid="37" />
                <SequencePoint vc="0" uspid="33827" ordinal="0" offset="862" sl="434" sc="17" el="434" ec="17" bec="0" bev="0" fileid="37" />
                <SequencePoint vc="0" uspid="33828" ordinal="0" offset="899" sl="435" sc="13" el="435" ec="13" bec="0" bev="0" fileid="37" />
                <SequencePoint vc="1" uspid="33829" ordinal="0" offset="928" sl="436" sc="9" el="436" ec="9" bec="0" bev="0" fileid="37" />
              </SequencePoints>
              <BranchPoints />
            </Method>
          </Methods>
        </Class>
        <Class>
          <Summary numSequencePoints="23" visitedSequencePoints="19" numBranchPoints="0" visitedBranchPoints="0" sequenceCoverage="82.61" branchCoverage="0.0" maxCyclomaticComplexity="0" minCyclomaticComplexity="0" maxCrapScore="0" minCrapScore="0" visitedClasses="1" numClasses="1" visitedMethods="1" numMethods="1" />
          <FullName>ODDGames.UITest.InputInjector/&lt;TypeText&gt;d__29</FullName>
          <Methods>
            <Method visited="true" cyclomaticComplexity="0" nPathComplexity="0" sequenceCoverage="82.61" branchCoverage="0" crapScore="0" isConstructor="false" isStatic="false" isGetter="false" isSetter="false">
              <Summary numSequencePoints="23" visitedSequencePoints="19" numBranchPoints="0" visitedBranchPoints="0" sequenceCoverage="82.61" branchCoverage="0" maxCyclomaticComplexity="0" minCyclomaticComplexity="0" maxCrapScore="0" minCrapScore="0" visitedClasses="0" numClasses="0" visitedMethods="1" numMethods="1" />
              <MetadataToken>100664102</MetadataToken>
              <Name>System.Void ODDGames.UITest.InputInjector/&lt;TypeText&gt;d__29::MoveNext()</Name>
              <FileRef uid="37" />
              <SequencePoints>
                <SequencePoint vc="1" uspid="33830" ordinal="0" offset="25" sl="1047" sc="9" el="1047" ec="9" bec="0" bev="0" fileid="37" />
                <SequencePoint vc="1" uspid="33831" ordinal="0" offset="26" sl="1048" sc="13" el="1048" ec="13" bec="0" bev="0" fileid="37" />
                <SequencePoint vc="1" uspid="33832" ordinal="0" offset="58" sl="1048" sc="13" el="1048" ec="13" bec="0" bev="0" fileid="37" />
                <SequencePoint vc="1" uspid="33833" ordinal="0" offset="88" sl="1048" sc="13" el="1048" ec="13" bec="0" bev="0" fileid="37" />
                <SequencePoint vc="1" uspid="33834" ordinal="0" offset="124" sl="1050" sc="13" el="1050" ec="13" bec="0" bev="0" fileid="37" />
                <SequencePoint vc="1" uspid="33835" ordinal="0" offset="135" sl="1051" sc="13" el="1051" ec="13" bec="0" bev="0" fileid="37" />
                <SequencePoint vc="0" uspid="33836" ordinal="0" offset="150" sl="1052" sc="13" el="1052" ec="13" bec="0" bev="0" fileid="37" />
                <SequencePoint vc="0" uspid="33837" ordinal="0" offset="151" sl="1053" sc="17" el="1053" ec="17" bec="0" bev="0" fileid="37" />
                <SequencePoint vc="0" uspid="33838" ordinal="0" offset="162" sl="1054" sc="17" el="1054" ec="17" bec="0" bev="0" fileid="37" />
                <SequencePoint vc="1" uspid="33839" ordinal="0" offset="167" sl="1057" sc="13" el="1057" ec="13" bec="0" bev="0" fileid="37" />
                <SequencePoint vc="1" uspid="33840" ordinal="0" offset="168" sl="1057" sc="32" el="1057" ec="32" bec="0" bev="0" fileid="37" />
                <SequencePoint vc="8" uspid="33841" ordinal="0" offset="192" sl="1057" sc="22" el="1057" ec="22" bec="0" bev="0" fileid="37" />
                <SequencePoint vc="8" uspid="33842" ordinal="0" offset="215" sl="1058" sc="13" el="1058" ec="13" bec="0" bev="0" fileid="37" />
                <SequencePoint vc="8" uspid="33843" ordinal="0" offset="216" sl="1059" sc="17" el="1059" ec="17" bec="0" bev="0" fileid="37" />
                <SequencePoint vc="0" uspid="33844" ordinal="0" offset="230" sl="1059" sc="45" el="1059" ec="45" bec="0" bev="0" fileid="37" />
                <SequencePoint vc="8" uspid="33845" ordinal="0" offset="235" sl="1061" sc="17" el="1061" ec="17" bec="0" bev="0" fileid="37" />
                <SequencePoint vc="8" uspid="33846" ordinal="0" offset="262" sl="1062" sc="17" el="1062" ec="17" bec="0" bev="0" fileid="37" />
                <SequencePoint vc="8" uspid="33847" ordinal="0" offset="268" sl="1063" sc="17" el="1063" ec="17" bec="0" bev="0" fileid="37" />
                <SequencePoint vc="8" uspid="33848" ordinal="0" offset="302" sl="1063" sc="17" el="1063" ec="17" bec="0" bev="0" fileid="37" />
                <SequencePoint vc="8" uspid="33849" ordinal="0" offset="333" sl="1063" sc="17" el="1063" ec="17" bec="0" bev="0" fileid="37" />
                <SequencePoint vc="8" uspid="33850" ordinal="0" offset="370" sl="1064" sc="13" el="1064" ec="13" bec="0" bev="0" fileid="37" />
                <SequencePoint vc="9" uspid="33851" ordinal="0" offset="385" sl="1057" sc="29" el="1057" ec="29" bec="0" bev="0" fileid="37" />
                <SequencePoint vc="1" uspid="33852" ordinal="0" offset="449" sl="1065" sc="9" el="1065" ec="9" bec="0" bev="0" fileid="37" />
              </SequencePoints>
              <BranchPoints />
            </Method>
          </Methods>
        </Class>
        <Class>
          <Summary numSequencePoints="1" visitedSequencePoints="0" numBranchPoints="0" visitedBranchPoints="0" sequenceCoverage="0.0" branchCoverage="0.0" maxCyclomaticComplexity="0" minCyclomaticComplexity="0" maxCrapScore="0" minCrapScore="0" visitedClasses="0" numClasses="1" visitedMethods="0" numMethods="1" />
          <FullName>ODDGames.UITest.Search&lt;&gt;c__DisplayClass15_0[T]</FullName>
          <Methods>
            <Method visited="false" cyclomaticComplexity="0" nPathComplexity="0" sequenceCoverage="0.0" branchCoverage="0" crapScore="0" isConstructor="false" isStatic="false" isGetter="false" isSetter="false">
              <Summary numSequencePoints="1" visitedSequencePoints="0" numBranchPoints="0" visitedBranchPoints="0" sequenceCoverage="0.0" branchCoverage="0" maxCyclomaticComplexity="0" minCyclomaticComplexity="0" maxCrapScore="0" minCrapScore="0" visitedClasses="0" numClasses="0" visitedMethods="0" numMethods="1" />
              <MetadataToken>100664125</MetadataToken>
              <Name>System.Boolean ODDGames.UITest.Search&lt;&gt;c__DisplayClass15_0[T]::&lt;Type&gt;b__0(UnityEngine.GameObject)</Name>
              <FileRef uid="38" />
              <SequencePoints>
                <SequencePoint vc="0" uspid="33869" ordinal="0" offset="0" sl="220" sc="0" el="220" ec="0" bec="0" bev="0" fileid="38" />
              </SequencePoints>
              <BranchPoints />
            </Method>
          </Methods>
        </Class>
        <Class>
          <Summary numSequencePoints="7" visitedSequencePoints="0" numBranchPoints="0" visitedBranchPoints="0" sequenceCoverage="0.0" branchCoverage="0.0" maxCyclomaticComplexity="0" minCyclomaticComplexity="0" maxCrapScore="0" minCrapScore="0" visitedClasses="0" numClasses="1" visitedMethods="0" numMethods="1" />
          <FullName>ODDGames.UITest.Search&lt;&gt;c__DisplayClass21_0[T]</FullName>
          <Methods>
            <Method visited="false" cyclomaticComplexity="0" nPathComplexity="0" sequenceCoverage="0.0" branchCoverage="0" crapScore="0" isConstructor="false" isStatic="false" isGetter="false" isSetter="false">
              <Summary numSequencePoints="7" visitedSequencePoints="0" numBranchPoints="0" visitedBranchPoints="0" sequenceCoverage="0.0" branchCoverage="0" maxCyclomaticComplexity="0" minCyclomaticComplexity="0" maxCrapScore="0" minCrapScore="0" visitedClasses="0" numClasses="0" visitedMethods="0" numMethods="1" />
              <MetadataToken>100664138</MetadataToken>
              <Name>System.Boolean ODDGames.UITest.Search&lt;&gt;c__DisplayClass21_0[T]::&lt;With&gt;b__0(UnityEngine.GameObject)</Name>
              <FileRef uid="38" />
              <SequencePoints>
                <SequencePoint vc="0" uspid="33892" ordinal="0" offset="0" sl="372" sc="0" el="372" ec="0" bec="0" bev="0" fileid="38" />
                <SequencePoint vc="0" uspid="33893" ordinal="0" offset="1" sl="373" sc="0" el="373" ec="0" bec="0" bev="0" fileid="38" />
                <SequencePoint vc="0" uspid="33894" ordinal="0" offset="8" sl="374" sc="0" el="374" ec="0" bec="0" bev="0" fileid="38" />
                <SequencePoint vc="0" uspid="33895" ordinal="0" offset="24" sl="374" sc="0" el="374" ec="0" bec="0" bev="0" fileid="38" />
                <SequencePoint vc="0" uspid="33896" ordinal="0" offset="33" sl="375" sc="0" el="375" ec="0" bec="0" bev="0" fileid="38" />
                <SequencePoint vc="0" uspid="33897" ordinal="0" offset="46" sl="376" sc="0" el="376" ec="0" bec="0" bev="0" fileid="38" />
                <SequencePoint vc="0" uspid="33898" ordinal="0" offset="61" sl="377" sc="0" el="377" ec="0" bec="0" bev="0" fileid="38" />
              </SequencePoints>
              <BranchPoints />
            </Method>
          </Methods>
        </Class>
        <Class>
          <Summary numSequencePoints="7" visitedSequencePoints="0" numBranchPoints="0" visitedBranchPoints="0" sequenceCoverage="0.0" branchCoverage="0.0" maxCyclomaticComplexity="0" minCyclomaticComplexity="0" maxCrapScore="0" minCrapScore="0" visitedClasses="0" numClasses="1" visitedMethods="0" numMethods="1" />
          <FullName>ODDGames.UITest.Search&lt;&gt;c__DisplayClass33_0[T]</FullName>
          <Methods>
            <Method visited="false" cyclomaticComplexity="0" nPathComplexity="0" sequenceCoverage="0.0" branchCoverage="0" crapScore="0" isConstructor="false" isStatic="false" isGetter="false" isSetter="false">
              <Summary numSequencePoints="7" visitedSequencePoints="0" numBranchPoints="0" visitedBranchPoints="0" sequenceCoverage="0.0" branchCoverage="0" maxCyclomaticComplexity="0" minCyclomaticComplexity="0" maxCrapScore="0" minCrapScore="0" visitedClasses="0" numClasses="0" visitedMethods="0" numMethods="1" />
              <MetadataToken>100664152</MetadataToken>
              <Name>System.Boolean ODDGames.UITest.Search&lt;&gt;c__DisplayClass33_0[T]::&lt;GetParent&gt;b__0(UnityEngine.GameObject)</Name>
              <FileRef uid="38" />
              <SequencePoints>
                <SequencePoint vc="0" uspid="33947" ordinal="0" offset="0" sl="668" sc="0" el="668" ec="0" bec="0" bev="0" fileid="38" />
                <SequencePoint vc="0" uspid="33948" ordinal="0" offset="1" sl="669" sc="0" el="669" ec="0" bec="0" bev="0" fileid="38" />
                <SequencePoint vc="0" uspid="33949" ordinal="0" offset="8" sl="670" sc="0" el="670" ec="0" bec="0" bev="0" fileid="38" />
                <SequencePoint vc="0" uspid="33950" ordinal="0" offset="46" sl="671" sc="0" el="671" ec="0" bec="0" bev="0" fileid="38" />
                <SequencePoint vc="0" uspid="33951" ordinal="0" offset="78" sl="672" sc="0" el="672" ec="0" bec="0" bev="0" fileid="38" />
                <SequencePoint vc="0" uspid="33952" ordinal="0" offset="91" sl="673" sc="0" el="673" ec="0" bec="0" bev="0" fileid="38" />
                <SequencePoint vc="0" uspid="33953" ordinal="0" offset="107" sl="674" sc="0" el="674" ec="0" bec="0" bev="0" fileid="38" />
              </SequencePoints>
              <BranchPoints />
            </Method>
          </Methods>
        </Class>
        <Class>
          <Summary numSequencePoints="11" visitedSequencePoints="0" numBranchPoints="0" visitedBranchPoints="0" sequenceCoverage="0.0" branchCoverage="0.0" maxCyclomaticComplexity="0" minCyclomaticComplexity="0" maxCrapScore="0" minCrapScore="0" visitedClasses="0" numClasses="1" visitedMethods="0" numMethods="1" />
          <FullName>ODDGames.UITest.Search&lt;&gt;c__DisplayClass34_0[T]</FullName>
          <Methods>
            <Method visited="false" cyclomaticComplexity="0" nPathComplexity="0" sequenceCoverage="0.0" branchCoverage="0" crapScore="0" isConstructor="false" isStatic="false" isGetter="false" isSetter="false">
              <Summary numSequencePoints="11" visitedSequencePoints="0" numBranchPoints="0" visitedBranchPoints="0" sequenceCoverage="0.0" branchCoverage="0" maxCyclomaticComplexity="0" minCyclomaticComplexity="0" maxCrapScore="0" minCrapScore="0" visitedClasses="0" numClasses="0" visitedMethods="0" numMethods="1" />
              <MetadataToken>100664154</MetadataToken>
              <Name>System.Boolean ODDGames.UITest.Search&lt;&gt;c__DisplayClass34_0[T]::&lt;GetParent&gt;b__0(UnityEngine.GameObject)</Name>
              <FileRef uid="38" />
              <SequencePoints>
                <SequencePoint vc="0" uspid="33954" ordinal="0" offset="0" sl="699" sc="0" el="699" ec="0" bec="0" bev="0" fileid="38" />
                <SequencePoint vc="0" uspid="33955" ordinal="0" offset="1" sl="700" sc="0" el="700" ec="0" bec="0" bev="0" fileid="38" />
                <SequencePoint vc="0" uspid="33956" ordinal="0" offset="15" sl="702" sc="0" el="702" ec="0" bec="0" bev="0" fileid="38" />
                <SequencePoint vc="0" uspid="33957" ordinal="0" offset="16" sl="703" sc="0" el="703" ec="0" bec="0" bev="0" fileid="38" />
                <SequencePoint vc="0" uspid="33958" ordinal="0" offset="23" sl="704" sc="0" el="704" ec="0" bec="0" bev="0" fileid="38" />
                <SequencePoint vc="0" uspid="33959" ordinal="0" offset="56" sl="705" sc="0" el="705" ec="0" bec="0" bev="0" fileid="38" />
                <SequencePoint vc="0" uspid="33960" ordinal="0" offset="68" sl="706" sc="0" el="706" ec="0" bec="0" bev="0" fileid="38" />
                <SequencePoint vc="0" uspid="33961" ordinal="0" offset="75" sl="707" sc="0" el="707" ec="0" bec="0" bev="0" fileid="38" />
                <SequencePoint vc="0" uspid="33962" ordinal="0" offset="76" sl="701" sc="0" el="701" ec="0" bec="0" bev="0" fileid="38" />
                <SequencePoint vc="0" uspid="33963" ordinal="0" offset="89" sl="708" sc="0" el="708" ec="0" bec="0" bev="0" fileid="38" />
                <SequencePoint vc="0" uspid="33964" ordinal="0" offset="98" sl="709" sc="0" el="709" ec="0" bec="0" bev="0" fileid="38" />
              </SequencePoints>
              <BranchPoints />
            </Method>
          </Methods>
        </Class>
        <Class>
          <Summary numSequencePoints="18" visitedSequencePoints="0" numBranchPoints="0" visitedBranchPoints="0" sequenceCoverage="0.0" branchCoverage="0.0" maxCyclomaticComplexity="0" minCyclomaticComplexity="0" maxCrapScore="0" minCrapScore="0" visitedClasses="0" numClasses="1" visitedMethods="0" numMethods="1" />
          <FullName>ODDGames.UITest.Search&lt;&gt;c__DisplayClass35_0[T]</FullName>
          <Methods>
            <Method visited="false" cyclomaticComplexity="0" nPathComplexity="0" sequenceCoverage="0.0" branchCoverage="0" crapScore="0" isConstructor="false" isStatic="false" isGetter="false" isSetter="false">
              <Summary numSequencePoints="18" visitedSequencePoints="0" numBranchPoints="0" visitedBranchPoints="0" sequenceCoverage="0.0" branchCoverage="0" maxCyclomaticComplexity="0" minCyclomaticComplexity="0" maxCrapScore="0" minCrapScore="0" visitedClasses="0" numClasses="0" visitedMethods="0" numMethods="1" />
              <MetadataToken>100664156</MetadataToken>
              <Name>System.Boolean ODDGames.UITest.Search&lt;&gt;c__DisplayClass35_0[T]::&lt;GetChild&gt;b__0(UnityEngine.GameObject)</Name>
              <FileRef uid="38" />
              <SequencePoints>
                <SequencePoint vc="0" uspid="33965" ordinal="0" offset="0" sl="733" sc="0" el="733" ec="0" bec="0" bev="0" fileid="38" />
                <SequencePoint vc="0" uspid="33966" ordinal="0" offset="1" sl="734" sc="0" el="734" ec="0" bec="0" bev="0" fileid="38" />
                <SequencePoint vc="0" uspid="33967" ordinal="0" offset="8" sl="735" sc="0" el="735" ec="0" bec="0" bev="0" fileid="38" />
                <SequencePoint vc="0" uspid="33968" ordinal="0" offset="46" sl="736" sc="0" el="736" ec="0" bec="0" bev="0" fileid="38" />
                <SequencePoint vc="0" uspid="33969" ordinal="0" offset="47" sl="737" sc="0" el="737" ec="0" bec="0" bev="0" fileid="38" />
                <SequencePoint vc="0" uspid="33970" ordinal="0" offset="55" sl="738" sc="0" el="738" ec="0" bec="0" bev="0" fileid="38" />
                <SequencePoint vc="0" uspid="33971" ordinal="0" offset="56" sl="738" sc="0" el="738" ec="0" bec="0" bev="0" fileid="38" />
                <SequencePoint vc="0" uspid="33972" ordinal="0" offset="70" sl="738" sc="0" el="738" ec="0" bec="0" bev="0" fileid="38" />
                <SequencePoint vc="0" uspid="33973" ordinal="0" offset="83" sl="739" sc="0" el="739" ec="0" bec="0" bev="0" fileid="38" />
                <SequencePoint vc="0" uspid="33974" ordinal="0" offset="84" sl="740" sc="0" el="740" ec="0" bec="0" bev="0" fileid="38" />
                <SequencePoint vc="0" uspid="33975" ordinal="0" offset="92" sl="741" sc="0" el="741" ec="0" bec="0" bev="0" fileid="38" />
                <SequencePoint vc="0" uspid="33976" ordinal="0" offset="110" sl="741" sc="0" el="741" ec="0" bec="0" bev="0" fileid="38" />
                <SequencePoint vc="0" uspid="33977" ordinal="0" offset="112" sl="742" sc="0" el="742" ec="0" bec="0" bev="0" fileid="38" />
                <SequencePoint vc="0" uspid="33978" ordinal="0" offset="113" sl="738" sc="0" el="738" ec="0" bec="0" bev="0" fileid="38" />
                <SequencePoint vc="0" uspid="33979" ordinal="0" offset="144" sl="743" sc="0" el="743" ec="0" bec="0" bev="0" fileid="38" />
                <SequencePoint vc="0" uspid="33980" ordinal="0" offset="145" sl="744" sc="0" el="744" ec="0" bec="0" bev="0" fileid="38" />
                <SequencePoint vc="0" uspid="33981" ordinal="0" offset="158" sl="745" sc="0" el="745" ec="0" bec="0" bev="0" fileid="38" />
                <SequencePoint vc="0" uspid="33982" ordinal="0" offset="174" sl="746" sc="0" el="746" ec="0" bec="0" bev="0" fileid="38" />
              </SequencePoints>
              <BranchPoints />
            </Method>
          </Methods>
        </Class>
        <Class>
          <Summary numSequencePoints="4" visitedSequencePoints="0" numBranchPoints="0" visitedBranchPoints="0" sequenceCoverage="0.0" branchCoverage="0.0" maxCyclomaticComplexity="0" minCyclomaticComplexity="0" maxCrapScore="0" minCrapScore="0" visitedClasses="0" numClasses="1" visitedMethods="0" numMethods="1" />
          <FullName>ODDGames.UITest.Search&lt;&gt;c__DisplayClass36_0[T]</FullName>
          <Methods>
            <Method visited="false" cyclomaticComplexity="0" nPathComplexity="0" sequenceCoverage="0.0" branchCoverage="0" crapScore="0" isConstructor="false" isStatic="false" isGetter="false" isSetter="false">
              <Summary numSequencePoints="4" visitedSequencePoints="0" numBranchPoints="0" visitedBranchPoints="0" sequenceCoverage="0.0" branchCoverage="0" maxCyclomaticComplexity="0" minCyclomaticComplexity="0" maxCrapScore="0" minCrapScore="0" visitedClasses="0" numClasses="0" visitedMethods="0" numMethods="1" />
              <MetadataToken>100664158</MetadataToken>
              <Name>System.Boolean ODDGames.UITest.Search&lt;&gt;c__DisplayClass36_0[T]::&lt;GetChild&gt;b__0(UnityEngine.GameObject)</Name>
              <FileRef uid="38" />
              <SequencePoints>
                <SequencePoint vc="0" uspid="33983" ordinal="0" offset="0" sl="771" sc="0" el="771" ec="0" bec="0" bev="0" fileid="38" />
                <SequencePoint vc="0" uspid="33984" ordinal="0" offset="1" sl="772" sc="0" el="772" ec="0" bec="0" bev="0" fileid="38" />
                <SequencePoint vc="0" uspid="33985" ordinal="0" offset="20" sl="773" sc="0" el="773" ec="0" bec="0" bev="0" fileid="38" />
                <SequencePoint vc="0" uspid="33986" ordinal="0" offset="35" sl="774" sc="0" el="774" ec="0" bec="0" bev="0" fileid="38" />
              </SequencePoints>
              <BranchPoints />
            </Method>
          </Methods>
        </Class>
        <Class>
          <Summary numSequencePoints="5" visitedSequencePoints="0" numBranchPoints="0" visitedBranchPoints="0" sequenceCoverage="0.0" branchCoverage="0.0" maxCyclomaticComplexity="0" minCyclomaticComplexity="0" maxCrapScore="0" minCrapScore="0" visitedClasses="0" numClasses="1" visitedMethods="0" numMethods="2" />
          <FullName>ODDGames.UITest.Search&lt;&gt;c__DisplayClass52_0[T]</FullName>
          <Methods>
            <Method visited="false" cyclomaticComplexity="0" nPathComplexity="0" sequenceCoverage="0.0" branchCoverage="0" crapScore="0" isConstructor="false" isStatic="false" isGetter="false" isSetter="false">
              <Summary numSequencePoints="1" visitedSequencePoints="0" numBranchPoints="0" visitedBranchPoints="0" sequenceCoverage="0.0" branchCoverage="0" maxCyclomaticComplexity="0" minCyclomaticComplexity="0" maxCrapScore="0" minCrapScore="0" visitedClasses="0" numClasses="0" visitedMethods="0" numMethods="1" />
              <MetadataToken>100664164</MetadataToken>
              <Name>System.Collections.Generic.IEnumerable[GameObject] ODDGames.UITest.Search&lt;&gt;c__DisplayClass52_0[T]::&lt;OrderBy&gt;b__0(System.Collections.Generic.IEnumerable[GameObject])</Name>
              <FileRef uid="38" />
              <SequencePoints>
                <SequencePoint vc="0" uspid="33995" ordinal="0" offset="0" sl="976" sc="0" el="976" ec="0" bec="0" bev="0" fileid="38" />
              </SequencePoints>
              <BranchPoints />
            </Method>
            <Method visited="false" cyclomaticComplexity="0" nPathComplexity="0" sequenceCoverage="0.0" branchCoverage="0" crapScore="0" isConstructor="false" isStatic="false" isGetter="false" isSetter="false">
              <Summary numSequencePoints="4" visitedSequencePoints="0" numBranchPoints="0" visitedBranchPoints="0" sequenceCoverage="0.0" branchCoverage="0" maxCyclomaticComplexity="0" minCyclomaticComplexity="0" maxCrapScore="0" minCrapScore="0" visitedClasses="0" numClasses="0" visitedMethods="0" numMethods="1" />
              <MetadataToken>100664165</MetadataToken>
              <Name>System.Single ODDGames.UITest.Search&lt;&gt;c__DisplayClass52_0[T]::&lt;OrderBy&gt;b__1(UnityEngine.GameObject)</Name>
              <FileRef uid="38" />
              <SequencePoints>
[...]
                <SequencePoint vc="3" uspid="37353" ordinal="0" offset="25" sl="51" sc="17" el="51" ec="17" bec="0" bev="0" fileid="45" />
                <SequencePoint vc="3" uspid="37354" ordinal="0" offset="36" sl="52" sc="21" el="52" ec="21" bec="0" bev="0" fileid="45" />
                <SequencePoint vc="3" uspid="37355" ordinal="0" offset="43" sl="53" sc="13" el="53" ec="13" bec="0" bev="0" fileid="45" />
                <SequencePoint vc="4" uspid="37356" ordinal="0" offset="44" sl="49" sc="30" el="49" ec="30" bec="0" bev="0" fileid="45" />
                <SequencePoint vc="1" uspid="37357" ordinal="0" offset="70" sl="54" sc="13" el="54" ec="13" bec="0" bev="0" fileid="45" />
                <SequencePoint vc="1" uspid="37358" ordinal="0" offset="82" sl="55" sc="9" el="55" ec="9" bec="0" bev="0" fileid="45" />
              </SequencePoints>
              <BranchPoints />
            </Method>
            <Method visited="true" cyclomaticComplexity="0" nPathComplexity="0" sequenceCoverage="100.0" branchCoverage="0" crapScore="0" isConstructor="false" isStatic="false" isGetter="false" isSetter="false">
              <Summary numSequencePoints="3" visitedSequencePoints="3" numBranchPoints="0" visitedBranchPoints="0" sequenceCoverage="100.0" branchCoverage="0" maxCyclomaticComplexity="0" minCyclomaticComplexity="0" maxCrapScore="0" minCrapScore="0" visitedClasses="0" numClasses="0" visitedMethods="1" numMethods="1" />
              <MetadataToken>100663311</MetadataToken>
              <Name>System.Collections.IEnumerator ODDGames.UITest.Tests.ActionExecutorTests::TypeAsync_WithClearFirst_ClearsExistingText()</Name>
              <FileRef uid="45" />
              <SequencePoints>
                <SequencePoint vc="1" uspid="37389" ordinal="0" offset="0" sl="235" sc="9" el="235" ec="9" bec="0" bev="0" fileid="45" />
                <SequencePoint vc="1" uspid="37390" ordinal="0" offset="1" sl="236" sc="13" el="236" ec="13" bec="0" bev="0" fileid="45" />
                <SequencePoint vc="1" uspid="37391" ordinal="0" offset="21" sl="246" sc="9" el="246" ec="9" bec="0" bev="0" fileid="45" />
              </SequencePoints>
              <BranchPoints />
            </Method>
            <Method visited="true" cyclomaticComplexity="0" nPathComplexity="0" sequenceCoverage="100.0" branchCoverage="0" crapScore="0" isConstructor="false" isStatic="false" isGetter="false" isSetter="false">
              <Summary numSequencePoints="32" visitedSequencePoints="32" numBranchPoints="0" visitedBranchPoints="0" sequenceCoverage="100.0" branchCoverage="0" maxCyclomaticComplexity="0" minCyclomaticComplexity="0" maxCrapScore="0" minCrapScore="0" visitedClasses="0" numClasses="0" visitedMethods="1" numMethods="1" />
              <MetadataToken>100663329</MetadataToken>
              <Name>TMPro.TMP_InputField ODDGames.UITest.Tests.ActionExecutorTests::CreateTMPInputField(System.String, UnityEngine.Vector2)</Name>
              <FileRef uid="45" />
              <SequencePoints>
                <SequencePoint vc="1" uspid="37455" ordinal="0" offset="0" sl="578" sc="9" el="578" ec="9" bec="0" bev="0" fileid="45" />
                <SequencePoint vc="1" uspid="37456" ordinal="0" offset="1" sl="579" sc="13" el="579" ec="13" bec="0" bev="0" fileid="45" />
                <SequencePoint vc="1" uspid="37457" ordinal="0" offset="8" sl="580" sc="13" el="580" ec="13" bec="0" bev="0" fileid="45" />
                <SequencePoint vc="1" uspid="37458" ordinal="0" offset="32" sl="582" sc="13" el="582" ec="13" bec="0" bev="0" fileid="45" />
                <SequencePoint vc="1" uspid="37459" ordinal="0" offset="39" sl="583" sc="13" el="583" ec="13" bec="0" bev="0" fileid="45" />
                <SequencePoint vc="1" uspid="37460" ordinal="0" offset="61" sl="584" sc="13" el="584" ec="13" bec="0" bev="0" fileid="45" />
                <SequencePoint vc="1" uspid="37461" ordinal="0" offset="83" sl="585" sc="13" el="585" ec="13" bec="0" bev="0" fileid="45" />
                <SequencePoint vc="1" uspid="37462" ordinal="0" offset="105" sl="586" sc="13" el="586" ec="13" bec="0" bev="0" fileid="45" />
                <SequencePoint vc="1" uspid="37463" ordinal="0" offset="113" sl="588" sc="13" el="588" ec="13" bec="0" bev="0" fileid="45" />
                <SequencePoint vc="1" uspid="37464" ordinal="0" offset="120" sl="589" sc="13" el="589" ec="13" bec="0" bev="0" fileid="45" />
                <SequencePoint vc="1" uspid="37465" ordinal="0" offset="147" sl="591" sc="13" el="591" ec="13" bec="0" bev="0" fileid="45" />
                <SequencePoint vc="1" uspid="37466" ordinal="0" offset="154" sl="594" sc="13" el="594" ec="13" bec="0" bev="0" fileid="45" />
                <SequencePoint vc="1" uspid="37467" ordinal="0" offset="166" sl="595" sc="13" el="595" ec="13" bec="0" bev="0" fileid="45" />
                <SequencePoint vc="1" uspid="37468" ordinal="0" offset="186" sl="596" sc="13" el="596" ec="13" bec="0" bev="0" fileid="45" />
                <SequencePoint vc="1" uspid="37469" ordinal="0" offset="195" sl="597" sc="13" el="597" ec="13" bec="0" bev="0" fileid="45" />
                <SequencePoint vc="1" uspid="37470" ordinal="0" offset="208" sl="598" sc="13" el="598" ec="13" bec="0" bev="0" fileid="45" />
                <SequencePoint vc="1" uspid="37471" ordinal="0" offset="221" sl="599" sc="13" el="599" ec="13" bec="0" bev="0" fileid="45" />
                <SequencePoint vc="1" uspid="37472" ordinal="0" offset="244" sl="600" sc="13" el="600" ec="13" bec="0" bev="0" fileid="45" />
                <SequencePoint vc="1" uspid="37473" ordinal="0" offset="267" sl="603" sc="13" el="603" ec="13" bec="0" bev="0" fileid="45" />
                <SequencePoint vc="1" uspid="37474" ordinal="0" offset="279" sl="604" sc="13" el="604" ec="13" bec="0" bev="0" fileid="45" />
                <SequencePoint vc="1" uspid="37475" ordinal="0" offset="300" sl="605" sc="13" el="605" ec="13" bec="0" bev="0" fileid="45" />
                <SequencePoint vc="1" uspid="37476" ordinal="0" offset="309" sl="606" sc="13" el="606" ec="13" bec="0" bev="0" fileid="45" />
                <SequencePoint vc="1" uspid="37477" ordinal="0" offset="322" sl="607" sc="13" el="607" ec="13" bec="0" bev="0" fileid="45" />
                <SequencePoint vc="1" uspid="37478" ordinal="0" offset="335" sl="608" sc="13" el="608" ec="13" bec="0" bev="0" fileid="45" />
                <SequencePoint vc="1" uspid="37479" ordinal="0" offset="348" sl="609" sc="13" el="609" ec="13" bec="0" bev="0" fileid="45" />
                <SequencePoint vc="1" uspid="37480" ordinal="0" offset="357" sl="610" sc="13" el="610" ec="13" bec="0" bev="0" fileid="45" />
                <SequencePoint vc="1" uspid="37481" ordinal="0" offset="370" sl="611" sc="13" el="611" ec="13" bec="0" bev="0" fileid="45" />
                <SequencePoint vc="1" uspid="37482" ordinal="0" offset="383" sl="613" sc="13" el="613" ec="13" bec="0" bev="0" fileid="45" />
                <SequencePoint vc="1" uspid="37483" ordinal="0" offset="392" sl="614" sc="13" el="614" ec="13" bec="0" bev="0" fileid="45" />
                <SequencePoint vc="1" uspid="37484" ordinal="0" offset="401" sl="616" sc="13" el="616" ec="13" bec="0" bev="0" fileid="45" />
                <SequencePoint vc="1" uspid="37485" ordinal="0" offset="414" sl="617" sc="13" el="617" ec="13" bec="0" bev="0" fileid="45" />
                <SequencePoint vc="1" uspid="37486" ordinal="0" offset="419" sl="618" sc="9" el="618" ec="9" bec="0" bev="0" fileid="45" />
              </SequencePoints>
              <BranchPoints />
            </Method>
          </Methods>
        </Class>
        <Class>
          <Summary numSequencePoints="11" visitedSequencePoints="10" numBranchPoints="0" visitedBranchPoints="0" sequenceCoverage="90.91" branchCoverage="0.0" maxCyclomaticComplexity="0" minCyclomaticComplexity="0" maxCrapScore="0" minCrapScore="0" visitedClasses="1" numClasses="1" visitedMethods="1" numMethods="1" />
          <FullName>ODDGames.UITest.Tests.ActionExecutorTests/&lt;&lt;TypeAsync_WithClearFirst_ClearsExistingText&gt;b__15_0&gt;d</FullName>
          <Methods>
            <Method visited="true" cyclomaticComplexity="0" nPathComplexity="0" sequenceCoverage="90.91" branchCoverage="0" crapScore="0" isConstructor="false" isStatic="false" isGetter="false" isSetter="false">
              <Summary numSequencePoints="11" visitedSequencePoints="10" numBranchPoints="0" visitedBranchPoints="0" sequenceCoverage="90.91" branchCoverage="0" maxCyclomaticComplexity="0" minCyclomaticComplexity="0" maxCrapScore="0" minCrapScore="0" visitedClasses="0" numClasses="0" visitedMethods="1" numMethods="1" />
              <MetadataToken>100663986</MetadataToken>
              <Name>System.Void ODDGames.UITest.Tests.ActionExecutorTests/&lt;&lt;TypeAsync_WithClearFirst_ClearsExistingText&gt;b__15_0&gt;d::MoveNext()</Name>
              <FileRef uid="45" />
              <SequencePoints>
                <SequencePoint vc="1" uspid="39573" ordinal="0" offset="25" sl="237" sc="13" el="237" ec="13" bec="0" bev="0" fileid="45" />
                <SequencePoint vc="1" uspid="39574" ordinal="0" offset="26" sl="238" sc="17" el="238" ec="17" bec="0" bev="0" fileid="45" />
                <SequencePoint vc="1" uspid="39575" ordinal="0" offset="63" sl="239" sc="17" el="239" ec="17" bec="0" bev="0" fileid="45" />
                <SequencePoint vc="1" uspid="39576" ordinal="0" offset="80" sl="241" sc="17" el="241" ec="17" bec="0" bev="0" fileid="45" />
                <SequencePoint vc="1" uspid="39577" ordinal="0" offset="112" sl="241" sc="17" el="241" ec="17" bec="0" bev="0" fileid="45" />
                <SequencePoint vc="1" uspid="39578" ordinal="0" offset="142" sl="241" sc="17" el="241" ec="17" bec="0" bev="0" fileid="45" />
                <SequencePoint vc="1" uspid="39579" ordinal="0" offset="178" sl="242" sc="17" el="242" ec="17" bec="0" bev="0" fileid="45" />
                <SequencePoint vc="1" uspid="39580" ordinal="0" offset="230" sl="242" sc="17" el="242" ec="17" bec="0" bev="0" fileid="45" />
                <SequencePoint vc="1" uspid="39581" ordinal="0" offset="261" sl="242" sc="17" el="242" ec="17" bec="0" bev="0" fileid="45" />
                <SequencePoint vc="1" uspid="39582" ordinal="0" offset="298" sl="244" sc="17" el="244" ec="17" bec="0" bev="0" fileid="45" />
                <SequencePoint vc="0" uspid="39583" ordinal="0" offset="365" sl="245" sc="13" el="245" ec="13" bec="0" bev="0" fileid="45" />
              </SequencePoints>
              <BranchPoints />
            </Method>
          </Methods>
        </Class>
        <Class>
          <Summary numSequencePoints="3" visitedSequencePoints="0" numBranchPoints="0" visitedBranchPoints="0" sequenceCoverage="0.0" branchCoverage="0.0" maxCyclomaticComplexity="0" minCyclomaticComplexity="0" maxCrapScore="0" minCrapScore="0" visitedClasses="0" numClasses="1" visitedMethods="0" numMethods="1" />
          <FullName>ODDGames.UITest.Tests.TestFindHelper&lt;TestFind&gt;d__2[T]</FullName>
          <Methods>
            <Method visited="false" cyclomaticComplexity="0" nPathComplexity="0" sequenceCoverage="0.0" branchCoverage="0" crapScore="0" isConstructor="false" isStatic="false" isGetter="false" isSetter="false">
              <Summary numSequencePoints="3" visitedSequencePoints="0" numBranchPoints="0" visitedBranchPoints="0" sequenceCoverage="0.0" branchCoverage="0" maxCyclomaticComplexity="0" minCyclomaticComplexity="0" maxCrapScore="0" minCrapScore="0" visitedClasses="0" numClasses="0" visitedMethods="0" numMethods="1" />
              <MetadataToken>100665205</MetadataToken>
              <Name>System.Void ODDGames.UITest.Tests.TestFindHelper&lt;TestFind&gt;d__2[T]::MoveNext()</Name>
              <FileRef uid="50" />
              <SequencePoints>
                <SequencePoint vc="0" uspid="42065" ordinal="0" offset="14" sl="3023" sc="0" el="3023" ec="0" bec="0" bev="0" fileid="50" />
                <SequencePoint vc="0" uspid="42066" ordinal="0" offset="15" sl="3024" sc="0" el="3024" ec="0" bec="0" bev="0" fileid="50" />
                <SequencePoint vc="0" uspid="42067" ordinal="0" offset="174" sl="3025" sc="0" el="3025" ec="0" bec="0" bev="0" fileid="50" />
              </SequencePoints>
              <BranchPoints />
            </Method>
          </Methods>
        </Class>
        <Class>
          <Summary numSequencePoints="4" visitedSequencePoints="0" numBranchPoints="0" visitedBranchPoints="0" sequenceCoverage="0.0" branchCoverage="0.0" maxCyclomaticComplexity="0" minCyclomaticComplexity="0" maxCrapScore="0" minCrapScore="0" visitedClasses="0" numClasses="1" visitedMethods="0" numMethods="1" />
          <FullName>ODDGames.UITest.Tests.TestFindAllHelper&lt;TestFindAll&gt;d__2[T]</FullName>
          <Methods>
            <Method visited="false" cyclomaticComplexity="0" nPathComplexity="0" sequenceCoverage="0.0" branchCoverage="0" crapScore="0" isConstructor="false" isStatic="false" isGetter="false" isSetter="false">
              <Summary numSequencePoints="4" visitedSequencePoints="0" numBranchPoints="0" visitedBranchPoints="0" sequenceCoverage="0.0" branchCoverage="0" maxCyclomaticComplexity="0" minCyclomaticComplexity="0" maxCrapScore="0" minCrapScore="0" visitedClasses="0" numClasses="0" visitedMethods="0" numMethods="1" />
              <MetadataToken>100665208</MetadataToken>
              <Name>System.Void ODDGames.UITest.Tests.TestFindAllHelper&lt;TestFindAll&gt;d__2[T]::MoveNext()</Name>
              <FileRef uid="50" />
              <SequencePoints>
                <SequencePoint vc="0" uspid="42068" ordinal="0" offset="14" sl="3034" sc="0" el="3034" ec="0" bec="0" bev="0" fileid="50" />
                <SequencePoint vc="0" uspid="42069" ordinal="0" offset="15" sl="3035" sc="0" el="3035" ec="0" bec="0" bev="0" fileid="50" />
                <SequencePoint vc="0" uspid="42070" ordinal="0" offset="155" sl="3036" sc="0" el="3036" ec="0" bec="0" bev="0" fileid="50" />
                <SequencePoint vc="0" uspid="42071" ordinal="0" offset="202" sl="3037" sc="0" el="3037" ec="0" bec="0" bev="0" fileid="50" />
              </SequencePoints>
              <BranchPoints />
            </Method>
          </Methods>
        </Class>
      </Classes>
    </Module>
    <Module>
      <Summary numSequencePoints="22" visitedSequencePoints="4" numBranchPoints="0" visitedBranchPoints="0" sequenceCoverage="18.18" branchCoverage="0.0" maxCyclomaticComplexity="0" minCyclomaticComplexity="0" maxCrapScore="0" minCrapScore="0" visitedClasses="1" numClasses="1" visitedMethods="1" numMethods="1" />
      <ModuleTime>0001-01-01T00:00:00</ModuleTime>
      <ModuleName>ODDGames.UITest.VisualBuilder.Editor</ModuleName>
      <Files>
        <File uid="58" fullPath="C:/Workspaces/tool_ui_automation/package/UITest/VisualBuilder/Editor/AIAssistant.cs" />
        <File uid="59" fullPath="C:/Workspaces/tool_ui_automation/package/UITest/VisualBuilder/Editor/TestBuilder.cs" />
        <File uid="60" fullPath="C:/Workspaces/tool_ui_automation/package/UITest/VisualBuilder/Editor/TextInputPopup.cs" />
        <File uid="61" fullPath="C:/Workspaces/tool_ui_automation/package/UITest/VisualBuilder/Editor/VisualTestInspector.cs" />
      </Files>
      <Classes>
        <Class>
          <Summary numSequencePoints="22" visitedSequencePoints="4" numBranchPoints="0" visitedBranchPoints="0" sequenceCoverage="18.18" branchCoverage="0.0" maxCyclomaticComplexity="0" minCyclomaticComplexity="0" maxCrapScore="0" minCrapScore="0" visitedClasses="1" numClasses="1" visitedMethods="1" numMethods="1" />
          <FullName>ODDGames.UITest.VisualBuilder.Editor.TestBuilder</FullName>
          <Methods>
            <Method visited="true" cyclomaticComplexity="0" nPathComplexity="0" sequenceCoverage="18.18" branchCoverage="0" crapScore="0" isConstructor="false" isStatic="false" isGetter="false" isSetter="false">
              <Summary numSequencePoints="22" visitedSequencePoints="4" numBranchPoints="0" visitedBranchPoints="0" sequenceCoverage="18.18" branchCoverage="0" maxCyclomaticComplexity="0" minCyclomaticComplexity="0" maxCrapScore="0" minCrapScore="0" visitedClasses="0" numClasses="0" visitedMethods="1" numMethods="1" />
              <MetadataToken>100663371</MetadataToken>
              <Name>System.Void ODDGames.UITest.VisualBuilder.Editor.TestBuilder::OnSceneGUI(UnityEditor.SceneView)</Name>
              <FileRef uid="59" />
              <SequencePoints>
                <SequencePoint vc="94" uspid="45749" ordinal="0" offset="0" sl="1660" sc="9" el="1660" ec="9" bec="0" bev="0" fileid="59" />
                <SequencePoint vc="94" uspid="45750" ordinal="0" offset="1" sl="1662" sc="13" el="1662" ec="13" bec="0" bev="0" fileid="59" />
                <SequencePoint vc="94" uspid="45751" ordinal="0" offset="25" sl="1662" sc="59" el="1662" ec="59" bec="0" bev="0" fileid="59" />
                <SequencePoint vc="0" uspid="45752" ordinal="0" offset="30" sl="1663" sc="13" el="1663" ec="13" bec="0" bev="0" fileid="59" />
                <SequencePoint vc="0" uspid="45753" ordinal="0" offset="42" sl="1663" sc="47" el="1663" ec="47" bec="0" bev="0" fileid="59" />
                <SequencePoint vc="0" uspid="45754" ordinal="0" offset="43" sl="1663" sc="49" el="1663" ec="49" bec="0" bev="0" fileid="59" />
                <SequencePoint vc="0" uspid="45755" ordinal="0" offset="50" sl="1663" sc="66" el="1663" ec="66" bec="0" bev="0" fileid="59" />
                <SequencePoint vc="0" uspid="45756" ordinal="0" offset="55" sl="1666" sc="13" el="1666" ec="13" bec="0" bev="0" fileid="59" />
                <SequencePoint vc="0" uspid="45757" ordinal="0" offset="107" sl="1669" sc="13" el="1669" ec="13" bec="0" bev="0" fileid="59" />
                <SequencePoint vc="0" uspid="45758" ordinal="0" offset="143" sl="1670" sc="13" el="1670" ec="13" bec="0" bev="0" fileid="59" />
                <SequencePoint vc="0" uspid="45759" ordinal="0" offset="144" sl="1671" sc="17" el="1671" ec="17" bec="0" bev="0" fileid="59" />
                <SequencePoint vc="0" uspid="45760" ordinal="0" offset="151" sl="1672" sc="17" el="1672" ec="17" bec="0" bev="0" fileid="59" />
                <SequencePoint vc="0" uspid="45761" ordinal="0" offset="162" sl="1673" sc="17" el="1673" ec="17" bec="0" bev="0" fileid="59" />
                <SequencePoint vc="0" uspid="45762" ordinal="0" offset="169" sl="1674" sc="17" el="1674" ec="17" bec="0" bev="0" fileid="59" />
                <SequencePoint vc="0" uspid="45763" ordinal="0" offset="174" sl="1678" sc="13" el="1678" ec="13" bec="0" bev="0" fileid="59" />
                <SequencePoint vc="0" uspid="45764" ordinal="0" offset="180" sl="1679" sc="13" el="1679" ec="13" bec="0" bev="0" fileid="59" />
                <SequencePoint vc="0" uspid="45765" ordinal="0" offset="221" sl="1685" sc="13" el="1685" ec="13" bec="0" bev="0" fileid="59" />
                <SequencePoint vc="0" uspid="45766" ordinal="0" offset="238" sl="1686" sc="13" el="1686" ec="13" bec="0" bev="0" fileid="59" />
                <SequencePoint vc="0" uspid="45767" ordinal="0" offset="259" sl="1687" sc="13" el="1687" ec="13" bec="0" bev="0" fileid="59" />
                <SequencePoint vc="0" uspid="45768" ordinal="0" offset="292" sl="1688" sc="13" el="1688" ec="13" bec="0" bev="0" fileid="59" />
                <SequencePoint vc="0" uspid="45769" ordinal="0" offset="298" sl="1690" sc="13" el="1690" ec="13" bec="0" bev="0" fileid="59" />
                <SequencePoint vc="94" uspid="45770" ordinal="0" offset="305" sl="1691" sc="9" el="1691" ec="9" bec="0" bev="0" fileid="59" />
              </SequencePoints>
              <BranchPoints />
            </Method>
          </Methods>
        </Class>
      </Classes>
    </Module>
  </Modules>
</CoverageSession>